[INFO ] 2021-07-03 16:27:30.063 [main] Log - Reading element from JSON file: detailBtn
[INFO ] 2021-07-03 16:27:30.078 [main] Log - Clicking element: detailBtn
[INFO ] 2021-07-03 16:27:30.136 [main] Log - Reading element from JSON file: proceedBtn
[INFO ] 2021-07-03 16:27:30.137 [main] Log - Clicking element: proceedBtn
[INFO ] 2021-07-03 16:27:30.930 [main] Log - Reading element from JSON file: exactURL
[INFO ] 2021-07-03 16:27:30.931 [main] Log - Clicking element: exactURL
[INFO ] 2021-07-03 16:27:33.046 [main] Log - Reading element from JSON file: userName
[INFO ] 2021-07-03 16:27:33.116 [main] Log - Reading element from JSON file: password
[INFO ] 2021-07-03 16:27:33.179 [main] Log - Reading element from JSON file: detailBtn
[INFO ] 2021-07-03 16:27:33.180 [main] Log - Clicking element: detailBtn
[ERROR] 2021-07-03 16:27:43.242 [main] Log - Failed to find or click element: detailBtn
[INFO ] 2021-07-03 16:27:43.242 [main] Log - Reading element from JSON file: login
[INFO ] 2021-07-03 16:27:43.243 [main] Log - Clicking element: login
[INFO ] 2021-07-03 16:27:48.389 [main] Log - Reading element from JSON file: Notification
[INFO ] 2021-07-03 16:27:48.390 [main] Log - Clicking element: Notification
[ERROR] 2021-07-03 16:27:49.486 [main] Log - Failed to find or click element: Notification
[INFO ] 2021-07-03 16:27:49.486 [main] Log - Reading element from JSON file: hamburgerProfile
[INFO ] 2021-07-03 16:27:49.487 [main] Log - Clicking element: hamburgerProfile
[ERROR] 2021-07-03 16:27:50.585 [main] Log - Failed to find or click element: hamburgerProfile
[INFO ] 2021-07-03 16:27:50.586 [main] Log - Reading element from JSON file: rules
[INFO ] 2021-07-03 16:27:50.586 [main] Log - Clicking element: rules
[ERROR] 2021-07-03 16:28:00.639 [main] Log - Failed to find or click element: rules
[INFO ] 2021-07-03 16:29:36.328 [main] Log - Reading element from JSON file: detailBtn
[INFO ] 2021-07-03 16:29:36.337 [main] Log - Clicking element: detailBtn
[INFO ] 2021-07-03 16:29:36.385 [main] Log - Reading element from JSON file: proceedBtn
[INFO ] 2021-07-03 16:29:36.386 [main] Log - Clicking element: proceedBtn
[INFO ] 2021-07-03 16:29:37.157 [main] Log - Reading element from JSON file: exactURL
[INFO ] 2021-07-03 16:29:37.159 [main] Log - Clicking element: exactURL
[INFO ] 2021-07-03 16:29:38.633 [main] Log - Reading element from JSON file: userName
[INFO ] 2021-07-03 16:29:38.694 [main] Log - Reading element from JSON file: password
[INFO ] 2021-07-03 16:29:38.751 [main] Log - Reading element from JSON file: detailBtn
[INFO ] 2021-07-03 16:29:38.752 [main] Log - Clicking element: detailBtn
[ERROR] 2021-07-03 16:29:48.819 [main] Log - Failed to find or click element: detailBtn
[INFO ] 2021-07-03 16:29:48.819 [main] Log - Reading element from JSON file: login
[INFO ] 2021-07-03 16:29:48.819 [main] Log - Clicking element: login
[INFO ] 2021-07-03 16:29:54.151 [main] Log - Reading element from JSON file: Notification
[INFO ] 2021-07-03 16:29:54.151 [main] Log - Clicking element: Notification
[ERROR] 2021-07-03 16:29:55.260 [main] Log - Failed to find or click element: Notification
[INFO ] 2021-07-03 16:29:55.261 [main] Log - Reading element from JSON file: hamburgerProfile
[INFO ] 2021-07-03 16:29:55.262 [main] Log - Clicking element: hamburgerProfile
[ERROR] 2021-07-03 16:29:56.354 [main] Log - Failed to find or click element: hamburgerProfile
[INFO ] 2021-07-03 16:29:56.354 [main] Log - Reading element from JSON file: rules
[INFO ] 2021-07-03 16:29:56.354 [main] Log - Clicking element: rules
[ERROR] 2021-07-03 16:30:06.402 [main] Log - Failed to find or click element: rules
[INFO ] 2021-07-03 16:31:01.770 [main] Log - Reading element from JSON file: detailBtn
[INFO ] 2021-07-03 16:31:01.778 [main] Log - Clicking element: detailBtn
[INFO ] 2021-07-03 16:31:01.829 [main] Log - Reading element from JSON file: proceedBtn
[INFO ] 2021-07-03 16:31:01.830 [main] Log - Clicking element: proceedBtn
[INFO ] 2021-07-03 16:31:02.558 [main] Log - Reading element from JSON file: exactURL
[INFO ] 2021-07-03 16:31:02.559 [main] Log - Clicking element: exactURL
[INFO ] 2021-07-03 16:31:05.522 [main] Log - Reading element from JSON file: userName
[INFO ] 2021-07-03 16:31:05.587 [main] Log - Reading element from JSON file: password
[INFO ] 2021-07-03 16:31:05.651 [main] Log - Reading element from JSON file: detailBtn
[INFO ] 2021-07-03 16:31:05.652 [main] Log - Clicking element: detailBtn
[ERROR] 2021-07-03 16:31:15.704 [main] Log - Failed to find or click element: detailBtn
[INFO ] 2021-07-03 16:31:15.704 [main] Log - Reading element from JSON file: login
[INFO ] 2021-07-03 16:31:15.705 [main] Log - Clicking element: login
[INFO ] 2021-07-03 16:31:21.785 [main] Log - Reading element from JSON file: hamburgerProfile
[INFO ] 2021-07-03 16:31:21.786 [main] Log - Clicking element: hamburgerProfile
[INFO ] 2021-07-03 16:31:21.838 [main] Log - Reading element from JSON file: rules
[INFO ] 2021-07-03 16:31:21.839 [main] Log - Clicking element: rules
[INFO ] 2021-07-03 16:35:31.283 [main] Log - Reading element from JSON file: detailBtn
[INFO ] 2021-07-03 16:35:31.292 [main] Log - Clicking element: detailBtn
[INFO ] 2021-07-03 16:35:31.343 [main] Log - Reading element from JSON file: proceedBtn
[INFO ] 2021-07-03 16:35:31.344 [main] Log - Clicking element: proceedBtn
[INFO ] 2021-07-03 16:35:32.123 [main] Log - Reading element from JSON file: exactURL
[INFO ] 2021-07-03 16:35:32.124 [main] Log - Clicking element: exactURL
[INFO ] 2021-07-03 16:35:33.550 [main] Log - Reading element from JSON file: userName
[INFO ] 2021-07-03 16:35:33.635 [main] Log - Reading element from JSON file: password
[INFO ] 2021-07-03 16:35:33.700 [main] Log - Reading element from JSON file: detailBtn
[INFO ] 2021-07-03 16:35:33.700 [main] Log - Clicking element: detailBtn
[ERROR] 2021-07-03 16:35:43.723 [main] Log - Failed to find or click element: detailBtn
[INFO ] 2021-07-03 16:35:43.723 [main] Log - Reading element from JSON file: login
[INFO ] 2021-07-03 16:35:43.724 [main] Log - Clicking element: login
[INFO ] 2021-07-03 16:35:48.885 [main] Log - Reading element from JSON file: hamburgerProfile
[INFO ] 2021-07-03 16:35:48.885 [main] Log - Clicking element: hamburgerProfile
[INFO ] 2021-07-03 16:35:48.941 [main] Log - Reading element from JSON file: rules
[INFO ] 2021-07-03 16:35:48.942 [main] Log - Clicking element: rules
[INFO ] 2021-07-03 16:35:50.551 [main] Log - Reading element from JSON file: androidPlus
[INFO ] 2021-07-03 16:35:50.551 [main] Log - Clicking element: androidPlus
[ERROR] 2021-07-03 16:36:00.620 [main] Log - Failed to find or click element: androidPlus
[INFO ] 2021-07-03 16:38:53.933 [main] Log - Reading element from JSON file: detailBtn
[INFO ] 2021-07-03 16:38:53.941 [main] Log - Clicking element: detailBtn
[INFO ] 2021-07-03 16:38:53.987 [main] Log - Reading element from JSON file: proceedBtn
[INFO ] 2021-07-03 16:38:53.988 [main] Log - Clicking element: proceedBtn
[INFO ] 2021-07-03 16:38:54.715 [main] Log - Reading element from JSON file: exactURL
[INFO ] 2021-07-03 16:38:54.716 [main] Log - Clicking element: exactURL
[INFO ] 2021-07-03 16:38:58.228 [main] Log - Reading element from JSON file: userName
[INFO ] 2021-07-03 16:38:58.302 [main] Log - Reading element from JSON file: password
[INFO ] 2021-07-03 16:38:58.371 [main] Log - Reading element from JSON file: detailBtn
[INFO ] 2021-07-03 16:38:58.372 [main] Log - Clicking element: detailBtn
[ERROR] 2021-07-03 16:39:08.403 [main] Log - Failed to find or click element: detailBtn
[INFO ] 2021-07-03 16:39:08.403 [main] Log - Reading element from JSON file: login
[INFO ] 2021-07-03 16:39:08.404 [main] Log - Clicking element: login
[INFO ] 2021-07-03 16:39:13.357 [main] Log - Reading element from JSON file: hamburgerProfile
[INFO ] 2021-07-03 16:39:13.358 [main] Log - Clicking element: hamburgerProfile
[INFO ] 2021-07-03 16:39:13.406 [main] Log - Reading element from JSON file: rules
[INFO ] 2021-07-03 16:39:13.407 [main] Log - Clicking element: rules
[INFO ] 2021-07-03 16:45:34.802 [main] Log - Reading element from JSON file: detailBtn
[INFO ] 2021-07-03 16:45:34.811 [main] Log - Clicking element: detailBtn
[INFO ] 2021-07-03 16:45:34.869 [main] Log - Reading element from JSON file: proceedBtn
[INFO ] 2021-07-03 16:45:34.870 [main] Log - Clicking element: proceedBtn
[INFO ] 2021-07-03 16:45:35.657 [main] Log - Reading element from JSON file: exactURL
[INFO ] 2021-07-03 16:45:35.658 [main] Log - Clicking element: exactURL
[INFO ] 2021-07-03 16:45:37.884 [main] Log - Reading element from JSON file: userName
[INFO ] 2021-07-03 16:45:37.955 [main] Log - Reading element from JSON file: password
[INFO ] 2021-07-03 16:45:38.014 [main] Log - Reading element from JSON file: detailBtn
[INFO ] 2021-07-03 16:45:38.015 [main] Log - Clicking element: detailBtn
[ERROR] 2021-07-03 16:45:48.051 [main] Log - Failed to find or click element: detailBtn
[INFO ] 2021-07-03 16:45:48.051 [main] Log - Reading element from JSON file: login
[INFO ] 2021-07-03 16:45:48.052 [main] Log - Clicking element: login
[INFO ] 2021-07-03 16:45:53.288 [main] Log - Reading element from JSON file: hamburgerProfile
[INFO ] 2021-07-03 16:45:53.288 [main] Log - Clicking element: hamburgerProfile
[INFO ] 2021-07-03 16:45:53.336 [main] Log - Reading element from JSON file: rules
[INFO ] 2021-07-03 16:45:53.337 [main] Log - Clicking element: rules
[INFO ] 2021-07-03 16:45:55.019 [main] Log - Reading element from JSON file: androidPlus
[INFO ] 2021-07-03 16:45:55.019 [main] Log - Clicking element: androidPlus
[ERROR] 2021-07-03 16:46:05.036 [main] Log - Failed to find or click element: androidPlus
[INFO ] 2021-07-03 16:50:58.174 [main] Log - Reading element from JSON file: detailBtn
[INFO ] 2021-07-03 16:50:58.181 [main] Log - Clicking element: detailBtn
[INFO ] 2021-07-03 16:50:58.227 [main] Log - Reading element from JSON file: proceedBtn
[INFO ] 2021-07-03 16:50:58.228 [main] Log - Clicking element: proceedBtn
[INFO ] 2021-07-03 16:50:59.001 [main] Log - Reading element from JSON file: exactURL
[INFO ] 2021-07-03 16:50:59.001 [main] Log - Clicking element: exactURL
[INFO ] 2021-07-03 16:51:00.822 [main] Log - Reading element from JSON file: userName
[INFO ] 2021-07-03 16:51:01.434 [main] Log - Reading element from JSON file: password
[INFO ] 2021-07-03 16:51:01.501 [main] Log - Reading element from JSON file: detailBtn
[INFO ] 2021-07-03 16:51:01.501 [main] Log - Clicking element: detailBtn
[ERROR] 2021-07-03 16:51:11.553 [main] Log - Failed to find or click element: detailBtn
[INFO ] 2021-07-03 16:51:11.553 [main] Log - Reading element from JSON file: login
[INFO ] 2021-07-03 16:51:11.553 [main] Log - Clicking element: login
[INFO ] 2021-07-03 16:51:16.542 [main] Log - Reading element from JSON file: hamburgerProfile
[INFO ] 2021-07-03 16:51:16.543 [main] Log - Clicking element: hamburgerProfile
[INFO ] 2021-07-03 16:51:16.594 [main] Log - Reading element from JSON file: rules
[INFO ] 2021-07-03 16:51:16.595 [main] Log - Clicking element: rules
[INFO ] 2021-07-03 16:51:18.156 [main] Log - Reading element from JSON file: androidPlus
[INFO ] 2021-07-03 16:51:18.157 [main] Log - Clicking element: androidPlus
[ERROR] 2021-07-03 16:51:28.205 [main] Log - Failed to find or click element: androidPlus
[INFO ] 2021-07-03 16:52:14.398 [main] Log - Reading element from JSON file: detailBtn
[INFO ] 2021-07-03 16:52:14.407 [main] Log - Clicking element: detailBtn
[INFO ] 2021-07-03 16:52:14.457 [main] Log - Reading element from JSON file: proceedBtn
[INFO ] 2021-07-03 16:52:14.458 [main] Log - Clicking element: proceedBtn
[INFO ] 2021-07-03 16:52:15.187 [main] Log - Reading element from JSON file: exactURL
[INFO ] 2021-07-03 16:52:15.188 [main] Log - Clicking element: exactURL
[INFO ] 2021-07-03 16:52:17.246 [main] Log - Reading element from JSON file: userName
[INFO ] 2021-07-03 16:52:17.988 [main] Log - Reading element from JSON file: password
[INFO ] 2021-07-03 16:52:18.044 [main] Log - Reading element from JSON file: detailBtn
[INFO ] 2021-07-03 16:52:18.045 [main] Log - Clicking element: detailBtn
[ERROR] 2021-07-03 16:52:28.071 [main] Log - Failed to find or click element: detailBtn
[INFO ] 2021-07-03 16:52:28.072 [main] Log - Reading element from JSON file: login
[INFO ] 2021-07-03 16:52:28.072 [main] Log - Clicking element: login
[INFO ] 2021-07-03 16:52:33.801 [main] Log - Reading element from JSON file: hamburgerProfile
[INFO ] 2021-07-03 16:52:33.802 [main] Log - Clicking element: hamburgerProfile
[INFO ] 2021-07-03 16:52:33.850 [main] Log - Reading element from JSON file: rules
[INFO ] 2021-07-03 16:52:33.851 [main] Log - Clicking element: rules
[INFO ] 2021-07-03 17:05:11.848 [main] Log - Reading element from JSON file: detailBtn
[INFO ] 2021-07-03 17:05:11.860 [main] Log - Clicking element: detailBtn
[INFO ] 2021-07-03 17:05:11.918 [main] Log - Reading element from JSON file: proceedBtn
[INFO ] 2021-07-03 17:05:11.920 [main] Log - Clicking element: proceedBtn
[INFO ] 2021-07-03 17:05:12.677 [main] Log - Reading element from JSON file: exactURL
[INFO ] 2021-07-03 17:05:12.678 [main] Log - Clicking element: exactURL
[INFO ] 2021-07-03 17:05:16.707 [main] Log - Reading element from JSON file: userName
[INFO ] 2021-07-03 17:05:17.391 [main] Log - Reading element from JSON file: password
[INFO ] 2021-07-03 17:05:17.453 [main] Log - Reading element from JSON file: detailBtn
[INFO ] 2021-07-03 17:05:17.454 [main] Log - Clicking element: detailBtn
[ERROR] 2021-07-03 17:05:27.489 [main] Log - Failed to find or click element: detailBtn
[INFO ] 2021-07-03 17:05:27.489 [main] Log - Reading element from JSON file: login
[INFO ] 2021-07-03 17:05:27.490 [main] Log - Clicking element: login
[INFO ] 2021-07-03 17:05:32.858 [main] Log - Reading element from JSON file: hamburgerProfile
[INFO ] 2021-07-03 17:05:32.859 [main] Log - Clicking element: hamburgerProfile
[INFO ] 2021-07-03 17:05:32.912 [main] Log - Reading element from JSON file: rules
[INFO ] 2021-07-03 17:05:32.913 [main] Log - Clicking element: rules
[INFO ] 2021-07-03 17:05:34.264 [main] Log - Reading element from JSON file: androidPlus
[INFO ] 2021-07-03 17:05:34.266 [main] Log - Clicking element: androidPlus
[ERROR] 2021-07-03 17:05:44.304 [main] Log - Failed to find or click element: androidPlus
[INFO ] 2021-07-03 17:05:49.312 [main] Log - Reading element from JSON file: addDevice
[INFO ] 2021-07-03 17:11:33.408 [main] Log - Reading element from JSON file: detailBtn
[INFO ] 2021-07-03 17:11:33.416 [main] Log - Clicking element: detailBtn
[INFO ] 2021-07-03 17:11:33.463 [main] Log - Reading element from JSON file: proceedBtn
[INFO ] 2021-07-03 17:11:33.464 [main] Log - Clicking element: proceedBtn
[INFO ] 2021-07-03 17:11:34.253 [main] Log - Reading element from JSON file: exactURL
[INFO ] 2021-07-03 17:11:34.254 [main] Log - Clicking element: exactURL
[INFO ] 2021-07-03 17:11:36.016 [main] Log - Reading element from JSON file: userName
[INFO ] 2021-07-03 17:11:36.084 [main] Log - Reading element from JSON file: password
[INFO ] 2021-07-03 17:11:36.145 [main] Log - Reading element from JSON file: detailBtn
[INFO ] 2021-07-03 17:11:36.146 [main] Log - Clicking element: detailBtn
[ERROR] 2021-07-03 17:11:46.183 [main] Log - Failed to find or click element: detailBtn
[INFO ] 2021-07-03 17:11:46.183 [main] Log - Reading element from JSON file: login
[INFO ] 2021-07-03 17:11:46.184 [main] Log - Clicking element: login
[INFO ] 2021-07-03 17:11:51.077 [main] Log - Reading element from JSON file: hamburgerProfile
[INFO ] 2021-07-03 17:11:51.078 [main] Log - Clicking element: hamburgerProfile
[INFO ] 2021-07-03 17:11:51.130 [main] Log - Reading element from JSON file: rules
[INFO ] 2021-07-03 17:11:51.131 [main] Log - Clicking element: rules
[INFO ] 2021-07-03 17:11:52.474 [main] Log - Reading element from JSON file: androidPlus
[INFO ] 2021-07-03 17:11:52.475 [main] Log - Clicking element: androidPlus
[ERROR] 2021-07-03 17:12:02.526 [main] Log - Failed to find or click element: androidPlus
[INFO ] 2021-07-03 17:13:55.023 [main] Log - Reading element from JSON file: detailBtn
[INFO ] 2021-07-03 17:13:55.033 [main] Log - Clicking element: detailBtn
[INFO ] 2021-07-03 17:13:55.082 [main] Log - Reading element from JSON file: proceedBtn
[INFO ] 2021-07-03 17:13:55.083 [main] Log - Clicking element: proceedBtn
[INFO ] 2021-07-03 17:13:55.850 [main] Log - Reading element from JSON file: exactURL
[INFO ] 2021-07-03 17:13:55.852 [main] Log - Clicking element: exactURL
[INFO ] 2021-07-03 17:13:58.040 [main] Log - Reading element from JSON file: userName
[INFO ] 2021-07-03 17:13:58.112 [main] Log - Reading element from JSON file: password
[INFO ] 2021-07-03 17:13:58.180 [main] Log - Reading element from JSON file: detailBtn
[INFO ] 2021-07-03 17:13:58.182 [main] Log - Clicking element: detailBtn
[ERROR] 2021-07-03 17:14:08.236 [main] Log - Failed to find or click element: detailBtn
[INFO ] 2021-07-03 17:14:08.236 [main] Log - Reading element from JSON file: login
[INFO ] 2021-07-03 17:14:08.237 [main] Log - Clicking element: login
[INFO ] 2021-07-03 17:14:13.387 [main] Log - Reading element from JSON file: hamburgerProfile
[INFO ] 2021-07-03 17:14:13.388 [main] Log - Clicking element: hamburgerProfile
[INFO ] 2021-07-03 17:14:13.436 [main] Log - Reading element from JSON file: rules
[INFO ] 2021-07-03 17:14:13.437 [main] Log - Clicking element: rules
[INFO ] 2021-07-03 17:14:20.685 [main] Log - Reading element from JSON file: createAddDevice
[INFO ] 2021-07-03 17:17:51.768 [main] Log - Reading element from JSON file: detailBtn
[INFO ] 2021-07-03 17:17:51.777 [main] Log - Clicking element: detailBtn
[INFO ] 2021-07-03 17:17:51.837 [main] Log - Reading element from JSON file: proceedBtn
[INFO ] 2021-07-03 17:17:51.837 [main] Log - Clicking element: proceedBtn
[INFO ] 2021-07-03 17:17:52.746 [main] Log - Reading element from JSON file: exactURL
[INFO ] 2021-07-03 17:17:52.747 [main] Log - Clicking element: exactURL
[INFO ] 2021-07-03 17:17:55.161 [main] Log - Reading element from JSON file: userName
[INFO ] 2021-07-03 17:17:55.235 [main] Log - Reading element from JSON file: password
[INFO ] 2021-07-03 17:17:55.299 [main] Log - Reading element from JSON file: detailBtn
[INFO ] 2021-07-03 17:17:55.300 [main] Log - Clicking element: detailBtn
[ERROR] 2021-07-03 17:18:05.374 [main] Log - Failed to find or click element: detailBtn
[INFO ] 2021-07-03 17:18:05.375 [main] Log - Reading element from JSON file: login
[INFO ] 2021-07-03 17:18:05.375 [main] Log - Clicking element: login
[INFO ] 2021-07-03 17:18:10.499 [main] Log - Reading element from JSON file: hamburgerProfile
[INFO ] 2021-07-03 17:18:10.500 [main] Log - Clicking element: hamburgerProfile
[INFO ] 2021-07-03 17:18:10.550 [main] Log - Reading element from JSON file: rules
[INFO ] 2021-07-03 17:18:10.551 [main] Log - Clicking element: rules
[INFO ] 2021-07-03 17:18:17.583 [main] Log - Reading element from JSON file: createAddDevice
[INFO ] 2021-07-03 17:25:47.181 [main] Log - Reading element from JSON file: detailBtn
[INFO ] 2021-07-03 17:25:47.189 [main] Log - Clicking element: detailBtn
[INFO ] 2021-07-03 17:25:47.235 [main] Log - Reading element from JSON file: proceedBtn
[INFO ] 2021-07-03 17:25:47.236 [main] Log - Clicking element: proceedBtn
[INFO ] 2021-07-03 17:25:48.020 [main] Log - Reading element from JSON file: exactURL
[INFO ] 2021-07-03 17:25:48.021 [main] Log - Clicking element: exactURL
[INFO ] 2021-07-03 17:25:49.824 [main] Log - Reading element from JSON file: userName
[INFO ] 2021-07-03 17:25:49.898 [main] Log - Reading element from JSON file: password
[INFO ] 2021-07-03 17:25:49.961 [main] Log - Reading element from JSON file: detailBtn
[INFO ] 2021-07-03 17:25:49.962 [main] Log - Clicking element: detailBtn
[ERROR] 2021-07-03 17:25:59.991 [main] Log - Failed to find or click element: detailBtn
[INFO ] 2021-07-03 17:25:59.992 [main] Log - Reading element from JSON file: login
[INFO ] 2021-07-03 17:25:59.992 [main] Log - Clicking element: login
[INFO ] 2021-07-03 17:26:05.351 [main] Log - Reading element from JSON file: hamburgerProfile
[INFO ] 2021-07-03 17:26:05.353 [main] Log - Clicking element: hamburgerProfile
[INFO ] 2021-07-03 17:26:05.402 [main] Log - Reading element from JSON file: rules
[INFO ] 2021-07-03 17:26:05.403 [main] Log - Clicking element: rules
[INFO ] 2021-07-03 17:26:17.764 [main] Log - Reading element from JSON file: entercleanName
[INFO ] 2021-07-03 17:26:17.768 [main] Log - Clicking element: entercleanName
[INFO ] 2021-07-03 17:29:26.028 [main] Log - Reading element from JSON file: detailBtn
[INFO ] 2021-07-03 17:29:26.036 [main] Log - Clicking element: detailBtn
[INFO ] 2021-07-03 17:29:26.083 [main] Log - Reading element from JSON file: proceedBtn
[INFO ] 2021-07-03 17:29:26.083 [main] Log - Clicking element: proceedBtn
[INFO ] 2021-07-03 17:29:26.867 [main] Log - Reading element from JSON file: exactURL
[INFO ] 2021-07-03 17:29:26.868 [main] Log - Clicking element: exactURL
[INFO ] 2021-07-03 17:29:29.490 [main] Log - Reading element from JSON file: userName
[INFO ] 2021-07-03 17:29:29.554 [main] Log - Reading element from JSON file: password
[INFO ] 2021-07-03 17:29:29.616 [main] Log - Reading element from JSON file: detailBtn
[INFO ] 2021-07-03 17:29:29.616 [main] Log - Clicking element: detailBtn
[ERROR] 2021-07-03 17:29:39.696 [main] Log - Failed to find or click element: detailBtn
[INFO ] 2021-07-03 17:29:39.696 [main] Log - Reading element from JSON file: login
[INFO ] 2021-07-03 17:29:39.697 [main] Log - Clicking element: login
[INFO ] 2021-07-03 17:29:44.506 [main] Log - Reading element from JSON file: hamburgerProfile
[INFO ] 2021-07-03 17:29:44.506 [main] Log - Clicking element: hamburgerProfile
[INFO ] 2021-07-03 17:29:44.556 [main] Log - Reading element from JSON file: rules
[INFO ] 2021-07-03 17:29:44.557 [main] Log - Clicking element: rules
[INFO ] 2021-07-03 17:29:56.627 [main] Log - Reading element from JSON file: entercleanName
[INFO ] 2021-07-03 17:29:56.629 [main] Log - Clicking element: entercleanName
[INFO ] 2021-07-03 17:29:56.707 [main] Log - Reading element from JSON file: entercleanName
[INFO ] 2021-07-03 23:14:03.677 [main] Log - Reading element from JSON file: detailBtn
[INFO ] 2021-07-03 23:14:03.706 [main] Log - Clicking element: detailBtn
[INFO ] 2021-07-03 23:14:03.758 [main] Log - Reading element from JSON file: proceedBtn
[INFO ] 2021-07-03 23:14:03.759 [main] Log - Clicking element: proceedBtn
[INFO ] 2021-07-03 23:14:04.537 [main] Log - Reading element from JSON file: exactURL
[INFO ] 2021-07-03 23:14:04.538 [main] Log - Clicking element: exactURL
[INFO ] 2021-07-03 23:14:11.411 [main] Log - Reading element from JSON file: userName
[INFO ] 2021-07-03 23:14:11.478 [main] Log - Reading element from JSON file: password
[INFO ] 2021-07-03 23:14:11.536 [main] Log - Reading element from JSON file: detailBtn
[INFO ] 2021-07-03 23:14:11.537 [main] Log - Clicking element: detailBtn
[ERROR] 2021-07-03 23:14:21.571 [main] Log - Failed to find or click element: detailBtn
[INFO ] 2021-07-03 23:14:21.572 [main] Log - Reading element from JSON file: login
[INFO ] 2021-07-03 23:14:21.572 [main] Log - Clicking element: login
[INFO ] 2021-07-03 23:14:27.856 [main] Log - Reading element from JSON file: hamburgerProfile
[INFO ] 2021-07-03 23:14:27.857 [main] Log - Clicking element: hamburgerProfile
[INFO ] 2021-07-03 23:14:27.917 [main] Log - Reading element from JSON file: rules
[INFO ] 2021-07-03 23:14:27.918 [main] Log - Clicking element: rules
[INFO ] 2021-07-03 23:14:40.356 [main] Log - Reading element from JSON file: entercleanName
