[INFO ] 2021-07-05 08:43:30.313 [main] Log - Reading element from JSON file: detailBtn
[INFO ] 2021-07-05 08:43:30.329 [main] Log - Clicking element: detailBtn
[INFO ] 2021-07-05 08:43:30.390 [main] Log - Reading element from JSON file: proceedBtn
[INFO ] 2021-07-05 08:43:30.391 [main] Log - Clicking element: proceedBtn
[INFO ] 2021-07-05 08:43:31.611 [main] Log - Reading element from JSON file: exactURL
[INFO ] 2021-07-05 08:43:31.612 [main] Log - Clicking element: exactURL
[INFO ] 2021-07-05 08:43:36.451 [main] Log - Reading element from JSON file: userName
[INFO ] 2021-07-05 08:43:37.172 [main] Log - Reading element from JSON file: password
[INFO ] 2021-07-05 08:43:37.235 [main] Log - Reading element from JSON file: detailBtn
[INFO ] 2021-07-05 08:43:37.237 [main] Log - Clicking element: detailBtn
[ERROR] 2021-07-05 08:43:47.254 [main] Log - Failed to find or click element: detailBtn
[INFO ] 2021-07-05 08:43:47.255 [main] Log - Reading element from JSON file: login
[INFO ] 2021-07-05 08:43:47.255 [main] Log - Clicking element: login
[INFO ] 2021-07-05 08:43:52.779 [main] Log - Reading element from JSON file: hamburgerProfile
[INFO ] 2021-07-05 08:43:52.781 [main] Log - Clicking element: hamburgerProfile
[INFO ] 2021-07-05 08:43:52.841 [main] Log - Reading element from JSON file: rules
[INFO ] 2021-07-05 08:43:52.842 [main] Log - Clicking element: rules
[INFO ] 2021-07-05 08:44:05.835 [main] Log - Reading element from JSON file: entercleanName
[INFO ] 2021-07-05 08:45:29.415 [main] Log - Reading element from JSON file: detailBtn
[INFO ] 2021-07-05 08:45:29.423 [main] Log - Clicking element: detailBtn
[INFO ] 2021-07-05 08:45:29.476 [main] Log - Reading element from JSON file: proceedBtn
[INFO ] 2021-07-05 08:45:29.477 [main] Log - Clicking element: proceedBtn
[INFO ] 2021-07-05 08:45:30.378 [main] Log - Reading element from JSON file: exactURL
[INFO ] 2021-07-05 08:45:30.378 [main] Log - Clicking element: exactURL
[INFO ] 2021-07-05 08:45:33.039 [main] Log - Reading element from JSON file: userName
[INFO ] 2021-07-05 08:45:33.123 [main] Log - Reading element from JSON file: password
[INFO ] 2021-07-05 08:45:33.192 [main] Log - Reading element from JSON file: detailBtn
[INFO ] 2021-07-05 08:45:33.193 [main] Log - Clicking element: detailBtn
[ERROR] 2021-07-05 08:45:43.221 [main] Log - Failed to find or click element: detailBtn
[INFO ] 2021-07-05 08:45:43.221 [main] Log - Reading element from JSON file: login
[INFO ] 2021-07-05 08:45:43.222 [main] Log - Clicking element: login
[INFO ] 2021-07-05 08:45:48.526 [main] Log - Reading element from JSON file: hamburgerProfile
[INFO ] 2021-07-05 08:45:48.527 [main] Log - Clicking element: hamburgerProfile
[INFO ] 2021-07-05 08:45:48.574 [main] Log - Reading element from JSON file: rules
[INFO ] 2021-07-05 08:45:48.575 [main] Log - Clicking element: rules
[INFO ] 2021-07-05 08:46:01.058 [main] Log - Reading element from JSON file: entercleanName
[INFO ] 2021-07-05 08:50:43.512 [main] Log - Reading element from JSON file: detailBtn
[INFO ] 2021-07-05 08:50:43.523 [main] Log - Clicking element: detailBtn
[INFO ] 2021-07-05 08:50:43.569 [main] Log - Reading element from JSON file: proceedBtn
[INFO ] 2021-07-05 08:50:43.570 [main] Log - Clicking element: proceedBtn
[INFO ] 2021-07-05 08:50:44.372 [main] Log - Reading element from JSON file: exactURL
[INFO ] 2021-07-05 08:50:44.375 [main] Log - Clicking element: exactURL
[INFO ] 2021-07-05 08:50:45.212 [main] Log - Reading element from JSON file: userName
[INFO ] 2021-07-05 08:50:45.843 [main] Log - Reading element from JSON file: password
[INFO ] 2021-07-05 08:50:45.904 [main] Log - Reading element from JSON file: detailBtn
[INFO ] 2021-07-05 08:50:45.905 [main] Log - Clicking element: detailBtn
[ERROR] 2021-07-05 08:50:55.930 [main] Log - Failed to find or click element: detailBtn
[INFO ] 2021-07-05 08:50:55.930 [main] Log - Reading element from JSON file: login
[INFO ] 2021-07-05 08:50:55.931 [main] Log - Clicking element: login
[INFO ] 2021-07-05 08:51:00.908 [main] Log - Reading element from JSON file: hamburgerProfile
[INFO ] 2021-07-05 08:51:00.909 [main] Log - Clicking element: hamburgerProfile
[INFO ] 2021-07-05 08:51:00.957 [main] Log - Reading element from JSON file: rules
[INFO ] 2021-07-05 08:51:00.958 [main] Log - Clicking element: rules
[INFO ] 2021-07-05 08:51:13.086 [main] Log - Reading element from JSON file: entercleanName
[INFO ] 2021-07-05 08:52:52.109 [main] Log - Reading element from JSON file: detailBtn
[INFO ] 2021-07-05 08:52:52.125 [main] Log - Clicking element: detailBtn
[INFO ] 2021-07-05 08:52:52.190 [main] Log - Reading element from JSON file: proceedBtn
[INFO ] 2021-07-05 08:52:52.191 [main] Log - Clicking element: proceedBtn
[INFO ] 2021-07-05 08:52:53.104 [main] Log - Reading element from JSON file: exactURL
[INFO ] 2021-07-05 08:52:53.105 [main] Log - Clicking element: exactURL
[INFO ] 2021-07-05 08:52:55.537 [main] Log - Reading element from JSON file: userName
[INFO ] 2021-07-05 08:52:55.635 [main] Log - Reading element from JSON file: password
[INFO ] 2021-07-05 08:52:55.698 [main] Log - Reading element from JSON file: detailBtn
[INFO ] 2021-07-05 08:52:55.699 [main] Log - Clicking element: detailBtn
[ERROR] 2021-07-05 08:53:05.740 [main] Log - Failed to find or click element: detailBtn
[INFO ] 2021-07-05 08:53:05.740 [main] Log - Reading element from JSON file: login
[INFO ] 2021-07-05 08:53:05.741 [main] Log - Clicking element: login
[INFO ] 2021-07-05 08:53:10.881 [main] Log - Reading element from JSON file: hamburgerProfile
[INFO ] 2021-07-05 08:53:10.882 [main] Log - Clicking element: hamburgerProfile
[INFO ] 2021-07-05 08:53:10.938 [main] Log - Reading element from JSON file: rules
[INFO ] 2021-07-05 08:53:10.939 [main] Log - Clicking element: rules
[INFO ] 2021-07-05 08:53:23.221 [main] Log - Reading element from JSON file: entercleanName
[INFO ] 2021-07-05 08:54:07.620 [main] Log - Reading element from JSON file: detailBtn
[INFO ] 2021-07-05 08:54:07.629 [main] Log - Clicking element: detailBtn
[INFO ] 2021-07-05 08:54:07.675 [main] Log - Reading element from JSON file: proceedBtn
[INFO ] 2021-07-05 08:54:07.676 [main] Log - Clicking element: proceedBtn
[INFO ] 2021-07-05 08:54:08.517 [main] Log - Reading element from JSON file: exactURL
[INFO ] 2021-07-05 08:54:08.518 [main] Log - Clicking element: exactURL
[INFO ] 2021-07-05 08:54:09.942 [main] Log - Reading element from JSON file: userName
[INFO ] 2021-07-05 08:54:10.019 [main] Log - Reading element from JSON file: password
[INFO ] 2021-07-05 08:54:10.089 [main] Log - Reading element from JSON file: detailBtn
[INFO ] 2021-07-05 08:54:10.090 [main] Log - Clicking element: detailBtn
[ERROR] 2021-07-05 08:54:20.114 [main] Log - Failed to find or click element: detailBtn
[INFO ] 2021-07-05 08:54:20.115 [main] Log - Reading element from JSON file: login
[INFO ] 2021-07-05 08:54:20.115 [main] Log - Clicking element: login
[INFO ] 2021-07-05 08:54:25.268 [main] Log - Reading element from JSON file: hamburgerProfile
[INFO ] 2021-07-05 08:54:25.269 [main] Log - Clicking element: hamburgerProfile
[INFO ] 2021-07-05 08:54:25.316 [main] Log - Reading element from JSON file: rules
[INFO ] 2021-07-05 08:54:25.317 [main] Log - Clicking element: rules
[INFO ] 2021-07-05 08:54:37.414 [main] Log - Reading element from JSON file: entercleanName
[INFO ] 2021-07-05 08:56:23.287 [main] Log - Reading element from JSON file: detailBtn
[INFO ] 2021-07-05 08:56:23.297 [main] Log - Clicking element: detailBtn
[INFO ] 2021-07-05 08:56:23.348 [main] Log - Reading element from JSON file: proceedBtn
[INFO ] 2021-07-05 08:56:23.349 [main] Log - Clicking element: proceedBtn
[INFO ] 2021-07-05 08:56:24.091 [main] Log - Reading element from JSON file: exactURL
[INFO ] 2021-07-05 08:56:24.091 [main] Log - Clicking element: exactURL
[INFO ] 2021-07-05 08:56:27.938 [main] Log - Reading element from JSON file: userName
[INFO ] 2021-07-05 08:56:28.005 [main] Log - Reading element from JSON file: password
[INFO ] 2021-07-05 08:56:28.071 [main] Log - Reading element from JSON file: detailBtn
[INFO ] 2021-07-05 08:56:28.072 [main] Log - Clicking element: detailBtn
[ERROR] 2021-07-05 08:56:38.104 [main] Log - Failed to find or click element: detailBtn
[INFO ] 2021-07-05 08:56:38.104 [main] Log - Reading element from JSON file: login
[INFO ] 2021-07-05 08:56:38.104 [main] Log - Clicking element: login
[INFO ] 2021-07-05 08:56:43.192 [main] Log - Reading element from JSON file: hamburgerProfile
[INFO ] 2021-07-05 08:56:43.192 [main] Log - Clicking element: hamburgerProfile
[INFO ] 2021-07-05 08:56:43.241 [main] Log - Reading element from JSON file: rules
[INFO ] 2021-07-05 08:56:43.242 [main] Log - Clicking element: rules
[INFO ] 2021-07-05 08:56:55.295 [main] Log - Reading element from JSON file: entercleanName
[INFO ] 2021-07-05 08:59:13.488 [main] Log - Reading element from JSON file: detailBtn
[INFO ] 2021-07-05 08:59:13.500 [main] Log - Clicking element: detailBtn
[INFO ] 2021-07-05 08:59:13.554 [main] Log - Reading element from JSON file: proceedBtn
[INFO ] 2021-07-05 08:59:13.555 [main] Log - Clicking element: proceedBtn
[INFO ] 2021-07-05 08:59:14.323 [main] Log - Reading element from JSON file: exactURL
[INFO ] 2021-07-05 08:59:14.323 [main] Log - Clicking element: exactURL
[INFO ] 2021-07-05 08:59:17.414 [main] Log - Reading element from JSON file: userName
[INFO ] 2021-07-05 08:59:17.480 [main] Log - Reading element from JSON file: password
[INFO ] 2021-07-05 08:59:17.542 [main] Log - Reading element from JSON file: detailBtn
[INFO ] 2021-07-05 08:59:17.542 [main] Log - Clicking element: detailBtn
[ERROR] 2021-07-05 08:59:27.606 [main] Log - Failed to find or click element: detailBtn
[INFO ] 2021-07-05 08:59:27.606 [main] Log - Reading element from JSON file: login
[INFO ] 2021-07-05 08:59:27.607 [main] Log - Clicking element: login
[INFO ] 2021-07-05 08:59:32.462 [main] Log - Reading element from JSON file: hamburgerProfile
[INFO ] 2021-07-05 08:59:32.463 [main] Log - Clicking element: hamburgerProfile
[INFO ] 2021-07-05 08:59:32.517 [main] Log - Reading element from JSON file: rules
[INFO ] 2021-07-05 08:59:32.518 [main] Log - Clicking element: rules
[INFO ] 2021-07-05 08:59:44.540 [main] Log - Reading element from JSON file: entercleanName
[INFO ] 2021-07-05 09:02:19.864 [main] Log - Reading element from JSON file: detailBtn
[INFO ] 2021-07-05 09:02:19.874 [main] Log - Clicking element: detailBtn
[INFO ] 2021-07-05 09:02:19.921 [main] Log - Reading element from JSON file: proceedBtn
[INFO ] 2021-07-05 09:02:19.923 [main] Log - Clicking element: proceedBtn
[INFO ] 2021-07-05 09:02:20.734 [main] Log - Reading element from JSON file: exactURL
[INFO ] 2021-07-05 09:02:20.735 [main] Log - Clicking element: exactURL
[INFO ] 2021-07-05 09:02:24.389 [main] Log - Reading element from JSON file: userName
[INFO ] 2021-07-05 09:02:24.448 [main] Log - Reading element from JSON file: password
[INFO ] 2021-07-05 09:02:24.507 [main] Log - Reading element from JSON file: detailBtn
[INFO ] 2021-07-05 09:02:24.508 [main] Log - Clicking element: detailBtn
[ERROR] 2021-07-05 09:02:34.588 [main] Log - Failed to find or click element: detailBtn
[INFO ] 2021-07-05 09:02:34.588 [main] Log - Reading element from JSON file: login
[INFO ] 2021-07-05 09:02:34.592 [main] Log - Clicking element: login
[INFO ] 2021-07-05 09:02:39.899 [main] Log - Reading element from JSON file: hamburgerProfile
[INFO ] 2021-07-05 09:02:39.900 [main] Log - Clicking element: hamburgerProfile
[INFO ] 2021-07-05 09:02:39.963 [main] Log - Reading element from JSON file: rules
[INFO ] 2021-07-05 09:02:39.965 [main] Log - Clicking element: rules
[INFO ] 2021-07-05 09:02:58.505 [main] Log - Reading element from JSON file: entercleanName
[INFO ] 2021-07-05 09:06:06.714 [main] Log - Reading element from JSON file: detailBtn
[INFO ] 2021-07-05 09:06:06.723 [main] Log - Clicking element: detailBtn
[INFO ] 2021-07-05 09:06:06.769 [main] Log - Reading element from JSON file: proceedBtn
[INFO ] 2021-07-05 09:06:06.770 [main] Log - Clicking element: proceedBtn
[INFO ] 2021-07-05 09:06:07.861 [main] Log - Reading element from JSON file: exactURL
[INFO ] 2021-07-05 09:06:07.862 [main] Log - Clicking element: exactURL
[INFO ] 2021-07-05 09:06:11.600 [main] Log - Reading element from JSON file: userName
[INFO ] 2021-07-05 09:06:11.682 [main] Log - Reading element from JSON file: password
[INFO ] 2021-07-05 09:06:11.746 [main] Log - Reading element from JSON file: detailBtn
[INFO ] 2021-07-05 09:06:11.747 [main] Log - Clicking element: detailBtn
[ERROR] 2021-07-05 09:06:21.834 [main] Log - Failed to find or click element: detailBtn
[INFO ] 2021-07-05 09:06:21.835 [main] Log - Reading element from JSON file: login
[INFO ] 2021-07-05 09:06:21.837 [main] Log - Clicking element: login
[INFO ] 2021-07-05 09:06:26.700 [main] Log - Reading element from JSON file: hamburgerProfile
[INFO ] 2021-07-05 09:06:26.701 [main] Log - Clicking element: hamburgerProfile
[INFO ] 2021-07-05 09:06:26.757 [main] Log - Reading element from JSON file: rules
[INFO ] 2021-07-05 09:06:26.757 [main] Log - Clicking element: rules
[INFO ] 2021-07-05 09:07:48.238 [main] Log - Reading element from JSON file: detailBtn
[INFO ] 2021-07-05 09:07:48.246 [main] Log - Clicking element: detailBtn
[INFO ] 2021-07-05 09:07:48.295 [main] Log - Reading element from JSON file: proceedBtn
[INFO ] 2021-07-05 09:07:48.296 [main] Log - Clicking element: proceedBtn
[INFO ] 2021-07-05 09:07:49.039 [main] Log - Reading element from JSON file: exactURL
[INFO ] 2021-07-05 09:07:49.040 [main] Log - Clicking element: exactURL
[INFO ] 2021-07-05 09:07:52.762 [main] Log - Reading element from JSON file: userName
[INFO ] 2021-07-05 09:07:52.831 [main] Log - Reading element from JSON file: password
[INFO ] 2021-07-05 09:07:52.890 [main] Log - Reading element from JSON file: detailBtn
[INFO ] 2021-07-05 09:07:52.891 [main] Log - Clicking element: detailBtn
[ERROR] 2021-07-05 09:08:02.934 [main] Log - Failed to find or click element: detailBtn
[INFO ] 2021-07-05 09:08:02.934 [main] Log - Reading element from JSON file: login
[INFO ] 2021-07-05 09:08:02.935 [main] Log - Clicking element: login
[INFO ] 2021-07-05 09:08:08.046 [main] Log - Reading element from JSON file: hamburgerProfile
[INFO ] 2021-07-05 09:08:08.048 [main] Log - Clicking element: hamburgerProfile
[INFO ] 2021-07-05 09:08:08.098 [main] Log - Reading element from JSON file: rules
[INFO ] 2021-07-05 09:08:08.099 [main] Log - Clicking element: rules
[INFO ] 2021-07-05 09:08:20.417 [main] Log - Reading element from JSON file: Next1
[INFO ] 2021-07-05 09:14:52.135 [main] Log - Reading element from JSON file: detailBtn
[INFO ] 2021-07-05 09:14:52.147 [main] Log - Clicking element: detailBtn
[INFO ] 2021-07-05 09:14:52.205 [main] Log - Reading element from JSON file: proceedBtn
[INFO ] 2021-07-05 09:14:52.206 [main] Log - Clicking element: proceedBtn
[INFO ] 2021-07-05 09:14:53.005 [main] Log - Reading element from JSON file: exactURL
[INFO ] 2021-07-05 09:14:53.005 [main] Log - Clicking element: exactURL
[INFO ] 2021-07-05 09:14:54.437 [main] Log - Reading element from JSON file: userName
[INFO ] 2021-07-05 09:14:54.506 [main] Log - Reading element from JSON file: password
[INFO ] 2021-07-05 09:14:54.569 [main] Log - Reading element from JSON file: detailBtn
[INFO ] 2021-07-05 09:14:54.569 [main] Log - Clicking element: detailBtn
[ERROR] 2021-07-05 09:15:04.621 [main] Log - Failed to find or click element: detailBtn
[INFO ] 2021-07-05 09:15:04.621 [main] Log - Reading element from JSON file: login
[INFO ] 2021-07-05 09:15:04.622 [main] Log - Clicking element: login
[INFO ] 2021-07-05 09:15:09.787 [main] Log - Reading element from JSON file: hamburgerProfile
[INFO ] 2021-07-05 09:15:09.788 [main] Log - Clicking element: hamburgerProfile
[INFO ] 2021-07-05 09:15:09.837 [main] Log - Reading element from JSON file: rules
[INFO ] 2021-07-05 09:15:09.838 [main] Log - Clicking element: rules
[INFO ] 2021-07-05 09:15:55.674 [main] Log - Reading element from JSON file: detailBtn
[INFO ] 2021-07-05 09:15:55.682 [main] Log - Clicking element: detailBtn
[INFO ] 2021-07-05 09:15:55.729 [main] Log - Reading element from JSON file: proceedBtn
[INFO ] 2021-07-05 09:15:55.731 [main] Log - Clicking element: proceedBtn
[INFO ] 2021-07-05 09:15:56.520 [main] Log - Reading element from JSON file: exactURL
[INFO ] 2021-07-05 09:15:56.521 [main] Log - Clicking element: exactURL
[INFO ] 2021-07-05 09:15:58.812 [main] Log - Reading element from JSON file: userName
[INFO ] 2021-07-05 09:15:59.445 [main] Log - Reading element from JSON file: password
[INFO ] 2021-07-05 09:15:59.511 [main] Log - Reading element from JSON file: detailBtn
[INFO ] 2021-07-05 09:15:59.511 [main] Log - Clicking element: detailBtn
[ERROR] 2021-07-05 09:16:09.539 [main] Log - Failed to find or click element: detailBtn
[INFO ] 2021-07-05 09:16:09.539 [main] Log - Reading element from JSON file: login
[INFO ] 2021-07-05 09:16:09.540 [main] Log - Clicking element: login
[INFO ] 2021-07-05 09:16:14.463 [main] Log - Reading element from JSON file: hamburgerProfile
[INFO ] 2021-07-05 09:16:14.464 [main] Log - Clicking element: hamburgerProfile
[INFO ] 2021-07-05 09:16:14.515 [main] Log - Reading element from JSON file: rules
[INFO ] 2021-07-05 09:16:14.516 [main] Log - Clicking element: rules
[INFO ] 2021-07-05 09:42:38.787 [main] Log - Reading element from JSON file: detailBtn
[INFO ] 2021-07-05 09:42:38.798 [main] Log - Clicking element: detailBtn
[INFO ] 2021-07-05 09:42:38.854 [main] Log - Reading element from JSON file: proceedBtn
[INFO ] 2021-07-05 09:42:38.855 [main] Log - Clicking element: proceedBtn
[INFO ] 2021-07-05 09:42:39.631 [main] Log - Reading element from JSON file: exactURL
[INFO ] 2021-07-05 09:42:39.632 [main] Log - Clicking element: exactURL
[INFO ] 2021-07-05 09:42:42.566 [main] Log - Reading element from JSON file: userName
[INFO ] 2021-07-05 09:42:42.638 [main] Log - Reading element from JSON file: password
[INFO ] 2021-07-05 09:42:42.699 [main] Log - Reading element from JSON file: detailBtn
[INFO ] 2021-07-05 09:42:42.699 [main] Log - Clicking element: detailBtn
[ERROR] 2021-07-05 09:42:52.771 [main] Log - Failed to find or click element: detailBtn
[INFO ] 2021-07-05 09:42:52.772 [main] Log - Reading element from JSON file: login
[INFO ] 2021-07-05 09:42:52.772 [main] Log - Clicking element: login
[INFO ] 2021-07-05 09:42:57.973 [main] Log - Reading element from JSON file: hamburgerProfile
[INFO ] 2021-07-05 09:42:57.974 [main] Log - Clicking element: hamburgerProfile
[INFO ] 2021-07-05 09:42:58.023 [main] Log - Reading element from JSON file: rules
[INFO ] 2021-07-05 09:42:58.023 [main] Log - Clicking element: rules
[INFO ] 2021-07-05 09:53:36.540 [main] Log - Reading element from JSON file: detailBtn
[INFO ] 2021-07-05 09:53:36.549 [main] Log - Clicking element: detailBtn
[INFO ] 2021-07-05 09:53:36.612 [main] Log - Reading element from JSON file: proceedBtn
[INFO ] 2021-07-05 09:53:36.613 [main] Log - Clicking element: proceedBtn
[INFO ] 2021-07-05 09:53:37.783 [main] Log - Reading element from JSON file: exactURL
[INFO ] 2021-07-05 09:53:37.784 [main] Log - Clicking element: exactURL
[INFO ] 2021-07-05 09:53:39.535 [main] Log - Reading element from JSON file: userName
[INFO ] 2021-07-05 09:53:39.617 [main] Log - Reading element from JSON file: password
[INFO ] 2021-07-05 09:53:39.685 [main] Log - Reading element from JSON file: detailBtn
[INFO ] 2021-07-05 09:53:39.688 [main] Log - Clicking element: detailBtn
[ERROR] 2021-07-05 09:53:49.719 [main] Log - Failed to find or click element: detailBtn
[INFO ] 2021-07-05 09:53:49.720 [main] Log - Reading element from JSON file: login
[INFO ] 2021-07-05 09:53:49.721 [main] Log - Clicking element: login
[INFO ] 2021-07-05 09:53:55.536 [main] Log - Reading element from JSON file: hamburgerProfile
[INFO ] 2021-07-05 09:53:55.537 [main] Log - Clicking element: hamburgerProfile
[INFO ] 2021-07-05 09:53:55.594 [main] Log - Reading element from JSON file: rules
[INFO ] 2021-07-05 09:53:55.595 [main] Log - Clicking element: rules
[INFO ] 2021-07-05 09:54:35.592 [main] Log - Reading element from JSON file: detailBtn
[INFO ] 2021-07-05 09:54:35.601 [main] Log - Clicking element: detailBtn
[INFO ] 2021-07-05 09:54:35.653 [main] Log - Reading element from JSON file: proceedBtn
[INFO ] 2021-07-05 09:54:35.654 [main] Log - Clicking element: proceedBtn
[INFO ] 2021-07-05 09:54:36.512 [main] Log - Reading element from JSON file: exactURL
[INFO ] 2021-07-05 09:54:36.513 [main] Log - Clicking element: exactURL
[INFO ] 2021-07-05 09:54:38.078 [main] Log - Reading element from JSON file: userName
[INFO ] 2021-07-05 09:54:38.144 [main] Log - Reading element from JSON file: password
[INFO ] 2021-07-05 09:54:38.201 [main] Log - Reading element from JSON file: detailBtn
[INFO ] 2021-07-05 09:54:38.202 [main] Log - Clicking element: detailBtn
[ERROR] 2021-07-05 09:54:48.257 [main] Log - Failed to find or click element: detailBtn
[INFO ] 2021-07-05 09:54:48.258 [main] Log - Reading element from JSON file: login
[INFO ] 2021-07-05 09:54:48.259 [main] Log - Clicking element: login
[INFO ] 2021-07-05 09:54:53.151 [main] Log - Reading element from JSON file: hamburgerProfile
[INFO ] 2021-07-05 09:54:53.152 [main] Log - Clicking element: hamburgerProfile
[INFO ] 2021-07-05 09:54:53.199 [main] Log - Reading element from JSON file: rules
[INFO ] 2021-07-05 09:54:53.200 [main] Log - Clicking element: rules
[INFO ] 2021-07-05 09:59:10.785 [main] Log - Reading element from JSON file: detailBtn
[INFO ] 2021-07-05 09:59:10.794 [main] Log - Clicking element: detailBtn
[INFO ] 2021-07-05 09:59:10.842 [main] Log - Reading element from JSON file: proceedBtn
[INFO ] 2021-07-05 09:59:10.843 [main] Log - Clicking element: proceedBtn
[INFO ] 2021-07-05 09:59:11.765 [main] Log - Reading element from JSON file: exactURL
[INFO ] 2021-07-05 09:59:11.766 [main] Log - Clicking element: exactURL
[INFO ] 2021-07-05 09:59:14.490 [main] Log - Reading element from JSON file: userName
[INFO ] 2021-07-05 09:59:14.567 [main] Log - Reading element from JSON file: password
[INFO ] 2021-07-05 09:59:14.628 [main] Log - Reading element from JSON file: detailBtn
[INFO ] 2021-07-05 09:59:14.629 [main] Log - Clicking element: detailBtn
[ERROR] 2021-07-05 09:59:24.659 [main] Log - Failed to find or click element: detailBtn
[INFO ] 2021-07-05 09:59:24.660 [main] Log - Reading element from JSON file: login
[INFO ] 2021-07-05 09:59:24.662 [main] Log - Clicking element: login
[INFO ] 2021-07-05 09:59:29.615 [main] Log - Reading element from JSON file: hamburgerProfile
[INFO ] 2021-07-05 09:59:29.615 [main] Log - Clicking element: hamburgerProfile
[INFO ] 2021-07-05 09:59:29.664 [main] Log - Reading element from JSON file: rules
[INFO ] 2021-07-05 09:59:29.665 [main] Log - Clicking element: rules
[INFO ] 2021-07-05 10:03:09.802 [main] Log - Reading element from JSON file: detailBtn
[INFO ] 2021-07-05 10:03:09.817 [main] Log - Clicking element: detailBtn
[INFO ] 2021-07-05 10:03:09.887 [main] Log - Reading element from JSON file: proceedBtn
[INFO ] 2021-07-05 10:03:09.888 [main] Log - Clicking element: proceedBtn
[INFO ] 2021-07-05 10:03:10.797 [main] Log - Reading element from JSON file: exactURL
[INFO ] 2021-07-05 10:03:10.798 [main] Log - Clicking element: exactURL
[INFO ] 2021-07-05 10:03:14.501 [main] Log - Reading element from JSON file: userName
[INFO ] 2021-07-05 10:03:14.572 [main] Log - Reading element from JSON file: password
[INFO ] 2021-07-05 10:03:14.634 [main] Log - Reading element from JSON file: detailBtn
[INFO ] 2021-07-05 10:03:14.634 [main] Log - Clicking element: detailBtn
[ERROR] 2021-07-05 10:03:24.688 [main] Log - Failed to find or click element: detailBtn
[INFO ] 2021-07-05 10:03:24.688 [main] Log - Reading element from JSON file: login
[INFO ] 2021-07-05 10:03:24.689 [main] Log - Clicking element: login
[INFO ] 2021-07-05 10:03:29.505 [main] Log - Reading element from JSON file: hamburgerProfile
[INFO ] 2021-07-05 10:03:29.506 [main] Log - Clicking element: hamburgerProfile
[INFO ] 2021-07-05 10:03:29.553 [main] Log - Reading element from JSON file: rules
[INFO ] 2021-07-05 10:03:29.553 [main] Log - Clicking element: rules
[INFO ] 2021-07-05 10:04:00.648 [main] Log - Reading element from JSON file: detailBtn
[INFO ] 2021-07-05 10:04:00.656 [main] Log - Clicking element: detailBtn
[INFO ] 2021-07-05 10:04:00.705 [main] Log - Reading element from JSON file: proceedBtn
[INFO ] 2021-07-05 10:04:00.706 [main] Log - Clicking element: proceedBtn
[INFO ] 2021-07-05 10:04:01.440 [main] Log - Reading element from JSON file: exactURL
[INFO ] 2021-07-05 10:04:01.441 [main] Log - Clicking element: exactURL
[INFO ] 2021-07-05 10:04:03.698 [main] Log - Reading element from JSON file: userName
[INFO ] 2021-07-05 10:04:03.774 [main] Log - Reading element from JSON file: password
[INFO ] 2021-07-05 10:04:03.835 [main] Log - Reading element from JSON file: detailBtn
[INFO ] 2021-07-05 10:04:03.836 [main] Log - Clicking element: detailBtn
[ERROR] 2021-07-05 10:04:13.854 [main] Log - Failed to find or click element: detailBtn
[INFO ] 2021-07-05 10:04:13.854 [main] Log - Reading element from JSON file: login
[INFO ] 2021-07-05 10:04:13.855 [main] Log - Clicking element: login
[INFO ] 2021-07-05 10:04:17.973 [main] Log - Reading element from JSON file: hamburgerProfile
[INFO ] 2021-07-05 10:04:17.974 [main] Log - Clicking element: hamburgerProfile
[INFO ] 2021-07-05 10:04:18.021 [main] Log - Reading element from JSON file: rules
[INFO ] 2021-07-05 10:04:18.021 [main] Log - Clicking element: rules
[INFO ] 2021-07-05 10:04:30.523 [main] Log - Reading element from JSON file: Folder
[INFO ] 2021-07-05 10:15:14.695 [main] Log - Reading element from JSON file: detailBtn
[INFO ] 2021-07-05 10:15:14.705 [main] Log - Clicking element: detailBtn
[INFO ] 2021-07-05 10:15:14.764 [main] Log - Reading element from JSON file: proceedBtn
[INFO ] 2021-07-05 10:15:14.765 [main] Log - Clicking element: proceedBtn
[INFO ] 2021-07-05 10:15:15.712 [main] Log - Reading element from JSON file: exactURL
[INFO ] 2021-07-05 10:15:15.713 [main] Log - Clicking element: exactURL
[INFO ] 2021-07-05 10:15:18.666 [main] Log - Reading element from JSON file: userName
[INFO ] 2021-07-05 10:15:18.735 [main] Log - Reading element from JSON file: password
[INFO ] 2021-07-05 10:15:18.797 [main] Log - Reading element from JSON file: detailBtn
[INFO ] 2021-07-05 10:15:18.797 [main] Log - Clicking element: detailBtn
[ERROR] 2021-07-05 10:15:28.820 [main] Log - Failed to find or click element: detailBtn
[INFO ] 2021-07-05 10:15:28.820 [main] Log - Reading element from JSON file: login
[INFO ] 2021-07-05 10:15:28.821 [main] Log - Clicking element: login
[INFO ] 2021-07-05 10:15:33.667 [main] Log - Reading element from JSON file: hamburgerProfile
[INFO ] 2021-07-05 10:15:33.668 [main] Log - Clicking element: hamburgerProfile
[INFO ] 2021-07-05 10:15:33.724 [main] Log - Reading element from JSON file: rules
[INFO ] 2021-07-05 10:15:33.725 [main] Log - Clicking element: rules
[INFO ] 2021-07-05 10:20:09.668 [main] Log - Reading element from JSON file: detailBtn
[INFO ] 2021-07-05 10:20:09.679 [main] Log - Clicking element: detailBtn
[INFO ] 2021-07-05 10:20:09.732 [main] Log - Reading element from JSON file: proceedBtn
[INFO ] 2021-07-05 10:20:09.733 [main] Log - Clicking element: proceedBtn
[INFO ] 2021-07-05 10:20:10.506 [main] Log - Reading element from JSON file: exactURL
[INFO ] 2021-07-05 10:20:10.507 [main] Log - Clicking element: exactURL
[INFO ] 2021-07-05 10:20:13.035 [main] Log - Reading element from JSON file: userName
[INFO ] 2021-07-05 10:20:13.106 [main] Log - Reading element from JSON file: password
[INFO ] 2021-07-05 10:20:13.167 [main] Log - Reading element from JSON file: detailBtn
[INFO ] 2021-07-05 10:20:13.168 [main] Log - Clicking element: detailBtn
[ERROR] 2021-07-05 10:20:23.227 [main] Log - Failed to find or click element: detailBtn
[INFO ] 2021-07-05 10:20:23.227 [main] Log - Reading element from JSON file: login
[INFO ] 2021-07-05 10:20:23.228 [main] Log - Clicking element: login
[INFO ] 2021-07-05 10:20:28.198 [main] Log - Reading element from JSON file: hamburgerProfile
[INFO ] 2021-07-05 10:20:28.199 [main] Log - Clicking element: hamburgerProfile
[INFO ] 2021-07-05 10:20:28.247 [main] Log - Reading element from JSON file: rules
[INFO ] 2021-07-05 10:20:28.248 [main] Log - Clicking element: rules
[INFO ] 2021-07-05 10:20:35.295 [main] Log - Reading element from JSON file: addDevice
[INFO ] 2021-07-05 10:22:47.565 [main] Log - Reading element from JSON file: detailBtn
[INFO ] 2021-07-05 10:22:47.574 [main] Log - Clicking element: detailBtn
[INFO ] 2021-07-05 10:22:47.618 [main] Log - Reading element from JSON file: proceedBtn
[INFO ] 2021-07-05 10:22:47.620 [main] Log - Clicking element: proceedBtn
[INFO ] 2021-07-05 10:22:48.383 [main] Log - Reading element from JSON file: exactURL
[INFO ] 2021-07-05 10:22:48.384 [main] Log - Clicking element: exactURL
[INFO ] 2021-07-05 10:22:50.581 [main] Log - Reading element from JSON file: userName
[INFO ] 2021-07-05 10:22:50.652 [main] Log - Reading element from JSON file: password
[INFO ] 2021-07-05 10:22:50.737 [main] Log - Reading element from JSON file: detailBtn
[INFO ] 2021-07-05 10:22:50.738 [main] Log - Clicking element: detailBtn
[ERROR] 2021-07-05 10:23:00.776 [main] Log - Failed to find or click element: detailBtn
[INFO ] 2021-07-05 10:23:00.776 [main] Log - Reading element from JSON file: login
[INFO ] 2021-07-05 10:23:00.777 [main] Log - Clicking element: login
[INFO ] 2021-07-05 10:23:06.114 [main] Log - Reading element from JSON file: hamburgerProfile
[INFO ] 2021-07-05 10:23:06.115 [main] Log - Clicking element: hamburgerProfile
[INFO ] 2021-07-05 10:23:06.162 [main] Log - Reading element from JSON file: rules
[INFO ] 2021-07-05 10:23:06.163 [main] Log - Clicking element: rules
[INFO ] 2021-07-05 10:23:12.684 [main] Log - Reading element from JSON file: addDevice
[INFO ] 2021-07-05 10:28:29.327 [main] Log - Reading element from JSON file: detailBtn
[INFO ] 2021-07-05 10:28:34.623 [main] Log - Clicking element: detailBtn
[INFO ] 2021-07-05 10:28:34.709 [main] Log - Reading element from JSON file: proceedBtn
[INFO ] 2021-07-05 10:28:38.367 [main] Log - Clicking element: proceedBtn
[INFO ] 2021-07-05 10:28:40.804 [main] Log - Reading element from JSON file: exactURL
[INFO ] 2021-07-05 10:28:41.658 [main] Log - Clicking element: exactURL
[INFO ] 2021-07-05 10:28:44.955 [main] Log - Reading element from JSON file: userName
[INFO ] 2021-07-05 10:28:45.972 [main] Log - Reading element from JSON file: password
[INFO ] 2021-07-05 10:28:46.378 [main] Log - Reading element from JSON file: detailBtn
[INFO ] 2021-07-05 10:28:47.075 [main] Log - Clicking element: detailBtn
[ERROR] 2021-07-05 10:29:00.511 [main] Log - Failed to find or click element: detailBtn
[INFO ] 2021-07-05 10:29:02.853 [main] Log - Reading element from JSON file: login
[INFO ] 2021-07-05 10:29:04.419 [main] Log - Clicking element: login
[INFO ] 2021-07-05 10:29:54.219 [main] Log - Reading element from JSON file: hamburgerProfile
[INFO ] 2021-07-05 10:29:56.554 [main] Log - Clicking element: hamburgerProfile
[INFO ] 2021-07-05 10:29:59.179 [main] Log - Reading element from JSON file: rules
[INFO ] 2021-07-05 10:29:59.609 [main] Log - Clicking element: rules
[INFO ] 2021-07-05 10:30:57.839 [main] Log - Reading element from JSON file: addDevice
[INFO ] 2021-07-05 10:32:18.484 [main] Log - Reading element from JSON file: detailBtn
[INFO ] 2021-07-05 10:32:18.493 [main] Log - Clicking element: detailBtn
[INFO ] 2021-07-05 10:32:18.543 [main] Log - Reading element from JSON file: proceedBtn
[INFO ] 2021-07-05 10:32:18.544 [main] Log - Clicking element: proceedBtn
[INFO ] 2021-07-05 10:32:19.386 [main] Log - Reading element from JSON file: exactURL
[INFO ] 2021-07-05 10:32:19.387 [main] Log - Clicking element: exactURL
[INFO ] 2021-07-05 10:32:22.547 [main] Log - Reading element from JSON file: userName
[INFO ] 2021-07-05 10:32:22.612 [main] Log - Reading element from JSON file: password
[INFO ] 2021-07-05 10:32:22.673 [main] Log - Reading element from JSON file: detailBtn
[INFO ] 2021-07-05 10:32:22.674 [main] Log - Clicking element: detailBtn
[ERROR] 2021-07-05 10:32:32.750 [main] Log - Failed to find or click element: detailBtn
[INFO ] 2021-07-05 10:32:32.750 [main] Log - Reading element from JSON file: login
[INFO ] 2021-07-05 10:32:32.756 [main] Log - Clicking element: login
[INFO ] 2021-07-05 10:32:37.565 [main] Log - Reading element from JSON file: hamburgerProfile
[INFO ] 2021-07-05 10:32:37.566 [main] Log - Clicking element: hamburgerProfile
[INFO ] 2021-07-05 10:32:37.616 [main] Log - Reading element from JSON file: rules
[INFO ] 2021-07-05 10:32:37.616 [main] Log - Clicking element: rules
[INFO ] 2021-07-05 10:32:44.121 [main] Log - Reading element from JSON file: addDevice
[INFO ] 2021-07-05 10:44:49.762 [main] Log - Reading element from JSON file: detailBtn
[INFO ] 2021-07-05 10:44:49.771 [main] Log - Clicking element: detailBtn
[INFO ] 2021-07-05 10:44:49.817 [main] Log - Reading element from JSON file: proceedBtn
[INFO ] 2021-07-05 10:44:49.818 [main] Log - Clicking element: proceedBtn
[INFO ] 2021-07-05 10:44:50.645 [main] Log - Reading element from JSON file: exactURL
[INFO ] 2021-07-05 10:44:50.646 [main] Log - Clicking element: exactURL
[INFO ] 2021-07-05 10:44:52.464 [main] Log - Reading element from JSON file: userName
[INFO ] 2021-07-05 10:44:52.540 [main] Log - Reading element from JSON file: password
[INFO ] 2021-07-05 10:44:52.604 [main] Log - Reading element from JSON file: detailBtn
[INFO ] 2021-07-05 10:44:52.605 [main] Log - Clicking element: detailBtn
[ERROR] 2021-07-05 10:45:02.670 [main] Log - Failed to find or click element: detailBtn
[INFO ] 2021-07-05 10:45:02.670 [main] Log - Reading element from JSON file: login
[INFO ] 2021-07-05 10:45:02.671 [main] Log - Clicking element: login
[INFO ] 2021-07-05 10:45:07.880 [main] Log - Reading element from JSON file: hamburgerProfile
[INFO ] 2021-07-05 10:45:07.881 [main] Log - Clicking element: hamburgerProfile
[INFO ] 2021-07-05 10:45:07.928 [main] Log - Reading element from JSON file: rules
[INFO ] 2021-07-05 10:45:07.929 [main] Log - Clicking element: rules
[INFO ] 2021-07-05 10:48:27.761 [main] Log - Reading element from JSON file: detailBtn
[INFO ] 2021-07-05 10:48:27.773 [main] Log - Clicking element: detailBtn
[INFO ] 2021-07-05 10:48:27.834 [main] Log - Reading element from JSON file: proceedBtn
[INFO ] 2021-07-05 10:48:27.835 [main] Log - Clicking element: proceedBtn
[INFO ] 2021-07-05 10:48:28.611 [main] Log - Reading element from JSON file: exactURL
[INFO ] 2021-07-05 10:48:28.612 [main] Log - Clicking element: exactURL
[INFO ] 2021-07-05 10:48:31.044 [main] Log - Reading element from JSON file: userName
[INFO ] 2021-07-05 10:48:31.770 [main] Log - Reading element from JSON file: password
[INFO ] 2021-07-05 10:48:31.836 [main] Log - Reading element from JSON file: detailBtn
[INFO ] 2021-07-05 10:48:31.837 [main] Log - Clicking element: detailBtn
[ERROR] 2021-07-05 10:48:41.881 [main] Log - Failed to find or click element: detailBtn
[INFO ] 2021-07-05 10:48:41.881 [main] Log - Reading element from JSON file: login
[INFO ] 2021-07-05 10:48:41.882 [main] Log - Clicking element: login
[INFO ] 2021-07-05 10:48:46.945 [main] Log - Reading element from JSON file: hamburgerProfile
[INFO ] 2021-07-05 10:48:46.946 [main] Log - Clicking element: hamburgerProfile
[INFO ] 2021-07-05 10:48:46.994 [main] Log - Reading element from JSON file: rules
[INFO ] 2021-07-05 10:48:46.995 [main] Log - Clicking element: rules
[INFO ] 2021-07-05 10:49:38.840 [main] Log - Reading element from JSON file: detailBtn
[INFO ] 2021-07-05 10:49:38.848 [main] Log - Clicking element: detailBtn
[INFO ] 2021-07-05 10:49:38.895 [main] Log - Reading element from JSON file: proceedBtn
[INFO ] 2021-07-05 10:49:38.896 [main] Log - Clicking element: proceedBtn
[INFO ] 2021-07-05 10:49:39.669 [main] Log - Reading element from JSON file: exactURL
[INFO ] 2021-07-05 10:49:39.670 [main] Log - Clicking element: exactURL
[INFO ] 2021-07-05 10:49:41.847 [main] Log - Reading element from JSON file: userName
[INFO ] 2021-07-05 10:49:41.921 [main] Log - Reading element from JSON file: password
[INFO ] 2021-07-05 10:49:41.984 [main] Log - Reading element from JSON file: detailBtn
[INFO ] 2021-07-05 10:49:41.984 [main] Log - Clicking element: detailBtn
[ERROR] 2021-07-05 10:49:52.051 [main] Log - Failed to find or click element: detailBtn
[INFO ] 2021-07-05 10:49:52.051 [main] Log - Reading element from JSON file: login
[INFO ] 2021-07-05 10:49:52.052 [main] Log - Clicking element: login
[INFO ] 2021-07-05 10:49:57.517 [main] Log - Reading element from JSON file: hamburgerProfile
[INFO ] 2021-07-05 10:49:57.518 [main] Log - Clicking element: hamburgerProfile
[INFO ] 2021-07-05 10:49:57.564 [main] Log - Reading element from JSON file: rules
[INFO ] 2021-07-05 10:49:57.565 [main] Log - Clicking element: rules
[INFO ] 2021-07-05 10:52:47.254 [main] Log - Reading element from JSON file: detailBtn
[INFO ] 2021-07-05 10:52:47.265 [main] Log - Clicking element: detailBtn
[INFO ] 2021-07-05 10:52:47.311 [main] Log - Reading element from JSON file: proceedBtn
[INFO ] 2021-07-05 10:52:47.312 [main] Log - Clicking element: proceedBtn
[INFO ] 2021-07-05 10:52:48.050 [main] Log - Reading element from JSON file: exactURL
[INFO ] 2021-07-05 10:52:48.052 [main] Log - Clicking element: exactURL
[INFO ] 2021-07-05 10:52:51.962 [main] Log - Reading element from JSON file: userName
[INFO ] 2021-07-05 10:52:52.024 [main] Log - Reading element from JSON file: password
[INFO ] 2021-07-05 10:52:52.085 [main] Log - Reading element from JSON file: detailBtn
[INFO ] 2021-07-05 10:52:52.085 [main] Log - Clicking element: detailBtn
[ERROR] 2021-07-05 10:53:02.168 [main] Log - Failed to find or click element: detailBtn
[INFO ] 2021-07-05 10:53:02.168 [main] Log - Reading element from JSON file: login
[INFO ] 2021-07-05 10:53:02.170 [main] Log - Clicking element: login
[INFO ] 2021-07-05 10:53:07.038 [main] Log - Reading element from JSON file: hamburgerProfile
[INFO ] 2021-07-05 10:53:07.039 [main] Log - Clicking element: hamburgerProfile
[INFO ] 2021-07-05 10:53:07.087 [main] Log - Reading element from JSON file: rules
[INFO ] 2021-07-05 10:53:07.087 [main] Log - Clicking element: rules
[INFO ] 2021-07-05 10:53:19.330 [main] Log - Reading element from JSON file: Next1
[INFO ] 2021-07-05 10:53:19.332 [main] Log - Clicking element: Next1
[INFO ] 2021-07-05 10:53:36.259 [main] Log - Reading element from JSON file: detailBtn
[INFO ] 2021-07-05 10:53:36.267 [main] Log - Clicking element: detailBtn
[INFO ] 2021-07-05 10:53:36.315 [main] Log - Reading element from JSON file: proceedBtn
[INFO ] 2021-07-05 10:53:36.317 [main] Log - Clicking element: proceedBtn
[INFO ] 2021-07-05 10:53:37.038 [main] Log - Reading element from JSON file: exactURL
[INFO ] 2021-07-05 10:53:37.040 [main] Log - Clicking element: exactURL
[INFO ] 2021-07-05 10:53:38.781 [main] Log - Reading element from JSON file: userName
[INFO ] 2021-07-05 10:53:38.852 [main] Log - Reading element from JSON file: password
[INFO ] 2021-07-05 10:53:38.907 [main] Log - Reading element from JSON file: detailBtn
[INFO ] 2021-07-05 10:53:38.909 [main] Log - Clicking element: detailBtn
[ERROR] 2021-07-05 10:53:48.979 [main] Log - Failed to find or click element: detailBtn
[INFO ] 2021-07-05 10:53:48.979 [main] Log - Reading element from JSON file: login
[INFO ] 2021-07-05 10:53:48.979 [main] Log - Clicking element: login
[INFO ] 2021-07-05 10:53:53.760 [main] Log - Reading element from JSON file: hamburgerProfile
[INFO ] 2021-07-05 10:53:53.760 [main] Log - Clicking element: hamburgerProfile
[INFO ] 2021-07-05 10:53:53.811 [main] Log - Reading element from JSON file: rules
[INFO ] 2021-07-05 10:53:53.812 [main] Log - Clicking element: rules
[INFO ] 2021-07-05 10:54:06.062 [main] Log - Reading element from JSON file: Next1
[INFO ] 2021-07-05 10:54:06.063 [main] Log - Clicking element: Next1
[INFO ] 2021-07-05 11:04:05.298 [main] Log - Reading element from JSON file: detailBtn
[INFO ] 2021-07-05 11:04:05.307 [main] Log - Clicking element: detailBtn
[INFO ] 2021-07-05 11:04:05.360 [main] Log - Reading element from JSON file: proceedBtn
[INFO ] 2021-07-05 11:04:05.361 [main] Log - Clicking element: proceedBtn
[INFO ] 2021-07-05 11:04:06.164 [main] Log - Reading element from JSON file: exactURL
[INFO ] 2021-07-05 11:04:06.165 [main] Log - Clicking element: exactURL
[INFO ] 2021-07-05 11:04:10.891 [main] Log - Reading element from JSON file: userName
[INFO ] 2021-07-05 11:04:10.960 [main] Log - Reading element from JSON file: password
[INFO ] 2021-07-05 11:04:11.016 [main] Log - Reading element from JSON file: detailBtn
[INFO ] 2021-07-05 11:04:11.017 [main] Log - Clicking element: detailBtn
[ERROR] 2021-07-05 11:04:21.069 [main] Log - Failed to find or click element: detailBtn
[INFO ] 2021-07-05 11:04:21.069 [main] Log - Reading element from JSON file: login
[INFO ] 2021-07-05 11:04:21.070 [main] Log - Clicking element: login
[INFO ] 2021-07-05 11:04:26.236 [main] Log - Reading element from JSON file: hamburgerProfile
[INFO ] 2021-07-05 11:04:26.237 [main] Log - Clicking element: hamburgerProfile
[INFO ] 2021-07-05 11:04:26.294 [main] Log - Reading element from JSON file: rules
[INFO ] 2021-07-05 11:04:26.295 [main] Log - Clicking element: rules
[INFO ] 2021-07-05 11:04:38.698 [main] Log - Reading element from JSON file: Next1
[INFO ] 2021-07-05 11:04:38.699 [main] Log - Clicking element: Next1
[INFO ] 2021-07-05 11:04:38.821 [main] Log - Reading element from JSON file: Next2
[INFO ] 2021-07-05 11:04:38.821 [main] Log - Clicking element: Next2
[INFO ] 2021-07-05 11:05:19.033 [main] Log - Reading element from JSON file: detailBtn
[INFO ] 2021-07-05 11:05:19.042 [main] Log - Clicking element: detailBtn
[INFO ] 2021-07-05 11:05:19.092 [main] Log - Reading element from JSON file: proceedBtn
[INFO ] 2021-07-05 11:05:19.093 [main] Log - Clicking element: proceedBtn
[INFO ] 2021-07-05 11:05:20.064 [main] Log - Reading element from JSON file: exactURL
[INFO ] 2021-07-05 11:05:20.065 [main] Log - Clicking element: exactURL
[INFO ] 2021-07-05 11:05:21.398 [main] Log - Reading element from JSON file: userName
[INFO ] 2021-07-05 11:05:21.468 [main] Log - Reading element from JSON file: password
[INFO ] 2021-07-05 11:05:21.525 [main] Log - Reading element from JSON file: detailBtn
[INFO ] 2021-07-05 11:05:21.526 [main] Log - Clicking element: detailBtn
[ERROR] 2021-07-05 11:05:31.538 [main] Log - Failed to find or click element: detailBtn
[INFO ] 2021-07-05 11:05:31.538 [main] Log - Reading element from JSON file: login
[INFO ] 2021-07-05 11:05:31.539 [main] Log - Clicking element: login
[INFO ] 2021-07-05 11:05:37.028 [main] Log - Reading element from JSON file: hamburgerProfile
[INFO ] 2021-07-05 11:05:37.029 [main] Log - Clicking element: hamburgerProfile
[INFO ] 2021-07-05 11:05:37.076 [main] Log - Reading element from JSON file: rules
[INFO ] 2021-07-05 11:05:37.076 [main] Log - Clicking element: rules
[INFO ] 2021-07-05 11:05:49.302 [main] Log - Reading element from JSON file: Next1
[INFO ] 2021-07-05 11:05:49.304 [main] Log - Clicking element: Next1
[INFO ] 2021-07-05 11:05:49.382 [main] Log - Reading element from JSON file: Next2
[INFO ] 2021-07-05 11:05:49.382 [main] Log - Clicking element: Next2
[INFO ] 2021-07-05 11:05:49.562 [main] Log - Reading element from JSON file: Folder
[INFO ] 2021-07-05 11:05:49.563 [main] Log - Clicking element: Folder
[INFO ] 2021-07-05 11:06:26.315 [main] Log - Reading element from JSON file: detailBtn
[INFO ] 2021-07-05 11:06:26.323 [main] Log - Clicking element: detailBtn
[INFO ] 2021-07-05 11:06:26.372 [main] Log - Reading element from JSON file: proceedBtn
[INFO ] 2021-07-05 11:06:26.373 [main] Log - Clicking element: proceedBtn
[INFO ] 2021-07-05 11:06:27.106 [main] Log - Reading element from JSON file: exactURL
[INFO ] 2021-07-05 11:06:27.107 [main] Log - Clicking element: exactURL
[INFO ] 2021-07-05 11:06:29.268 [main] Log - Reading element from JSON file: userName
[INFO ] 2021-07-05 11:06:29.333 [main] Log - Reading element from JSON file: password
[INFO ] 2021-07-05 11:06:29.395 [main] Log - Reading element from JSON file: detailBtn
[INFO ] 2021-07-05 11:06:29.396 [main] Log - Clicking element: detailBtn
[ERROR] 2021-07-05 11:06:39.455 [main] Log - Failed to find or click element: detailBtn
[INFO ] 2021-07-05 11:06:39.455 [main] Log - Reading element from JSON file: login
[INFO ] 2021-07-05 11:06:39.456 [main] Log - Clicking element: login
[INFO ] 2021-07-05 11:06:44.135 [main] Log - Reading element from JSON file: hamburgerProfile
[INFO ] 2021-07-05 11:06:44.136 [main] Log - Clicking element: hamburgerProfile
[INFO ] 2021-07-05 11:06:44.183 [main] Log - Reading element from JSON file: rules
[INFO ] 2021-07-05 11:06:44.184 [main] Log - Clicking element: rules
[INFO ] 2021-07-05 11:06:56.344 [main] Log - Reading element from JSON file: Next1
[INFO ] 2021-07-05 11:06:56.347 [main] Log - Clicking element: Next1
[INFO ] 2021-07-05 11:06:56.424 [main] Log - Reading element from JSON file: Next2
[INFO ] 2021-07-05 11:06:56.425 [main] Log - Clicking element: Next2
[INFO ] 2021-07-05 11:06:56.584 [main] Log - Reading element from JSON file: Folder
[INFO ] 2021-07-05 11:06:56.585 [main] Log - Clicking element: Folder
[INFO ] 2021-07-05 11:06:56.838 [main] Log - Reading element from JSON file: Next3
[INFO ] 2021-07-05 11:06:56.839 [main] Log - Clicking element: Next3
[INFO ] 2021-07-05 11:08:36.938 [main] Log - Reading element from JSON file: detailBtn
[INFO ] 2021-07-05 11:08:36.947 [main] Log - Clicking element: detailBtn
[INFO ] 2021-07-05 11:08:37.023 [main] Log - Reading element from JSON file: proceedBtn
[INFO ] 2021-07-05 11:08:37.024 [main] Log - Clicking element: proceedBtn
[INFO ] 2021-07-05 11:08:37.800 [main] Log - Reading element from JSON file: exactURL
[INFO ] 2021-07-05 11:08:37.801 [main] Log - Clicking element: exactURL
[INFO ] 2021-07-05 11:08:40.927 [main] Log - Reading element from JSON file: userName
[INFO ] 2021-07-05 11:08:40.996 [main] Log - Reading element from JSON file: password
[INFO ] 2021-07-05 11:08:41.057 [main] Log - Reading element from JSON file: detailBtn
[INFO ] 2021-07-05 11:08:41.058 [main] Log - Clicking element: detailBtn
[ERROR] 2021-07-05 11:08:51.085 [main] Log - Failed to find or click element: detailBtn
[INFO ] 2021-07-05 11:08:51.085 [main] Log - Reading element from JSON file: login
[INFO ] 2021-07-05 11:08:51.086 [main] Log - Clicking element: login
[INFO ] 2021-07-05 11:08:56.135 [main] Log - Reading element from JSON file: hamburgerProfile
[INFO ] 2021-07-05 11:08:56.136 [main] Log - Clicking element: hamburgerProfile
[INFO ] 2021-07-05 11:08:56.186 [main] Log - Reading element from JSON file: rules
[INFO ] 2021-07-05 11:08:56.187 [main] Log - Clicking element: rules
[INFO ] 2021-07-05 11:09:08.382 [main] Log - Reading element from JSON file: Next1
[INFO ] 2021-07-05 11:09:08.387 [main] Log - Clicking element: Next1
[INFO ] 2021-07-05 11:09:08.464 [main] Log - Reading element from JSON file: Next2
[INFO ] 2021-07-05 11:09:08.464 [main] Log - Clicking element: Next2
[INFO ] 2021-07-05 11:09:08.649 [main] Log - Reading element from JSON file: Folder
[INFO ] 2021-07-05 11:09:08.650 [main] Log - Clicking element: Folder
[INFO ] 2021-07-05 11:09:08.940 [main] Log - Reading element from JSON file: Next3
[INFO ] 2021-07-05 11:09:08.941 [main] Log - Clicking element: Next3
[INFO ] 2021-07-05 11:09:09.041 [main] Log - Reading element from JSON file: Next4
[INFO ] 2021-07-05 11:09:09.041 [main] Log - Clicking element: Next4
[INFO ] 2021-07-05 11:09:09.265 [main] Log - Reading element from JSON file: Checkbox
[INFO ] 2021-07-05 11:09:09.266 [main] Log - Clicking element: Checkbox
[INFO ] 2021-07-05 11:09:09.337 [main] Log - Reading element from JSON file: Next5
[INFO ] 2021-07-05 11:09:09.338 [main] Log - Clicking element: Next5
[INFO ] 2021-07-05 11:09:09.405 [main] Log - Reading element from JSON file: Skip
[INFO ] 2021-07-05 11:09:09.405 [main] Log - Clicking element: Skip
[ERROR] 2021-07-05 11:09:19.448 [main] Log - Failed to find or click element: Skip
[INFO ] 2021-07-05 11:09:19.448 [main] Log - Reading element from JSON file: Next6
[INFO ] 2021-07-05 11:09:19.449 [main] Log - Clicking element: Next6
[INFO ] 2021-07-05 11:09:19.635 [main] Log - Reading element from JSON file: Next7
[INFO ] 2021-07-05 11:09:19.636 [main] Log - Clicking element: Next7
[INFO ] 2021-07-05 11:09:19.698 [main] Log - Reading element from JSON file: Next8
[INFO ] 2021-07-05 11:09:19.699 [main] Log - Clicking element: Next8
[ERROR] 2021-07-05 11:09:29.760 [main] Log - Failed to find or click element: Next8
[INFO ] 2021-07-05 11:09:29.761 [main] Log - Reading element from JSON file: Finish
[INFO ] 2021-07-05 11:09:29.761 [main] Log - Clicking element: Finish
[ERROR] 2021-07-05 11:09:39.796 [main] Log - Failed to find or click element: Finish
[INFO ] 2021-07-05 11:28:42.239 [main] Log - Reading element from JSON file: detailBtn
[INFO ] 2021-07-05 11:28:42.251 [main] Log - Clicking element: detailBtn
[INFO ] 2021-07-05 11:28:42.310 [main] Log - Reading element from JSON file: proceedBtn
[INFO ] 2021-07-05 11:28:42.311 [main] Log - Clicking element: proceedBtn
[INFO ] 2021-07-05 11:28:43.113 [main] Log - Reading element from JSON file: exactURL
[INFO ] 2021-07-05 11:28:43.114 [main] Log - Clicking element: exactURL
[INFO ] 2021-07-05 11:28:46.401 [main] Log - Reading element from JSON file: userName
[INFO ] 2021-07-05 11:28:46.478 [main] Log - Reading element from JSON file: password
[INFO ] 2021-07-05 11:28:46.536 [main] Log - Reading element from JSON file: detailBtn
[INFO ] 2021-07-05 11:28:46.538 [main] Log - Clicking element: detailBtn
[ERROR] 2021-07-05 11:28:56.620 [main] Log - Failed to find or click element: detailBtn
[INFO ] 2021-07-05 11:28:56.620 [main] Log - Reading element from JSON file: login
[INFO ] 2021-07-05 11:28:56.621 [main] Log - Clicking element: login
[INFO ] 2021-07-05 11:29:01.449 [main] Log - Reading element from JSON file: hamburgerProfile
[INFO ] 2021-07-05 11:29:01.450 [main] Log - Clicking element: hamburgerProfile
[INFO ] 2021-07-05 11:29:01.497 [main] Log - Reading element from JSON file: rules
[INFO ] 2021-07-05 11:29:01.498 [main] Log - Clicking element: rules
[INFO ] 2021-07-05 11:29:13.705 [main] Log - Reading element from JSON file: Next1
[INFO ] 2021-07-05 11:29:13.707 [main] Log - Clicking element: Next1
[INFO ] 2021-07-05 11:29:13.788 [main] Log - Reading element from JSON file: Next2
[INFO ] 2021-07-05 11:29:13.788 [main] Log - Clicking element: Next2
[INFO ] 2021-07-05 11:29:13.949 [main] Log - Reading element from JSON file: Folder
[INFO ] 2021-07-05 11:29:13.950 [main] Log - Clicking element: Folder
[INFO ] 2021-07-05 11:29:14.231 [main] Log - Reading element from JSON file: Next3
[INFO ] 2021-07-05 11:29:14.231 [main] Log - Clicking element: Next3
[INFO ] 2021-07-05 11:29:14.333 [main] Log - Reading element from JSON file: Next4
[INFO ] 2021-07-05 11:29:14.333 [main] Log - Clicking element: Next4
[INFO ] 2021-07-05 11:29:14.497 [main] Log - Reading element from JSON file: Checkbox
[INFO ] 2021-07-05 11:29:14.498 [main] Log - Clicking element: Checkbox
[INFO ] 2021-07-05 11:29:14.568 [main] Log - Reading element from JSON file: Next5
[INFO ] 2021-07-05 11:29:14.569 [main] Log - Clicking element: Next5
[INFO ] 2021-07-05 11:29:14.641 [main] Log - Reading element from JSON file: Skip
[INFO ] 2021-07-05 11:29:14.642 [main] Log - Clicking element: Skip
[ERROR] 2021-07-05 11:29:24.690 [main] Log - Failed to find or click element: Skip
[INFO ] 2021-07-05 11:29:24.690 [main] Log - Reading element from JSON file: Next6
[INFO ] 2021-07-05 11:29:24.690 [main] Log - Clicking element: Next6
[INFO ] 2021-07-05 11:29:24.819 [main] Log - Reading element from JSON file: Next7
[INFO ] 2021-07-05 11:29:24.819 [main] Log - Clicking element: Next7
[INFO ] 2021-07-05 11:29:24.929 [main] Log - Reading element from JSON file: Next8
[INFO ] 2021-07-05 11:29:24.930 [main] Log - Clicking element: Next8
[INFO ] 2021-07-05 11:29:25.094 [main] Log - Reading element from JSON file: Finish
[INFO ] 2021-07-05 11:29:25.095 [main] Log - Clicking element: Finish
[INFO ] 2021-07-05 11:30:17.025 [main] Log - Reading element from JSON file: detailBtn
[INFO ] 2021-07-05 11:30:17.034 [main] Log - Clicking element: detailBtn
[INFO ] 2021-07-05 11:30:17.079 [main] Log - Reading element from JSON file: proceedBtn
[INFO ] 2021-07-05 11:30:17.080 [main] Log - Clicking element: proceedBtn
[INFO ] 2021-07-05 11:30:17.859 [main] Log - Reading element from JSON file: exactURL
[INFO ] 2021-07-05 11:30:17.860 [main] Log - Clicking element: exactURL
[INFO ] 2021-07-05 11:30:21.612 [main] Log - Reading element from JSON file: userName
[INFO ] 2021-07-05 11:30:21.676 [main] Log - Reading element from JSON file: password
[INFO ] 2021-07-05 11:30:21.741 [main] Log - Reading element from JSON file: detailBtn
[INFO ] 2021-07-05 11:30:21.742 [main] Log - Clicking element: detailBtn
[ERROR] 2021-07-05 11:30:31.781 [main] Log - Failed to find or click element: detailBtn
[INFO ] 2021-07-05 11:30:31.781 [main] Log - Reading element from JSON file: login
[INFO ] 2021-07-05 11:30:31.781 [main] Log - Clicking element: login
[INFO ] 2021-07-05 11:30:36.758 [main] Log - Reading element from JSON file: hamburgerProfile
[INFO ] 2021-07-05 11:30:36.759 [main] Log - Clicking element: hamburgerProfile
[INFO ] 2021-07-05 11:30:36.810 [main] Log - Reading element from JSON file: rules
[INFO ] 2021-07-05 11:30:36.811 [main] Log - Clicking element: rules
[INFO ] 2021-07-05 11:30:49.094 [main] Log - Reading element from JSON file: Next1
[INFO ] 2021-07-05 11:30:49.095 [main] Log - Clicking element: Next1
[INFO ] 2021-07-05 11:30:49.174 [main] Log - Reading element from JSON file: Next2
[INFO ] 2021-07-05 11:30:49.174 [main] Log - Clicking element: Next2
[ERROR] 2021-07-05 11:30:59.216 [main] Log - Failed to find or click element: Next2
[INFO ] 2021-07-05 11:30:59.216 [main] Log - Reading element from JSON file: Folder
[INFO ] 2021-07-05 11:30:59.216 [main] Log - Clicking element: Folder
[ERROR] 2021-07-05 11:31:09.279 [main] Log - Failed to find or click element: Folder
[INFO ] 2021-07-05 11:31:09.279 [main] Log - Reading element from JSON file: Next3
[INFO ] 2021-07-05 11:31:09.280 [main] Log - Clicking element: Next3
[ERROR] 2021-07-05 11:31:19.340 [main] Log - Failed to find or click element: Next3
[INFO ] 2021-07-05 11:31:19.341 [main] Log - Reading element from JSON file: Next4
[INFO ] 2021-07-05 11:31:19.341 [main] Log - Clicking element: Next4
[ERROR] 2021-07-05 11:31:29.393 [main] Log - Failed to find or click element: Next4
[INFO ] 2021-07-05 11:31:29.393 [main] Log - Reading element from JSON file: Checkbox
[INFO ] 2021-07-05 11:31:29.394 [main] Log - Clicking element: Checkbox
[ERROR] 2021-07-05 11:31:39.462 [main] Log - Failed to find or click element: Checkbox
[INFO ] 2021-07-05 11:31:39.463 [main] Log - Reading element from JSON file: Next5
[INFO ] 2021-07-05 11:31:39.463 [main] Log - Clicking element: Next5
[ERROR] 2021-07-05 11:31:44.323 [main] Log - Failed to find or click element: Next5
[INFO ] 2021-07-05 11:31:44.323 [main] Log - Reading element from JSON file: Skip
[INFO ] 2021-07-05 11:31:44.323 [main] Log - Clicking element: Skip
[ERROR] 2021-07-05 11:31:54.824 [main] Log - Failed to find or click element: Skip
[INFO ] 2021-07-05 11:31:54.824 [main] Log - Reading element from JSON file: Next6
[INFO ] 2021-07-05 11:31:54.824 [main] Log - Clicking element: Next6
[ERROR] 2021-07-05 11:31:59.153 [main] Log - Failed to find or click element: Next6
[INFO ] 2021-07-05 11:31:59.153 [main] Log - Reading element from JSON file: Next7
[INFO ] 2021-07-05 11:31:59.154 [main] Log - Clicking element: Next7
[ERROR] 2021-07-05 11:31:59.183 [main] Log - Failed to find or click element: Next7
[INFO ] 2021-07-05 11:31:59.183 [main] Log - Reading element from JSON file: Next8
[INFO ] 2021-07-05 11:31:59.183 [main] Log - Clicking element: Next8
[ERROR] 2021-07-05 11:31:59.187 [main] Log - Failed to find or click element: Next8
[INFO ] 2021-07-05 11:31:59.187 [main] Log - Reading element from JSON file: Finish
[INFO ] 2021-07-05 11:31:59.188 [main] Log - Clicking element: Finish
[ERROR] 2021-07-05 11:31:59.192 [main] Log - Failed to find or click element: Finish
[INFO ] 2021-07-05 11:33:40.421 [main] Log - Reading element from JSON file: detailBtn
[INFO ] 2021-07-05 11:33:40.429 [main] Log - Clicking element: detailBtn
[INFO ] 2021-07-05 11:33:40.483 [main] Log - Reading element from JSON file: proceedBtn
[INFO ] 2021-07-05 11:33:40.484 [main] Log - Clicking element: proceedBtn
[INFO ] 2021-07-05 11:33:41.366 [main] Log - Reading element from JSON file: exactURL
[INFO ] 2021-07-05 11:33:41.367 [main] Log - Clicking element: exactURL
[INFO ] 2021-07-05 11:33:44.523 [main] Log - Reading element from JSON file: userName
[INFO ] 2021-07-05 11:33:44.590 [main] Log - Reading element from JSON file: password
[INFO ] 2021-07-05 11:33:44.652 [main] Log - Reading element from JSON file: detailBtn
[INFO ] 2021-07-05 11:33:44.653 [main] Log - Clicking element: detailBtn
[ERROR] 2021-07-05 11:33:54.704 [main] Log - Failed to find or click element: detailBtn
[INFO ] 2021-07-05 11:33:54.704 [main] Log - Reading element from JSON file: login
[INFO ] 2021-07-05 11:33:54.705 [main] Log - Clicking element: login
[INFO ] 2021-07-05 11:33:58.352 [main] Log - Reading element from JSON file: hamburgerProfile
[INFO ] 2021-07-05 11:33:58.353 [main] Log - Clicking element: hamburgerProfile
[INFO ] 2021-07-05 11:33:58.402 [main] Log - Reading element from JSON file: rules
[INFO ] 2021-07-05 11:33:58.403 [main] Log - Clicking element: rules
[INFO ] 2021-07-05 11:34:10.679 [main] Log - Reading element from JSON file: Next1
[INFO ] 2021-07-05 11:34:10.681 [main] Log - Clicking element: Next1
[INFO ] 2021-07-05 11:34:10.765 [main] Log - Reading element from JSON file: Next2
[INFO ] 2021-07-05 11:34:10.765 [main] Log - Clicking element: Next2
[INFO ] 2021-07-05 11:34:10.927 [main] Log - Reading element from JSON file: Folder
[INFO ] 2021-07-05 11:34:10.928 [main] Log - Clicking element: Folder
[INFO ] 2021-07-05 11:34:11.228 [main] Log - Reading element from JSON file: Next3
[INFO ] 2021-07-05 11:34:11.229 [main] Log - Clicking element: Next3
[INFO ] 2021-07-05 11:34:11.329 [main] Log - Reading element from JSON file: Next4
[INFO ] 2021-07-05 11:34:11.330 [main] Log - Clicking element: Next4
[INFO ] 2021-07-05 11:34:11.492 [main] Log - Reading element from JSON file: Checkbox
[INFO ] 2021-07-05 11:34:11.493 [main] Log - Clicking element: Checkbox
[INFO ] 2021-07-05 11:34:11.624 [main] Log - Reading element from JSON file: Next5
[INFO ] 2021-07-05 11:34:11.625 [main] Log - Clicking element: Next5
[INFO ] 2021-07-05 11:34:11.703 [main] Log - Reading element from JSON file: Skip
[INFO ] 2021-07-05 11:34:11.704 [main] Log - Clicking element: Skip
[ERROR] 2021-07-05 11:34:21.732 [main] Log - Failed to find or click element: Skip
[INFO ] 2021-07-05 11:34:21.732 [main] Log - Reading element from JSON file: Next6
[INFO ] 2021-07-05 11:34:21.733 [main] Log - Clicking element: Next6
[INFO ] 2021-07-05 11:34:21.885 [main] Log - Reading element from JSON file: Next7
[INFO ] 2021-07-05 11:34:21.885 [main] Log - Clicking element: Next7
[INFO ] 2021-07-05 11:34:21.962 [main] Log - Reading element from JSON file: Next8
[INFO ] 2021-07-05 11:34:21.962 [main] Log - Clicking element: Next8
[INFO ] 2021-07-05 11:34:22.200 [main] Log - Reading element from JSON file: Finish
[INFO ] 2021-07-05 11:34:22.200 [main] Log - Clicking element: Finish
[INFO ] 2021-07-05 12:02:46.907 [main] Log - Reading element from JSON file: detailBtn
[INFO ] 2021-07-05 12:02:46.917 [main] Log - Clicking element: detailBtn
[INFO ] 2021-07-05 12:02:46.978 [main] Log - Reading element from JSON file: proceedBtn
[INFO ] 2021-07-05 12:02:46.979 [main] Log - Clicking element: proceedBtn
[INFO ] 2021-07-05 12:02:47.785 [main] Log - Reading element from JSON file: exactURL
[INFO ] 2021-07-05 12:02:47.785 [main] Log - Clicking element: exactURL
[INFO ] 2021-07-05 12:02:49.748 [main] Log - Reading element from JSON file: userName
[INFO ] 2021-07-05 12:02:49.814 [main] Log - Reading element from JSON file: password
[INFO ] 2021-07-05 12:02:49.876 [main] Log - Reading element from JSON file: detailBtn
[INFO ] 2021-07-05 12:02:49.877 [main] Log - Clicking element: detailBtn
[ERROR] 2021-07-05 12:02:59.920 [main] Log - Failed to find or click element: detailBtn
[INFO ] 2021-07-05 12:02:59.921 [main] Log - Reading element from JSON file: login
[INFO ] 2021-07-05 12:02:59.921 [main] Log - Clicking element: login
[INFO ] 2021-07-05 12:03:05.329 [main] Log - Reading element from JSON file: hamburgerProfile
[INFO ] 2021-07-05 12:03:05.330 [main] Log - Clicking element: hamburgerProfile
[INFO ] 2021-07-05 12:03:05.378 [main] Log - Reading element from JSON file: rules
[INFO ] 2021-07-05 12:03:05.379 [main] Log - Clicking element: rules
[INFO ] 2021-07-05 12:03:17.680 [main] Log - Reading element from JSON file: Next1
[INFO ] 2021-07-05 12:03:17.682 [main] Log - Clicking element: Next1
[INFO ] 2021-07-05 12:03:17.763 [main] Log - Reading element from JSON file: Next2
[INFO ] 2021-07-05 12:03:17.763 [main] Log - Clicking element: Next2
[ERROR] 2021-07-05 12:03:27.779 [main] Log - Failed to find or click element: Next2
[INFO ] 2021-07-05 12:03:27.779 [main] Log - Reading element from JSON file: Folder
[INFO ] 2021-07-05 12:03:27.779 [main] Log - Clicking element: Folder
[ERROR] 2021-07-05 12:03:37.825 [main] Log - Failed to find or click element: Folder
[INFO ] 2021-07-05 12:03:37.825 [main] Log - Reading element from JSON file: Next3
[INFO ] 2021-07-05 12:03:37.826 [main] Log - Clicking element: Next3
[ERROR] 2021-07-05 12:03:47.854 [main] Log - Failed to find or click element: Next3
[INFO ] 2021-07-05 12:03:47.854 [main] Log - Reading element from JSON file: Next4
[INFO ] 2021-07-05 12:03:47.854 [main] Log - Clicking element: Next4
[ERROR] 2021-07-05 12:03:57.948 [main] Log - Failed to find or click element: Next4
[INFO ] 2021-07-05 12:03:57.948 [main] Log - Reading element from JSON file: Checkbox
[INFO ] 2021-07-05 12:03:57.949 [main] Log - Clicking element: Checkbox
[ERROR] 2021-07-05 12:04:08.000 [main] Log - Failed to find or click element: Checkbox
[INFO ] 2021-07-05 12:04:08.000 [main] Log - Reading element from JSON file: Next5
[INFO ] 2021-07-05 12:04:08.002 [main] Log - Clicking element: Next5
[ERROR] 2021-07-05 12:04:16.806 [main] Log - Failed to find or click element: Next5
[INFO ] 2021-07-05 12:04:16.806 [main] Log - Reading element from JSON file: Skip
[INFO ] 2021-07-05 12:04:16.807 [main] Log - Clicking element: Skip
[ERROR] 2021-07-05 12:04:16.811 [main] Log - Failed to find or click element: Skip
[INFO ] 2021-07-05 12:04:16.813 [main] Log - Reading element from JSON file: Next6
[INFO ] 2021-07-05 12:04:16.813 [main] Log - Clicking element: Next6
[ERROR] 2021-07-05 12:04:16.823 [main] Log - Failed to find or click element: Next6
[INFO ] 2021-07-05 12:04:16.824 [main] Log - Reading element from JSON file: Next7
[INFO ] 2021-07-05 12:04:16.825 [main] Log - Clicking element: Next7
[ERROR] 2021-07-05 12:04:16.904 [main] Log - Failed to find or click element: Next7
[INFO ] 2021-07-05 12:04:16.904 [main] Log - Reading element from JSON file: Next8
[INFO ] 2021-07-05 12:04:16.905 [main] Log - Clicking element: Next8
[ERROR] 2021-07-05 12:04:16.913 [main] Log - Failed to find or click element: Next8
[INFO ] 2021-07-05 12:04:16.913 [main] Log - Reading element from JSON file: Finish
[INFO ] 2021-07-05 12:04:16.914 [main] Log - Clicking element: Finish
[ERROR] 2021-07-05 12:04:16.940 [main] Log - Failed to find or click element: Finish
[INFO ] 2021-07-05 12:04:24.890 [main] Log - Reading element from JSON file: detailBtn
[INFO ] 2021-07-05 12:04:24.898 [main] Log - Clicking element: detailBtn
[INFO ] 2021-07-05 12:04:24.942 [main] Log - Reading element from JSON file: proceedBtn
[INFO ] 2021-07-05 12:04:24.942 [main] Log - Clicking element: proceedBtn
[INFO ] 2021-07-05 12:04:25.693 [main] Log - Reading element from JSON file: exactURL
[INFO ] 2021-07-05 12:04:25.694 [main] Log - Clicking element: exactURL
[INFO ] 2021-07-05 12:04:28.173 [main] Log - Reading element from JSON file: userName
[INFO ] 2021-07-05 12:04:28.263 [main] Log - Reading element from JSON file: password
[INFO ] 2021-07-05 12:04:28.318 [main] Log - Reading element from JSON file: detailBtn
[INFO ] 2021-07-05 12:04:28.319 [main] Log - Clicking element: detailBtn
[ERROR] 2021-07-05 12:04:38.358 [main] Log - Failed to find or click element: detailBtn
[INFO ] 2021-07-05 12:04:38.358 [main] Log - Reading element from JSON file: login
[INFO ] 2021-07-05 12:04:38.359 [main] Log - Clicking element: login
[INFO ] 2021-07-05 12:04:43.090 [main] Log - Reading element from JSON file: hamburgerProfile
[INFO ] 2021-07-05 12:04:43.091 [main] Log - Clicking element: hamburgerProfile
[INFO ] 2021-07-05 12:04:43.139 [main] Log - Reading element from JSON file: rules
[INFO ] 2021-07-05 12:04:43.139 [main] Log - Clicking element: rules
[INFO ] 2021-07-05 12:04:55.370 [main] Log - Reading element from JSON file: Next1
[INFO ] 2021-07-05 12:04:55.371 [main] Log - Clicking element: Next1
[INFO ] 2021-07-05 12:04:55.443 [main] Log - Reading element from JSON file: Next2
[INFO ] 2021-07-05 12:04:55.444 [main] Log - Clicking element: Next2
[INFO ] 2021-07-05 12:04:55.626 [main] Log - Reading element from JSON file: Folder
[INFO ] 2021-07-05 12:04:55.627 [main] Log - Clicking element: Folder
[INFO ] 2021-07-05 12:04:55.910 [main] Log - Reading element from JSON file: Next3
[INFO ] 2021-07-05 12:04:55.911 [main] Log - Clicking element: Next3
[INFO ] 2021-07-05 12:04:56.016 [main] Log - Reading element from JSON file: Next4
[INFO ] 2021-07-05 12:04:56.017 [main] Log - Clicking element: Next4
[INFO ] 2021-07-05 12:04:56.201 [main] Log - Reading element from JSON file: Checkbox
[INFO ] 2021-07-05 12:04:56.202 [main] Log - Clicking element: Checkbox
[INFO ] 2021-07-05 12:04:56.270 [main] Log - Reading element from JSON file: Next5
[INFO ] 2021-07-05 12:04:56.270 [main] Log - Clicking element: Next5
[INFO ] 2021-07-05 12:04:56.345 [main] Log - Reading element from JSON file: Skip
[INFO ] 2021-07-05 12:04:56.345 [main] Log - Clicking element: Skip
[INFO ] 2021-07-05 12:04:56.416 [main] Log - Reading element from JSON file: Next6
[INFO ] 2021-07-05 12:04:56.417 [main] Log - Clicking element: Next6
[INFO ] 2021-07-05 12:04:56.569 [main] Log - Reading element from JSON file: Next7
[INFO ] 2021-07-05 12:04:56.569 [main] Log - Clicking element: Next7
[INFO ] 2021-07-05 12:04:56.647 [main] Log - Reading element from JSON file: Next8
[INFO ] 2021-07-05 12:04:56.648 [main] Log - Clicking element: Next8
[INFO ] 2021-07-05 12:04:56.874 [main] Log - Reading element from JSON file: Finish
[INFO ] 2021-07-05 12:04:56.875 [main] Log - Clicking element: Finish
[INFO ] 2021-07-05 12:08:10.555 [main] Log - Reading element from JSON file: detailBtn
[INFO ] 2021-07-05 12:08:10.568 [main] Log - Clicking element: detailBtn
[INFO ] 2021-07-05 12:08:10.622 [main] Log - Reading element from JSON file: proceedBtn
[INFO ] 2021-07-05 12:08:10.623 [main] Log - Clicking element: proceedBtn
[INFO ] 2021-07-05 12:08:11.773 [main] Log - Reading element from JSON file: exactURL
[INFO ] 2021-07-05 12:08:11.775 [main] Log - Clicking element: exactURL
[INFO ] 2021-07-05 12:08:13.404 [main] Log - Reading element from JSON file: userName
[INFO ] 2021-07-05 12:08:13.469 [main] Log - Reading element from JSON file: password
[INFO ] 2021-07-05 12:08:13.529 [main] Log - Reading element from JSON file: detailBtn
[INFO ] 2021-07-05 12:08:13.530 [main] Log - Clicking element: detailBtn
[ERROR] 2021-07-05 12:08:23.563 [main] Log - Failed to find or click element: detailBtn
[INFO ] 2021-07-05 12:08:23.563 [main] Log - Reading element from JSON file: login
[INFO ] 2021-07-05 12:08:23.564 [main] Log - Clicking element: login
[INFO ] 2021-07-05 12:08:28.627 [main] Log - Reading element from JSON file: hamburgerProfile
[INFO ] 2021-07-05 12:08:28.628 [main] Log - Clicking element: hamburgerProfile
[INFO ] 2021-07-05 12:08:28.676 [main] Log - Reading element from JSON file: rules
[INFO ] 2021-07-05 12:08:28.677 [main] Log - Clicking element: rules
[INFO ] 2021-07-05 12:08:41.204 [main] Log - Reading element from JSON file: Next1
[INFO ] 2021-07-05 12:08:41.205 [main] Log - Clicking element: Next1
[INFO ] 2021-07-05 12:08:41.267 [main] Log - Reading element from JSON file: Next2
[INFO ] 2021-07-05 12:08:41.268 [main] Log - Clicking element: Next2
[ERROR] 2021-07-05 12:08:51.283 [main] Log - Failed to find or click element: Next2
[INFO ] 2021-07-05 12:08:51.283 [main] Log - Reading element from JSON file: Folder
[INFO ] 2021-07-05 12:08:51.284 [main] Log - Clicking element: Folder
[ERROR] 2021-07-05 12:09:01.342 [main] Log - Failed to find or click element: Folder
[INFO ] 2021-07-05 12:09:01.343 [main] Log - Reading element from JSON file: Next3
[INFO ] 2021-07-05 12:09:01.345 [main] Log - Clicking element: Next3
[ERROR] 2021-07-05 12:09:11.355 [main] Log - Failed to find or click element: Next3
[INFO ] 2021-07-05 12:09:11.355 [main] Log - Reading element from JSON file: Next4
[INFO ] 2021-07-05 12:09:11.356 [main] Log - Clicking element: Next4
[INFO ] 2021-07-05 12:09:12.323 [main] Log - Reading element from JSON file: detailBtn
[INFO ] 2021-07-05 12:09:12.332 [main] Log - Clicking element: detailBtn
[INFO ] 2021-07-05 12:09:12.414 [main] Log - Reading element from JSON file: proceedBtn
[INFO ] 2021-07-05 12:09:12.416 [main] Log - Clicking element: proceedBtn
[INFO ] 2021-07-05 12:09:13.308 [main] Log - Reading element from JSON file: exactURL
[INFO ] 2021-07-05 12:09:13.308 [main] Log - Clicking element: exactURL
[INFO ] 2021-07-05 12:09:15.060 [main] Log - Reading element from JSON file: userName
[INFO ] 2021-07-05 12:09:15.121 [main] Log - Reading element from JSON file: password
[INFO ] 2021-07-05 12:09:15.210 [main] Log - Reading element from JSON file: detailBtn
[INFO ] 2021-07-05 12:09:15.211 [main] Log - Clicking element: detailBtn
[ERROR] 2021-07-05 12:09:20.089 [main] Log - Failed to find or click element: Next4
[INFO ] 2021-07-05 12:09:20.090 [main] Log - Reading element from JSON file: Checkbox
[INFO ] 2021-07-05 12:09:20.092 [main] Log - Clicking element: Checkbox
[ERROR] 2021-07-05 12:09:25.248 [main] Log - Failed to find or click element: detailBtn
[INFO ] 2021-07-05 12:09:25.248 [main] Log - Reading element from JSON file: login
[INFO ] 2021-07-05 12:09:25.249 [main] Log - Clicking element: login
[INFO ] 2021-07-05 12:09:30.149 [main] Log - Reading element from JSON file: hamburgerProfile
[INFO ] 2021-07-05 12:09:30.150 [main] Log - Clicking element: hamburgerProfile
[INFO ] 2021-07-05 12:09:30.202 [main] Log - Reading element from JSON file: rules
[INFO ] 2021-07-05 12:09:30.203 [main] Log - Clicking element: rules
[ERROR] 2021-07-05 12:09:32.270 [main] Log - Failed to find or click element: Checkbox
[INFO ] 2021-07-05 12:09:32.270 [main] Log - Reading element from JSON file: Next5
[INFO ] 2021-07-05 12:09:32.271 [main] Log - Clicking element: Next5
[INFO ] 2021-07-05 12:09:42.453 [main] Log - Reading element from JSON file: Next1
[INFO ] 2021-07-05 12:09:42.454 [main] Log - Clicking element: Next1
[INFO ] 2021-07-05 12:09:42.529 [main] Log - Reading element from JSON file: Next2
[INFO ] 2021-07-05 12:09:42.529 [main] Log - Clicking element: Next2
[INFO ] 2021-07-05 12:09:42.700 [main] Log - Reading element from JSON file: Folder
[INFO ] 2021-07-05 12:09:42.700 [main] Log - Clicking element: Folder
[INFO ] 2021-07-05 12:09:42.995 [main] Log - Reading element from JSON file: Next3
[INFO ] 2021-07-05 12:09:42.995 [main] Log - Clicking element: Next3
[INFO ] 2021-07-05 12:09:43.132 [main] Log - Reading element from JSON file: Next4
[INFO ] 2021-07-05 12:09:43.134 [main] Log - Clicking element: Next4
[INFO ] 2021-07-05 12:09:43.360 [main] Log - Reading element from JSON file: Checkbox
[INFO ] 2021-07-05 12:09:43.361 [main] Log - Clicking element: Checkbox
[INFO ] 2021-07-05 12:09:43.429 [main] Log - Reading element from JSON file: Next5
[INFO ] 2021-07-05 12:09:43.430 [main] Log - Clicking element: Next5
[INFO ] 2021-07-05 12:09:43.497 [main] Log - Reading element from JSON file: Skip
[INFO ] 2021-07-05 12:09:43.497 [main] Log - Clicking element: Skip
[INFO ] 2021-07-05 12:09:43.570 [main] Log - Reading element from JSON file: Next6
[INFO ] 2021-07-05 12:09:43.570 [main] Log - Clicking element: Next6
[INFO ] 2021-07-05 12:09:43.707 [main] Log - Reading element from JSON file: Next7
[INFO ] 2021-07-05 12:09:43.708 [main] Log - Clicking element: Next7
[INFO ] 2021-07-05 12:09:43.788 [main] Log - Reading element from JSON file: Next8
[INFO ] 2021-07-05 12:09:43.788 [main] Log - Clicking element: Next8
[INFO ] 2021-07-05 12:09:43.997 [main] Log - Reading element from JSON file: Finish
[INFO ] 2021-07-05 12:09:43.998 [main] Log - Clicking element: Finish
[ERROR] 2021-07-05 12:09:44.470 [main] Log - Failed to find or click element: Next5
[INFO ] 2021-07-05 12:09:44.470 [main] Log - Reading element from JSON file: Skip
[INFO ] 2021-07-05 12:09:44.471 [main] Log - Clicking element: Skip
[ERROR] 2021-07-05 12:09:56.651 [main] Log - Failed to find or click element: Skip
[INFO ] 2021-07-05 12:09:56.652 [main] Log - Reading element from JSON file: Next6
[INFO ] 2021-07-05 12:09:56.653 [main] Log - Clicking element: Next6
[ERROR] 2021-07-05 12:10:08.836 [main] Log - Failed to find or click element: Next6
[INFO ] 2021-07-05 12:10:08.836 [main] Log - Reading element from JSON file: Next7
[INFO ] 2021-07-05 12:10:08.836 [main] Log - Clicking element: Next7
[ERROR] 2021-07-05 12:10:21.033 [main] Log - Failed to find or click element: Next7
[INFO ] 2021-07-05 12:10:21.033 [main] Log - Reading element from JSON file: Next8
[INFO ] 2021-07-05 12:10:21.034 [main] Log - Clicking element: Next8
[ERROR] 2021-07-05 12:10:33.220 [main] Log - Failed to find or click element: Next8
[INFO ] 2021-07-05 12:10:33.220 [main] Log - Reading element from JSON file: Finish
[INFO ] 2021-07-05 12:10:33.221 [main] Log - Clicking element: Finish
[ERROR] 2021-07-05 12:10:45.431 [main] Log - Failed to find or click element: Finish
[INFO ] 2021-07-05 12:11:26.586 [main] Log - Reading element from JSON file: detailBtn
[INFO ] 2021-07-05 12:11:26.593 [main] Log - Clicking element: detailBtn
[INFO ] 2021-07-05 12:11:26.638 [main] Log - Reading element from JSON file: proceedBtn
[INFO ] 2021-07-05 12:11:26.639 [main] Log - Clicking element: proceedBtn
[INFO ] 2021-07-05 12:11:27.386 [main] Log - Reading element from JSON file: exactURL
[INFO ] 2021-07-05 12:11:27.386 [main] Log - Clicking element: exactURL
[INFO ] 2021-07-05 12:11:30.929 [main] Log - Reading element from JSON file: userName
[INFO ] 2021-07-05 12:11:30.992 [main] Log - Reading element from JSON file: password
[INFO ] 2021-07-05 12:11:31.059 [main] Log - Reading element from JSON file: detailBtn
[INFO ] 2021-07-05 12:11:31.060 [main] Log - Clicking element: detailBtn
[ERROR] 2021-07-05 12:11:38.379 [main] Log - Failed to find or click element: detailBtn
[INFO ] 2021-07-05 12:11:38.379 [main] Log - Reading element from JSON file: login
[INFO ] 2021-07-05 12:11:38.380 [main] Log - Clicking element: login
[ERROR] 2021-07-05 12:11:38.392 [main] Log - Failed to find or click element: login
[INFO ] 2021-07-05 12:11:54.828 [main] Log - Reading element from JSON file: detailBtn
[INFO ] 2021-07-05 12:11:54.835 [main] Log - Clicking element: detailBtn
[INFO ] 2021-07-05 12:11:54.882 [main] Log - Reading element from JSON file: proceedBtn
[INFO ] 2021-07-05 12:11:54.883 [main] Log - Clicking element: proceedBtn
[INFO ] 2021-07-05 12:11:55.595 [main] Log - Reading element from JSON file: exactURL
[INFO ] 2021-07-05 12:11:55.596 [main] Log - Clicking element: exactURL
[INFO ] 2021-07-05 12:11:57.588 [main] Log - Reading element from JSON file: userName
[INFO ] 2021-07-05 12:11:57.657 [main] Log - Reading element from JSON file: password
[INFO ] 2021-07-05 12:11:57.713 [main] Log - Reading element from JSON file: detailBtn
[INFO ] 2021-07-05 12:11:57.714 [main] Log - Clicking element: detailBtn
[ERROR] 2021-07-05 12:12:07.773 [main] Log - Failed to find or click element: detailBtn
[INFO ] 2021-07-05 12:12:07.773 [main] Log - Reading element from JSON file: login
[INFO ] 2021-07-05 12:12:07.774 [main] Log - Clicking element: login
[INFO ] 2021-07-05 12:12:12.470 [main] Log - Reading element from JSON file: hamburgerProfile
[INFO ] 2021-07-05 12:12:12.470 [main] Log - Clicking element: hamburgerProfile
[INFO ] 2021-07-05 12:12:12.523 [main] Log - Reading element from JSON file: rules
[INFO ] 2021-07-05 12:12:12.524 [main] Log - Clicking element: rules
[INFO ] 2021-07-05 12:12:19.839 [main] Log - Reading element from JSON file: createAddDevice
[INFO ] 2021-07-05 12:12:19.839 [main] Log - Clicking element: createAddDevice
[INFO ] 2021-07-05 12:12:25.051 [main] Log - Reading element from JSON file: Next1
[INFO ] 2021-07-05 12:12:25.052 [main] Log - Clicking element: Next1
[INFO ] 2021-07-05 12:12:25.128 [main] Log - Reading element from JSON file: Next2
[INFO ] 2021-07-05 12:12:25.128 [main] Log - Clicking element: Next2
[INFO ] 2021-07-05 12:12:25.300 [main] Log - Reading element from JSON file: Folder
[INFO ] 2021-07-05 12:12:25.301 [main] Log - Clicking element: Folder
[INFO ] 2021-07-05 12:12:25.614 [main] Log - Reading element from JSON file: Next3
[INFO ] 2021-07-05 12:12:25.615 [main] Log - Clicking element: Next3
[INFO ] 2021-07-05 12:12:25.717 [main] Log - Reading element from JSON file: Next4
[INFO ] 2021-07-05 12:12:25.718 [main] Log - Clicking element: Next4
[INFO ] 2021-07-05 12:12:25.870 [main] Log - Reading element from JSON file: Checkbox
[INFO ] 2021-07-05 12:12:25.870 [main] Log - Clicking element: Checkbox
[INFO ] 2021-07-05 12:12:25.944 [main] Log - Reading element from JSON file: Next5
[INFO ] 2021-07-05 12:12:25.945 [main] Log - Clicking element: Next5
[INFO ] 2021-07-05 12:12:26.027 [main] Log - Reading element from JSON file: Skip
[INFO ] 2021-07-05 12:12:26.028 [main] Log - Clicking element: Skip
[INFO ] 2021-07-05 12:12:26.102 [main] Log - Reading element from JSON file: Next6
[INFO ] 2021-07-05 12:12:26.103 [main] Log - Clicking element: Next6
[INFO ] 2021-07-05 12:12:26.241 [main] Log - Reading element from JSON file: Next7
[INFO ] 2021-07-05 12:12:26.241 [main] Log - Clicking element: Next7
[INFO ] 2021-07-05 12:12:26.320 [main] Log - Reading element from JSON file: Next8
[INFO ] 2021-07-05 12:12:26.321 [main] Log - Clicking element: Next8
[INFO ] 2021-07-05 12:12:26.477 [main] Log - Reading element from JSON file: Finish
[INFO ] 2021-07-05 12:12:26.477 [main] Log - Clicking element: Finish
[INFO ] 2021-07-05 13:03:38.057 [main] Log - Reading element from JSON file: detailBtn
[INFO ] 2021-07-05 13:03:38.069 [main] Log - Clicking element: detailBtn
[INFO ] 2021-07-05 13:03:38.133 [main] Log - Reading element from JSON file: proceedBtn
[INFO ] 2021-07-05 13:03:38.135 [main] Log - Clicking element: proceedBtn
[INFO ] 2021-07-05 13:03:39.061 [main] Log - Reading element from JSON file: exactURL
[INFO ] 2021-07-05 13:03:39.062 [main] Log - Clicking element: exactURL
[INFO ] 2021-07-05 13:03:44.002 [main] Log - Reading element from JSON file: userName
[INFO ] 2021-07-05 13:03:44.072 [main] Log - Reading element from JSON file: password
[INFO ] 2021-07-05 13:03:44.132 [main] Log - Reading element from JSON file: detailBtn
[INFO ] 2021-07-05 13:03:44.133 [main] Log - Clicking element: detailBtn
[ERROR] 2021-07-05 13:03:54.189 [main] Log - Failed to find or click element: detailBtn
[INFO ] 2021-07-05 13:03:54.189 [main] Log - Reading element from JSON file: login
[INFO ] 2021-07-05 13:03:54.190 [main] Log - Clicking element: login
[INFO ] 2021-07-05 13:04:00.953 [main] Log - Reading element from JSON file: hamburgerProfile
[INFO ] 2021-07-05 13:04:00.954 [main] Log - Clicking element: hamburgerProfile
[INFO ] 2021-07-05 13:04:00.998 [main] Log - Reading element from JSON file: rules
[INFO ] 2021-07-05 13:04:00.999 [main] Log - Clicking element: rules
[INFO ] 2021-07-05 13:04:08.759 [main] Log - Reading element from JSON file: createAddDevice
[INFO ] 2021-07-05 13:04:08.760 [main] Log - Clicking element: createAddDevice
[INFO ] 2021-07-05 13:04:13.820 [main] Log - Reading element from JSON file: entercleanName
[INFO ] 2021-07-05 13:04:13.822 [main] Log - Clicking element: entercleanName
[INFO ] 2021-07-05 13:04:13.912 [main] Log - Reading element from JSON file: entercleanName
[INFO ] 2021-07-05 13:04:13.959 [main] Log - Reading element from JSON file: Next1
[INFO ] 2021-07-05 13:04:13.959 [main] Log - Clicking element: Next1
[INFO ] 2021-07-05 13:04:14.040 [main] Log - Reading element from JSON file: Next2
[INFO ] 2021-07-05 13:04:14.040 [main] Log - Clicking element: Next2
[INFO ] 2021-07-05 13:04:14.222 [main] Log - Reading element from JSON file: Folder
[INFO ] 2021-07-05 13:04:14.222 [main] Log - Clicking element: Folder
[INFO ] 2021-07-05 13:04:14.535 [main] Log - Reading element from JSON file: Next3
[INFO ] 2021-07-05 13:04:14.536 [main] Log - Clicking element: Next3
[INFO ] 2021-07-05 13:04:14.629 [main] Log - Reading element from JSON file: Next4
[INFO ] 2021-07-05 13:04:14.629 [main] Log - Clicking element: Next4
[INFO ] 2021-07-05 13:04:14.773 [main] Log - Reading element from JSON file: Checkbox
[INFO ] 2021-07-05 13:04:14.774 [main] Log - Clicking element: Checkbox
[INFO ] 2021-07-05 13:04:14.848 [main] Log - Reading element from JSON file: Next5
[INFO ] 2021-07-05 13:04:14.848 [main] Log - Clicking element: Next5
[INFO ] 2021-07-05 13:04:14.929 [main] Log - Reading element from JSON file: Skip
[INFO ] 2021-07-05 13:04:14.930 [main] Log - Clicking element: Skip
[INFO ] 2021-07-05 13:04:15.009 [main] Log - Reading element from JSON file: Next6
[INFO ] 2021-07-05 13:04:15.009 [main] Log - Clicking element: Next6
[INFO ] 2021-07-05 13:04:15.197 [main] Log - Reading element from JSON file: Next7
[INFO ] 2021-07-05 13:04:15.198 [main] Log - Clicking element: Next7
[INFO ] 2021-07-05 13:04:15.274 [main] Log - Reading element from JSON file: Next8
[INFO ] 2021-07-05 13:04:15.274 [main] Log - Clicking element: Next8
[INFO ] 2021-07-05 13:04:15.499 [main] Log - Reading element from JSON file: Finish
[INFO ] 2021-07-05 13:04:15.499 [main] Log - Clicking element: Finish
