[INFO ] 2021-07-21 11:10:27.914 [main] Log - Reading element from JSON file: detailBtn
[INFO ] 2021-07-21 11:10:27.945 [main] Log - Clicking element: detailBtn
[INFO ] 2021-07-21 11:10:27.999 [main] Log - Reading element from JSON file: proceedBtn
[INFO ] 2021-07-21 11:10:27.999 [main] Log - Clicking element: proceedBtn
[INFO ] 2021-07-21 11:10:28.731 [main] Log - Reading element from JSON file: exactURL
[INFO ] 2021-07-21 11:10:28.732 [main] Log - Clicking element: exactURL
[INFO ] 2021-07-21 11:10:31.516 [main] Log - Reading element from JSON file: userName
[INFO ] 2021-07-21 11:10:31.608 [main] Log - Reading element from JSON file: password
[INFO ] 2021-07-21 11:10:31.677 [main] Log - Reading element from JSON file: detailBtn
[INFO ] 2021-07-21 11:10:31.678 [main] Log - Clicking element: detailBtn
[ERROR] 2021-07-21 11:10:41.735 [main] Log - Failed to find or click element: detailBtn
[INFO ] 2021-07-21 11:10:41.735 [main] Log - Reading element from JSON file: login
[INFO ] 2021-07-21 11:10:41.736 [main] Log - Clicking element: login
[INFO ] 2021-07-21 11:10:46.773 [main] Log - Reading element from JSON file: hamburgerProfile
[INFO ] 2021-07-21 11:10:46.774 [main] Log - Clicking element: hamburgerProfile
[INFO ] 2021-07-21 11:10:46.822 [main] Log - Reading element from JSON file: rules
[INFO ] 2021-07-21 11:10:46.822 [main] Log - Clicking element: rules
[INFO ] 2021-07-21 11:10:53.905 [main] Log - Reading element from JSON file: createAddDevice
[INFO ] 2021-07-21 11:12:13.299 [main] Log - Reading element from JSON file: detailBtn
[INFO ] 2021-07-21 11:12:13.307 [main] Log - Clicking element: detailBtn
[INFO ] 2021-07-21 11:12:13.355 [main] Log - Reading element from JSON file: proceedBtn
[INFO ] 2021-07-21 11:12:13.356 [main] Log - Clicking element: proceedBtn
[INFO ] 2021-07-21 11:12:14.271 [main] Log - Reading element from JSON file: exactURL
[INFO ] 2021-07-21 11:12:14.274 [main] Log - Clicking element: exactURL
[INFO ] 2021-07-21 11:12:15.763 [main] Log - Reading element from JSON file: userName
[INFO ] 2021-07-21 11:12:15.831 [main] Log - Reading element from JSON file: password
[INFO ] 2021-07-21 11:12:15.885 [main] Log - Reading element from JSON file: detailBtn
[INFO ] 2021-07-21 11:12:15.886 [main] Log - Clicking element: detailBtn
[ERROR] 2021-07-21 11:12:25.915 [main] Log - Failed to find or click element: detailBtn
[INFO ] 2021-07-21 11:12:25.915 [main] Log - Reading element from JSON file: login
[INFO ] 2021-07-21 11:12:25.915 [main] Log - Clicking element: login
[INFO ] 2021-07-21 11:12:31.700 [main] Log - Reading element from JSON file: hamburgerProfile
[INFO ] 2021-07-21 11:12:31.701 [main] Log - Clicking element: hamburgerProfile
[INFO ] 2021-07-21 11:12:31.747 [main] Log - Reading element from JSON file: rules
[INFO ] 2021-07-21 11:12:31.748 [main] Log - Clicking element: rules
[INFO ] 2021-07-21 11:12:38.678 [main] Log - Reading element from JSON file: createAddDevice
[INFO ] 2021-07-21 11:13:58.958 [main] Log - Reading element from JSON file: detailBtn
[INFO ] 2021-07-21 11:13:58.966 [main] Log - Clicking element: detailBtn
[INFO ] 2021-07-21 11:13:59.015 [main] Log - Reading element from JSON file: proceedBtn
[INFO ] 2021-07-21 11:13:59.016 [main] Log - Clicking element: proceedBtn
[INFO ] 2021-07-21 11:13:59.729 [main] Log - Reading element from JSON file: exactURL
[INFO ] 2021-07-21 11:13:59.730 [main] Log - Clicking element: exactURL
[INFO ] 2021-07-21 11:14:02.387 [main] Log - Reading element from JSON file: userName
[INFO ] 2021-07-21 11:14:02.452 [main] Log - Reading element from JSON file: password
[INFO ] 2021-07-21 11:14:02.509 [main] Log - Reading element from JSON file: detailBtn
[INFO ] 2021-07-21 11:14:02.510 [main] Log - Clicking element: detailBtn
[ERROR] 2021-07-21 11:14:12.548 [main] Log - Failed to find or click element: detailBtn
[INFO ] 2021-07-21 11:14:12.548 [main] Log - Reading element from JSON file: login
[INFO ] 2021-07-21 11:14:12.549 [main] Log - Clicking element: login
[INFO ] 2021-07-21 11:14:18.204 [main] Log - Reading element from JSON file: hamburgerProfile
[INFO ] 2021-07-21 11:14:18.205 [main] Log - Clicking element: hamburgerProfile
[INFO ] 2021-07-21 11:14:18.257 [main] Log - Reading element from JSON file: rules
[INFO ] 2021-07-21 11:14:18.259 [main] Log - Clicking element: rules
[INFO ] 2021-07-21 11:14:25.614 [main] Log - Reading element from JSON file: createAddDevice
[INFO ] 2021-07-21 14:05:07.445 [main] Log - Reading element from JSON file: detailBtn
[INFO ] 2021-07-21 14:05:07.461 [main] Log - Clicking element: detailBtn
[INFO ] 2021-07-21 14:05:07.546 [main] Log - Reading element from JSON file: proceedBtn
[INFO ] 2021-07-21 14:05:07.549 [main] Log - Clicking element: proceedBtn
[INFO ] 2021-07-21 14:05:08.446 [main] Log - Reading element from JSON file: exactURL
[INFO ] 2021-07-21 14:05:08.447 [main] Log - Clicking element: exactURL
[INFO ] 2021-07-21 14:05:09.626 [main] Log - Reading element from JSON file: userName
[INFO ] 2021-07-21 14:05:10.259 [main] Log - Reading element from JSON file: password
[INFO ] 2021-07-21 14:05:10.314 [main] Log - Reading element from JSON file: detailBtn
[INFO ] 2021-07-21 14:05:10.315 [main] Log - Clicking element: detailBtn
[ERROR] 2021-07-21 14:05:20.402 [main] Log - Failed to find or click element: detailBtn
[INFO ] 2021-07-21 14:05:20.402 [main] Log - Reading element from JSON file: login
[INFO ] 2021-07-21 14:05:20.403 [main] Log - Clicking element: login
[INFO ] 2021-07-21 14:05:26.037 [main] Log - Reading element from JSON file: hamburgerProfile
[INFO ] 2021-07-21 14:05:26.039 [main] Log - Clicking element: hamburgerProfile
[INFO ] 2021-07-21 14:05:26.094 [main] Log - Reading element from JSON file: rules
[INFO ] 2021-07-21 14:05:26.095 [main] Log - Clicking element: rules
[INFO ] 2021-07-21 14:05:33.119 [main] Log - Reading element from JSON file: createAddDevice
[INFO ] 2021-07-21 14:08:23.643 [main] Log - Reading element from JSON file: detailBtn
[INFO ] 2021-07-21 14:08:23.655 [main] Log - Clicking element: detailBtn
[INFO ] 2021-07-21 14:08:23.728 [main] Log - Reading element from JSON file: proceedBtn
[INFO ] 2021-07-21 14:08:23.729 [main] Log - Clicking element: proceedBtn
[INFO ] 2021-07-21 14:08:24.516 [main] Log - Reading element from JSON file: exactURL
[INFO ] 2021-07-21 14:08:24.517 [main] Log - Clicking element: exactURL
[INFO ] 2021-07-21 14:08:26.786 [main] Log - Reading element from JSON file: userName
[INFO ] 2021-07-21 14:08:26.858 [main] Log - Reading element from JSON file: password
[INFO ] 2021-07-21 14:08:26.913 [main] Log - Reading element from JSON file: detailBtn
[INFO ] 2021-07-21 14:08:26.914 [main] Log - Clicking element: detailBtn
[ERROR] 2021-07-21 14:08:36.968 [main] Log - Failed to find or click element: detailBtn
[INFO ] 2021-07-21 14:08:36.968 [main] Log - Reading element from JSON file: login
[INFO ] 2021-07-21 14:08:36.969 [main] Log - Clicking element: login
[INFO ] 2021-07-21 14:08:42.060 [main] Log - Reading element from JSON file: hamburgerProfile
[INFO ] 2021-07-21 14:08:42.061 [main] Log - Clicking element: hamburgerProfile
[INFO ] 2021-07-21 14:08:42.141 [main] Log - Reading element from JSON file: rules
[INFO ] 2021-07-21 14:08:42.142 [main] Log - Clicking element: rules
[INFO ] 2021-07-21 14:08:43.702 [main] Log - Reading element from JSON file: androidPlus
[INFO ] 2021-07-21 14:08:43.703 [main] Log - Clicking element: androidPlus
[ERROR] 2021-07-21 14:08:53.724 [main] Log - Failed to find or click element: androidPlus
[INFO ] 2021-07-21 14:08:59.288 [main] Log - Reading element from JSON file: createAddDevice
[INFO ] 2021-07-21 14:18:22.687 [main] Log - Reading element from JSON file: detailBtn
[INFO ] 2021-07-21 14:18:22.699 [main] Log - Clicking element: detailBtn
[INFO ] 2021-07-21 14:18:22.754 [main] Log - Reading element from JSON file: proceedBtn
[INFO ] 2021-07-21 14:18:22.755 [main] Log - Clicking element: proceedBtn
[INFO ] 2021-07-21 14:18:23.580 [main] Log - Reading element from JSON file: exactURL
[INFO ] 2021-07-21 14:18:23.581 [main] Log - Clicking element: exactURL
[INFO ] 2021-07-21 14:18:25.825 [main] Log - Reading element from JSON file: userName
[INFO ] 2021-07-21 14:18:25.912 [main] Log - Reading element from JSON file: password
[INFO ] 2021-07-21 14:18:25.969 [main] Log - Reading element from JSON file: detailBtn
[INFO ] 2021-07-21 14:18:25.970 [main] Log - Clicking element: detailBtn
[ERROR] 2021-07-21 14:18:36.009 [main] Log - Failed to find or click element: detailBtn
[INFO ] 2021-07-21 14:18:36.009 [main] Log - Reading element from JSON file: login
[INFO ] 2021-07-21 14:18:36.010 [main] Log - Clicking element: login
[INFO ] 2021-07-21 14:18:41.594 [main] Log - Reading element from JSON file: hamburgerProfile
[INFO ] 2021-07-21 14:18:41.595 [main] Log - Clicking element: hamburgerProfile
[INFO ] 2021-07-21 14:18:41.644 [main] Log - Reading element from JSON file: rules
[INFO ] 2021-07-21 14:18:41.645 [main] Log - Clicking element: rules
[INFO ] 2021-07-21 14:18:43.247 [main] Log - Reading element from JSON file: androidPlus
[INFO ] 2021-07-21 14:18:43.248 [main] Log - Clicking element: androidPlus
[ERROR] 2021-07-21 14:18:53.351 [main] Log - Failed to find or click element: androidPlus
[INFO ] 2021-07-21 14:18:58.923 [main] Log - Reading element from JSON file: createAddDevice
[INFO ] 2021-07-21 14:25:23.236 [main] Log - Reading element from JSON file: detailBtn
[INFO ] 2021-07-21 14:25:23.247 [main] Log - Clicking element: detailBtn
[INFO ] 2021-07-21 14:25:23.304 [main] Log - Reading element from JSON file: proceedBtn
[INFO ] 2021-07-21 14:25:23.305 [main] Log - Clicking element: proceedBtn
[INFO ] 2021-07-21 14:25:24.129 [main] Log - Reading element from JSON file: exactURL
[INFO ] 2021-07-21 14:25:24.130 [main] Log - Clicking element: exactURL
[INFO ] 2021-07-21 14:25:25.653 [main] Log - Reading element from JSON file: userName
[INFO ] 2021-07-21 14:25:25.714 [main] Log - Reading element from JSON file: password
[INFO ] 2021-07-21 14:25:25.771 [main] Log - Reading element from JSON file: detailBtn
[INFO ] 2021-07-21 14:25:25.771 [main] Log - Clicking element: detailBtn
[ERROR] 2021-07-21 14:25:35.859 [main] Log - Failed to find or click element: detailBtn
[INFO ] 2021-07-21 14:25:35.859 [main] Log - Reading element from JSON file: login
[INFO ] 2021-07-21 14:25:35.861 [main] Log - Clicking element: login
[INFO ] 2021-07-21 14:25:41.691 [main] Log - Reading element from JSON file: hamburgerProfile
[INFO ] 2021-07-21 14:25:41.692 [main] Log - Clicking element: hamburgerProfile
[INFO ] 2021-07-21 14:25:41.740 [main] Log - Reading element from JSON file: rules
[INFO ] 2021-07-21 14:25:41.741 [main] Log - Clicking element: rules
[INFO ] 2021-07-21 14:25:49.365 [main] Log - Reading element from JSON file: createAddDevice
[INFO ] 2021-07-21 14:33:23.871 [main] Log - Reading element from JSON file: detailBtn
[INFO ] 2021-07-21 14:33:23.882 [main] Log - Clicking element: detailBtn
[INFO ] 2021-07-21 14:33:23.938 [main] Log - Reading element from JSON file: proceedBtn
[INFO ] 2021-07-21 14:33:23.939 [main] Log - Clicking element: proceedBtn
[INFO ] 2021-07-21 14:33:24.707 [main] Log - Reading element from JSON file: exactURL
[INFO ] 2021-07-21 14:33:24.708 [main] Log - Clicking element: exactURL
[INFO ] 2021-07-21 14:33:26.305 [main] Log - Reading element from JSON file: userName
[INFO ] 2021-07-21 14:33:26.381 [main] Log - Reading element from JSON file: password
[INFO ] 2021-07-21 14:33:26.438 [main] Log - Reading element from JSON file: detailBtn
[INFO ] 2021-07-21 14:33:26.439 [main] Log - Clicking element: detailBtn
[ERROR] 2021-07-21 14:33:36.467 [main] Log - Failed to find or click element: detailBtn
[INFO ] 2021-07-21 14:33:36.467 [main] Log - Reading element from JSON file: login
[INFO ] 2021-07-21 14:33:36.468 [main] Log - Clicking element: login
[INFO ] 2021-07-21 14:33:42.490 [main] Log - Reading element from JSON file: hamburgerProfile
[INFO ] 2021-07-21 14:33:42.491 [main] Log - Clicking element: hamburgerProfile
[INFO ] 2021-07-21 14:33:42.546 [main] Log - Reading element from JSON file: rules
[INFO ] 2021-07-21 14:33:42.547 [main] Log - Clicking element: rules
[INFO ] 2021-07-21 14:33:49.618 [main] Log - Reading element from JSON file: createAddDevice
[INFO ] 2021-07-21 14:55:27.315 [main] Log - Reading element from JSON file: detailBtn
[INFO ] 2021-07-21 14:55:27.326 [main] Log - Clicking element: detailBtn
[INFO ] 2021-07-21 14:55:27.384 [main] Log - Reading element from JSON file: proceedBtn
[INFO ] 2021-07-21 14:55:27.385 [main] Log - Clicking element: proceedBtn
[INFO ] 2021-07-21 14:55:28.543 [main] Log - Reading element from JSON file: exactURL
[INFO ] 2021-07-21 14:55:28.544 [main] Log - Clicking element: exactURL
[INFO ] 2021-07-21 14:55:33.823 [main] Log - Reading element from JSON file: userName
[INFO ] 2021-07-21 14:55:33.887 [main] Log - Reading element from JSON file: password
[INFO ] 2021-07-21 14:55:33.944 [main] Log - Reading element from JSON file: detailBtn
[INFO ] 2021-07-21 14:55:33.945 [main] Log - Clicking element: detailBtn
[ERROR] 2021-07-21 14:55:44.017 [main] Log - Failed to find or click element: detailBtn
[INFO ] 2021-07-21 14:55:44.017 [main] Log - Reading element from JSON file: login
[INFO ] 2021-07-21 14:55:44.018 [main] Log - Clicking element: login
[INFO ] 2021-07-21 14:58:28.199 [main] Log - Reading element from JSON file: detailBtn
[INFO ] 2021-07-21 14:58:28.208 [main] Log - Clicking element: detailBtn
[INFO ] 2021-07-21 14:58:28.253 [main] Log - Reading element from JSON file: proceedBtn
[INFO ] 2021-07-21 14:58:28.254 [main] Log - Clicking element: proceedBtn
[INFO ] 2021-07-21 14:58:29.415 [main] Log - Reading element from JSON file: exactURL
[INFO ] 2021-07-21 14:58:29.417 [main] Log - Clicking element: exactURL
[INFO ] 2021-07-21 14:58:33.325 [main] Log - Reading element from JSON file: userName
[INFO ] 2021-07-21 14:58:33.390 [main] Log - Reading element from JSON file: password
[INFO ] 2021-07-21 14:58:33.449 [main] Log - Reading element from JSON file: detailBtn
[INFO ] 2021-07-21 14:58:33.450 [main] Log - Clicking element: detailBtn
[ERROR] 2021-07-21 14:58:43.488 [main] Log - Failed to find or click element: detailBtn
[INFO ] 2021-07-21 14:58:43.489 [main] Log - Reading element from JSON file: login
[INFO ] 2021-07-21 14:58:43.489 [main] Log - Clicking element: login
[INFO ] 2021-07-21 14:58:50.650 [main] Log - Reading element from JSON file: hamburgerProfile
[INFO ] 2021-07-21 14:58:50.652 [main] Log - Clicking element: hamburgerProfile
[INFO ] 2021-07-21 14:58:50.710 [main] Log - Reading element from JSON file: rules
[INFO ] 2021-07-21 14:58:50.711 [main] Log - Clicking element: rules
[INFO ] 2021-07-21 14:58:57.939 [main] Log - Reading element from JSON file: createAddDevice
[INFO ] 2021-07-21 14:59:43.762 [main] Log - Reading element from JSON file: detailBtn
[INFO ] 2021-07-21 14:59:43.770 [main] Log - Clicking element: detailBtn
[INFO ] 2021-07-21 14:59:43.823 [main] Log - Reading element from JSON file: proceedBtn
[INFO ] 2021-07-21 14:59:43.824 [main] Log - Clicking element: proceedBtn
[INFO ] 2021-07-21 14:59:44.633 [main] Log - Reading element from JSON file: exactURL
[INFO ] 2021-07-21 14:59:44.634 [main] Log - Clicking element: exactURL
[INFO ] 2021-07-21 14:59:46.396 [main] Log - Reading element from JSON file: userName
[INFO ] 2021-07-21 14:59:46.459 [main] Log - Reading element from JSON file: password
[INFO ] 2021-07-21 14:59:46.515 [main] Log - Reading element from JSON file: detailBtn
[INFO ] 2021-07-21 14:59:46.516 [main] Log - Clicking element: detailBtn
[ERROR] 2021-07-21 14:59:56.554 [main] Log - Failed to find or click element: detailBtn
[INFO ] 2021-07-21 14:59:56.554 [main] Log - Reading element from JSON file: login
[INFO ] 2021-07-21 14:59:56.555 [main] Log - Clicking element: login
[INFO ] 2021-07-21 15:00:12.063 [main] Log - Reading element from JSON file: hamburgerProfile
[INFO ] 2021-07-21 15:00:12.064 [main] Log - Clicking element: hamburgerProfile
[INFO ] 2021-07-21 15:00:12.115 [main] Log - Reading element from JSON file: rules
[INFO ] 2021-07-21 15:00:12.116 [main] Log - Clicking element: rules
[INFO ] 2021-07-21 15:00:19.638 [main] Log - Reading element from JSON file: createAddDevice
[INFO ] 2021-07-21 15:01:09.499 [main] Log - Reading element from JSON file: detailBtn
[INFO ] 2021-07-21 15:01:09.508 [main] Log - Clicking element: detailBtn
[INFO ] 2021-07-21 15:01:09.553 [main] Log - Reading element from JSON file: proceedBtn
[INFO ] 2021-07-21 15:01:09.554 [main] Log - Clicking element: proceedBtn
[INFO ] 2021-07-21 15:01:10.738 [main] Log - Reading element from JSON file: exactURL
[INFO ] 2021-07-21 15:01:10.739 [main] Log - Clicking element: exactURL
[INFO ] 2021-07-21 15:01:13.375 [main] Log - Reading element from JSON file: userName
[INFO ] 2021-07-21 15:01:13.434 [main] Log - Reading element from JSON file: password
[INFO ] 2021-07-21 15:01:13.490 [main] Log - Reading element from JSON file: detailBtn
[INFO ] 2021-07-21 15:01:13.491 [main] Log - Clicking element: detailBtn
[ERROR] 2021-07-21 15:01:23.562 [main] Log - Failed to find or click element: detailBtn
[INFO ] 2021-07-21 15:01:23.562 [main] Log - Reading element from JSON file: login
[INFO ] 2021-07-21 15:01:23.563 [main] Log - Clicking element: login
[INFO ] 2021-07-21 15:01:29.258 [main] Log - Reading element from JSON file: hamburgerProfile
[INFO ] 2021-07-21 15:01:29.259 [main] Log - Clicking element: hamburgerProfile
[INFO ] 2021-07-21 15:01:29.307 [main] Log - Reading element from JSON file: rules
[INFO ] 2021-07-21 15:01:29.308 [main] Log - Clicking element: rules
[INFO ] 2021-07-21 15:01:36.513 [main] Log - Reading element from JSON file: createAddDevice
[INFO ] 2021-07-21 15:03:02.542 [main] Log - Reading element from JSON file: detailBtn
[INFO ] 2021-07-21 15:03:02.551 [main] Log - Clicking element: detailBtn
[INFO ] 2021-07-21 15:03:02.601 [main] Log - Reading element from JSON file: proceedBtn
[INFO ] 2021-07-21 15:03:02.602 [main] Log - Clicking element: proceedBtn
[INFO ] 2021-07-21 15:03:04.051 [main] Log - Reading element from JSON file: exactURL
[INFO ] 2021-07-21 15:03:04.052 [main] Log - Clicking element: exactURL
[INFO ] 2021-07-21 15:03:11.237 [main] Log - Reading element from JSON file: userName
[INFO ] 2021-07-21 15:03:11.300 [main] Log - Reading element from JSON file: password
[INFO ] 2021-07-21 15:03:11.354 [main] Log - Reading element from JSON file: detailBtn
[INFO ] 2021-07-21 15:03:11.355 [main] Log - Clicking element: detailBtn
[ERROR] 2021-07-21 15:03:21.371 [main] Log - Failed to find or click element: detailBtn
[INFO ] 2021-07-21 15:03:21.371 [main] Log - Reading element from JSON file: login
[INFO ] 2021-07-21 15:03:21.372 [main] Log - Clicking element: login
[INFO ] 2021-07-21 15:03:38.495 [main] Log - Reading element from JSON file: hamburgerProfile
[INFO ] 2021-07-21 15:03:38.497 [main] Log - Clicking element: hamburgerProfile
[INFO ] 2021-07-21 15:03:38.548 [main] Log - Reading element from JSON file: rules
[INFO ] 2021-07-21 15:03:38.549 [main] Log - Clicking element: rules
[INFO ] 2021-07-21 15:03:46.132 [main] Log - Reading element from JSON file: createAddDevice
[INFO ] 2021-07-21 15:07:02.956 [main] Log - Reading element from JSON file: detailBtn
[INFO ] 2021-07-21 15:07:02.965 [main] Log - Clicking element: detailBtn
[INFO ] 2021-07-21 15:07:03.019 [main] Log - Reading element from JSON file: proceedBtn
[INFO ] 2021-07-21 15:07:03.019 [main] Log - Clicking element: proceedBtn
[INFO ] 2021-07-21 15:07:03.807 [main] Log - Reading element from JSON file: exactURL
[INFO ] 2021-07-21 15:07:03.808 [main] Log - Clicking element: exactURL
[INFO ] 2021-07-21 15:07:07.314 [main] Log - Reading element from JSON file: userName
[INFO ] 2021-07-21 15:07:07.389 [main] Log - Reading element from JSON file: password
[INFO ] 2021-07-21 15:07:07.447 [main] Log - Reading element from JSON file: detailBtn
[INFO ] 2021-07-21 15:07:07.447 [main] Log - Clicking element: detailBtn
[ERROR] 2021-07-21 15:07:17.506 [main] Log - Failed to find or click element: detailBtn
[INFO ] 2021-07-21 15:07:17.506 [main] Log - Reading element from JSON file: login
[INFO ] 2021-07-21 15:07:17.506 [main] Log - Clicking element: login
[INFO ] 2021-07-21 15:07:23.471 [main] Log - Reading element from JSON file: hamburgerProfile
[INFO ] 2021-07-21 15:07:23.472 [main] Log - Clicking element: hamburgerProfile
[INFO ] 2021-07-21 15:07:23.523 [main] Log - Reading element from JSON file: rules
[INFO ] 2021-07-21 15:07:23.524 [main] Log - Clicking element: rules
[INFO ] 2021-07-21 15:07:35.954 [main] Log - Reading element from JSON file: entercleanName
[INFO ] 2021-07-21 15:11:42.903 [main] Log - Reading element from JSON file: detailBtn
[INFO ] 2021-07-21 15:11:42.911 [main] Log - Clicking element: detailBtn
[INFO ] 2021-07-21 15:11:42.962 [main] Log - Reading element from JSON file: proceedBtn
[INFO ] 2021-07-21 15:11:42.963 [main] Log - Clicking element: proceedBtn
[INFO ] 2021-07-21 15:11:43.801 [main] Log - Reading element from JSON file: exactURL
[INFO ] 2021-07-21 15:11:43.802 [main] Log - Clicking element: exactURL
[INFO ] 2021-07-21 15:11:46.128 [main] Log - Reading element from JSON file: userName
[INFO ] 2021-07-21 15:11:46.191 [main] Log - Reading element from JSON file: password
[INFO ] 2021-07-21 15:11:46.246 [main] Log - Reading element from JSON file: detailBtn
[INFO ] 2021-07-21 15:11:46.247 [main] Log - Clicking element: detailBtn
[ERROR] 2021-07-21 15:11:56.288 [main] Log - Failed to find or click element: detailBtn
[INFO ] 2021-07-21 15:11:56.288 [main] Log - Reading element from JSON file: login
[INFO ] 2021-07-21 15:11:56.289 [main] Log - Clicking element: login
[INFO ] 2021-07-21 15:12:03.633 [main] Log - Reading element from JSON file: hamburgerProfile
[INFO ] 2021-07-21 15:12:03.634 [main] Log - Clicking element: hamburgerProfile
[INFO ] 2021-07-21 15:12:03.683 [main] Log - Reading element from JSON file: rules
[INFO ] 2021-07-21 15:12:03.684 [main] Log - Clicking element: rules
[INFO ] 2021-07-21 15:12:10.866 [main] Log - Reading element from JSON file: createAddDevice
[INFO ] 2021-07-21 15:13:06.494 [main] Log - Reading element from JSON file: detailBtn
[INFO ] 2021-07-21 15:13:06.503 [main] Log - Clicking element: detailBtn
[INFO ] 2021-07-21 15:13:06.555 [main] Log - Reading element from JSON file: proceedBtn
[INFO ] 2021-07-21 15:13:06.556 [main] Log - Clicking element: proceedBtn
[INFO ] 2021-07-21 15:13:07.463 [main] Log - Reading element from JSON file: exactURL
[INFO ] 2021-07-21 15:13:07.464 [main] Log - Clicking element: exactURL
[INFO ] 2021-07-21 15:13:10.895 [main] Log - Reading element from JSON file: userName
[INFO ] 2021-07-21 15:13:10.962 [main] Log - Reading element from JSON file: password
[INFO ] 2021-07-21 15:13:11.024 [main] Log - Reading element from JSON file: detailBtn
[INFO ] 2021-07-21 15:13:11.025 [main] Log - Clicking element: detailBtn
[ERROR] 2021-07-21 15:13:21.094 [main] Log - Failed to find or click element: detailBtn
[INFO ] 2021-07-21 15:13:21.094 [main] Log - Reading element from JSON file: login
[INFO ] 2021-07-21 15:13:21.095 [main] Log - Clicking element: login
[INFO ] 2021-07-21 15:13:27.755 [main] Log - Reading element from JSON file: hamburgerProfile
[INFO ] 2021-07-21 15:13:27.756 [main] Log - Clicking element: hamburgerProfile
[INFO ] 2021-07-21 15:13:27.804 [main] Log - Reading element from JSON file: rules
[INFO ] 2021-07-21 15:13:27.805 [main] Log - Clicking element: rules
[INFO ] 2021-07-21 15:13:35.100 [main] Log - Reading element from JSON file: createAddDevice
[INFO ] 2021-07-21 15:14:05.752 [main] Log - Reading element from JSON file: detailBtn
[INFO ] 2021-07-21 15:14:05.761 [main] Log - Clicking element: detailBtn
[INFO ] 2021-07-21 15:14:05.809 [main] Log - Reading element from JSON file: proceedBtn
[INFO ] 2021-07-21 15:14:05.810 [main] Log - Clicking element: proceedBtn
[INFO ] 2021-07-21 15:14:06.525 [main] Log - Reading element from JSON file: exactURL
[INFO ] 2021-07-21 15:14:06.526 [main] Log - Clicking element: exactURL
[INFO ] 2021-07-21 15:14:08.569 [main] Log - Reading element from JSON file: userName
[INFO ] 2021-07-21 15:14:08.638 [main] Log - Reading element from JSON file: password
[INFO ] 2021-07-21 15:14:08.695 [main] Log - Reading element from JSON file: detailBtn
[INFO ] 2021-07-21 15:14:08.695 [main] Log - Clicking element: detailBtn
[ERROR] 2021-07-21 15:14:18.731 [main] Log - Failed to find or click element: detailBtn
[INFO ] 2021-07-21 15:14:18.731 [main] Log - Reading element from JSON file: login
[INFO ] 2021-07-21 15:14:18.732 [main] Log - Clicking element: login
[INFO ] 2021-07-21 15:14:23.914 [main] Log - Reading element from JSON file: hamburgerProfile
[INFO ] 2021-07-21 15:14:23.915 [main] Log - Clicking element: hamburgerProfile
[INFO ] 2021-07-21 15:14:23.969 [main] Log - Reading element from JSON file: rules
[INFO ] 2021-07-21 15:14:23.969 [main] Log - Clicking element: rules
[INFO ] 2021-07-21 15:14:31.007 [main] Log - Reading element from JSON file: createAddDevice
[INFO ] 2021-07-21 15:14:50.968 [main] Log - Reading element from JSON file: detailBtn
[INFO ] 2021-07-21 15:14:50.978 [main] Log - Clicking element: detailBtn
[INFO ] 2021-07-21 15:14:51.031 [main] Log - Reading element from JSON file: proceedBtn
[INFO ] 2021-07-21 15:14:51.032 [main] Log - Clicking element: proceedBtn
[INFO ] 2021-07-21 15:14:51.907 [main] Log - Reading element from JSON file: exactURL
[INFO ] 2021-07-21 15:14:51.908 [main] Log - Clicking element: exactURL
[INFO ] 2021-07-21 15:14:55.415 [main] Log - Reading element from JSON file: userName
[INFO ] 2021-07-21 15:14:55.498 [main] Log - Reading element from JSON file: password
[INFO ] 2021-07-21 15:14:55.556 [main] Log - Reading element from JSON file: detailBtn
[INFO ] 2021-07-21 15:14:55.557 [main] Log - Clicking element: detailBtn
[ERROR] 2021-07-21 15:15:05.584 [main] Log - Failed to find or click element: detailBtn
[INFO ] 2021-07-21 15:15:05.585 [main] Log - Reading element from JSON file: login
[INFO ] 2021-07-21 15:15:05.586 [main] Log - Clicking element: login
[INFO ] 2021-07-21 15:15:10.873 [main] Log - Reading element from JSON file: hamburgerProfile
[INFO ] 2021-07-21 15:15:10.874 [main] Log - Clicking element: hamburgerProfile
[INFO ] 2021-07-21 15:15:10.927 [main] Log - Reading element from JSON file: rules
[INFO ] 2021-07-21 15:15:10.928 [main] Log - Clicking element: rules
[INFO ] 2021-07-21 15:15:17.891 [main] Log - Reading element from JSON file: createAddDevice
[INFO ] 2021-07-21 15:18:34.655 [main] Log - Reading element from JSON file: detailBtn
[INFO ] 2021-07-21 15:18:34.663 [main] Log - Clicking element: detailBtn
[INFO ] 2021-07-21 15:18:34.709 [main] Log - Reading element from JSON file: proceedBtn
[INFO ] 2021-07-21 15:18:34.710 [main] Log - Clicking element: proceedBtn
[INFO ] 2021-07-21 15:18:35.518 [main] Log - Reading element from JSON file: exactURL
[INFO ] 2021-07-21 15:18:35.519 [main] Log - Clicking element: exactURL
[INFO ] 2021-07-21 15:18:39.666 [main] Log - Reading element from JSON file: userName
[INFO ] 2021-07-21 15:18:39.730 [main] Log - Reading element from JSON file: password
[INFO ] 2021-07-21 15:18:39.788 [main] Log - Reading element from JSON file: detailBtn
[INFO ] 2021-07-21 15:18:39.788 [main] Log - Clicking element: detailBtn
[ERROR] 2021-07-21 15:18:49.830 [main] Log - Failed to find or click element: detailBtn
[INFO ] 2021-07-21 15:18:49.830 [main] Log - Reading element from JSON file: login
[INFO ] 2021-07-21 15:18:49.831 [main] Log - Clicking element: login
[INFO ] 2021-07-21 15:18:55.523 [main] Log - Reading element from JSON file: hamburgerProfile
[INFO ] 2021-07-21 15:18:55.524 [main] Log - Clicking element: hamburgerProfile
[INFO ] 2021-07-21 15:18:55.573 [main] Log - Reading element from JSON file: rules
[INFO ] 2021-07-21 15:18:55.575 [main] Log - Clicking element: rules
[INFO ] 2021-07-21 15:19:02.616 [main] Log - Reading element from JSON file: createAddDevice
[INFO ] 2021-07-21 15:21:44.043 [main] Log - Reading element from JSON file: detailBtn
[INFO ] 2021-07-21 15:21:44.052 [main] Log - Clicking element: detailBtn
[INFO ] 2021-07-21 15:21:44.104 [main] Log - Reading element from JSON file: proceedBtn
[INFO ] 2021-07-21 15:21:44.104 [main] Log - Clicking element: proceedBtn
[INFO ] 2021-07-21 15:21:44.906 [main] Log - Reading element from JSON file: exactURL
[INFO ] 2021-07-21 15:21:44.907 [main] Log - Clicking element: exactURL
[INFO ] 2021-07-21 15:21:47.798 [main] Log - Reading element from JSON file: userName
[INFO ] 2021-07-21 15:21:47.873 [main] Log - Reading element from JSON file: password
[INFO ] 2021-07-21 15:21:47.929 [main] Log - Reading element from JSON file: detailBtn
[INFO ] 2021-07-21 15:21:47.930 [main] Log - Clicking element: detailBtn
[ERROR] 2021-07-21 15:21:57.954 [main] Log - Failed to find or click element: detailBtn
[INFO ] 2021-07-21 15:21:57.954 [main] Log - Reading element from JSON file: login
[INFO ] 2021-07-21 15:21:57.954 [main] Log - Clicking element: login
[INFO ] 2021-07-21 15:22:04.081 [main] Log - Reading element from JSON file: hamburgerProfile
[INFO ] 2021-07-21 15:22:04.082 [main] Log - Clicking element: hamburgerProfile
[INFO ] 2021-07-21 15:22:04.130 [main] Log - Reading element from JSON file: rules
[INFO ] 2021-07-21 15:22:04.132 [main] Log - Clicking element: rules
[INFO ] 2021-07-21 15:22:11.104 [main] Log - Reading element from JSON file: createAddDevice
[INFO ] 2021-07-21 15:24:03.626 [main] Log - Reading element from JSON file: detailBtn
[INFO ] 2021-07-21 15:24:03.634 [main] Log - Clicking element: detailBtn
[INFO ] 2021-07-21 15:24:03.697 [main] Log - Reading element from JSON file: proceedBtn
[INFO ] 2021-07-21 15:24:03.698 [main] Log - Clicking element: proceedBtn
[INFO ] 2021-07-21 15:24:04.504 [main] Log - Reading element from JSON file: exactURL
[INFO ] 2021-07-21 15:24:04.505 [main] Log - Clicking element: exactURL
[INFO ] 2021-07-21 15:24:06.489 [main] Log - Reading element from JSON file: userName
[INFO ] 2021-07-21 15:24:06.562 [main] Log - Reading element from JSON file: password
[INFO ] 2021-07-21 15:24:06.616 [main] Log - Reading element from JSON file: detailBtn
[INFO ] 2021-07-21 15:24:06.617 [main] Log - Clicking element: detailBtn
[ERROR] 2021-07-21 15:24:16.678 [main] Log - Failed to find or click element: detailBtn
[INFO ] 2021-07-21 15:24:16.678 [main] Log - Reading element from JSON file: login
[INFO ] 2021-07-21 15:24:16.679 [main] Log - Clicking element: login
[INFO ] 2021-07-21 15:24:21.698 [main] Log - Reading element from JSON file: hamburgerProfile
[INFO ] 2021-07-21 15:24:21.699 [main] Log - Clicking element: hamburgerProfile
[INFO ] 2021-07-21 15:24:21.748 [main] Log - Reading element from JSON file: rules
[INFO ] 2021-07-21 15:24:21.749 [main] Log - Clicking element: rules
[INFO ] 2021-07-21 15:24:29.076 [main] Log - Reading element from JSON file: createAddDevice
[INFO ] 2021-07-21 15:25:48.783 [main] Log - Reading element from JSON file: detailBtn
[INFO ] 2021-07-21 15:25:48.792 [main] Log - Clicking element: detailBtn
[INFO ] 2021-07-21 15:25:48.842 [main] Log - Reading element from JSON file: proceedBtn
[INFO ] 2021-07-21 15:25:48.844 [main] Log - Clicking element: proceedBtn
[INFO ] 2021-07-21 15:25:49.658 [main] Log - Reading element from JSON file: exactURL
[INFO ] 2021-07-21 15:25:49.659 [main] Log - Clicking element: exactURL
[INFO ] 2021-07-21 15:25:52.416 [main] Log - Reading element from JSON file: userName
[INFO ] 2021-07-21 15:25:52.480 [main] Log - Reading element from JSON file: password
[INFO ] 2021-07-21 15:25:52.534 [main] Log - Reading element from JSON file: detailBtn
[INFO ] 2021-07-21 15:25:52.535 [main] Log - Clicking element: detailBtn
[ERROR] 2021-07-21 15:26:02.567 [main] Log - Failed to find or click element: detailBtn
[INFO ] 2021-07-21 15:26:02.567 [main] Log - Reading element from JSON file: login
[INFO ] 2021-07-21 15:26:02.568 [main] Log - Clicking element: login
[INFO ] 2021-07-21 15:26:08.526 [main] Log - Reading element from JSON file: hamburgerProfile
[INFO ] 2021-07-21 15:26:08.527 [main] Log - Clicking element: hamburgerProfile
[INFO ] 2021-07-21 15:26:08.584 [main] Log - Reading element from JSON file: rules
[INFO ] 2021-07-21 15:26:08.585 [main] Log - Clicking element: rules
[INFO ] 2021-07-21 15:26:20.985 [main] Log - Reading element from JSON file: entercleanName
[INFO ] 2021-07-21 16:31:21.264 [main] Log - Reading element from JSON file: detailBtn
[INFO ] 2021-07-21 16:31:21.274 [main] Log - Clicking element: detailBtn
[INFO ] 2021-07-21 16:31:21.332 [main] Log - Reading element from JSON file: proceedBtn
[INFO ] 2021-07-21 16:31:21.333 [main] Log - Clicking element: proceedBtn
[INFO ] 2021-07-21 16:31:22.137 [main] Log - Reading element from JSON file: exactURL
[INFO ] 2021-07-21 16:31:22.138 [main] Log - Clicking element: exactURL
[INFO ] 2021-07-21 16:31:23.744 [main] Log - Reading element from JSON file: userName
[INFO ] 2021-07-21 16:31:23.830 [main] Log - Reading element from JSON file: password
[INFO ] 2021-07-21 16:31:23.885 [main] Log - Reading element from JSON file: detailBtn
[INFO ] 2021-07-21 16:31:23.887 [main] Log - Clicking element: detailBtn
[ERROR] 2021-07-21 16:31:33.952 [main] Log - Failed to find or click element: detailBtn
[INFO ] 2021-07-21 16:31:33.952 [main] Log - Reading element from JSON file: login
[INFO ] 2021-07-21 16:31:33.953 [main] Log - Clicking element: login
[INFO ] 2021-07-21 16:32:22.560 [main] Log - Reading element from JSON file: detailBtn
[INFO ] 2021-07-21 16:32:22.567 [main] Log - Clicking element: detailBtn
[INFO ] 2021-07-21 16:32:22.614 [main] Log - Reading element from JSON file: proceedBtn
[INFO ] 2021-07-21 16:32:22.615 [main] Log - Clicking element: proceedBtn
[INFO ] 2021-07-21 16:32:23.475 [main] Log - Reading element from JSON file: exactURL
[INFO ] 2021-07-21 16:32:23.477 [main] Log - Clicking element: exactURL
[INFO ] 2021-07-21 16:32:25.416 [main] Log - Reading element from JSON file: userName
[INFO ] 2021-07-21 16:32:25.479 [main] Log - Reading element from JSON file: password
[INFO ] 2021-07-21 16:32:25.533 [main] Log - Reading element from JSON file: detailBtn
[INFO ] 2021-07-21 16:32:25.535 [main] Log - Clicking element: detailBtn
[ERROR] 2021-07-21 16:32:35.582 [main] Log - Failed to find or click element: detailBtn
[INFO ] 2021-07-21 16:32:35.582 [main] Log - Reading element from JSON file: login
[INFO ] 2021-07-21 16:32:35.583 [main] Log - Clicking element: login
[INFO ] 2021-07-21 16:32:35.637 [main] Log - Reading element from JSON file: hamburgerProfile
[INFO ] 2021-07-21 16:32:35.639 [main] Log - Clicking element: hamburgerProfile
[INFO ] 2021-07-21 16:32:37.700 [main] Log - Reading element from JSON file: globalSettings
[INFO ] 2021-07-21 16:32:37.700 [main] Log - Clicking element: globalSettings
[INFO ] 2021-07-21 16:32:39.726 [main] Log - Reading element from JSON file: androidEnterpriseBinding
[INFO ] 2021-07-21 16:32:39.727 [main] Log - Clicking element: androidEnterpriseBinding
[INFO ] 2021-07-21 16:32:39.850 [main] Log - Reading element from JSON file: addGoogleDomain
[INFO ] 2021-07-21 16:32:39.850 [main] Log - Clicking element: addGoogleDomain
[INFO ] 2021-07-21 16:32:40.129 [main] Log - Reading element from JSON file: managedEnterprise
[INFO ] 2021-07-21 16:32:40.129 [main] Log - Clicking element: managedEnterprise
[INFO ] 2021-07-21 16:32:40.216 [main] Log - Reading element from JSON file: meOKBtn
[INFO ] 2021-07-21 16:32:40.216 [main] Log - Clicking element: meOKBtn
[INFO ] 2021-07-21 16:32:44.310 [main] Log - Reading element from JSON file: signIN
[INFO ] 2021-07-21 16:32:44.310 [main] Log - Clicking element: signIN
[INFO ] 2021-07-21 16:32:47.425 [main] Log - Reading element from JSON file: googleUName
[INFO ] 2021-07-21 16:32:47.427 [main] Log - Clicking element: googleUName
[INFO ] 2021-07-21 16:32:47.476 [main] Log - Reading element from JSON file: googleUName
[INFO ] 2021-07-21 16:32:47.561 [main] Log - Reading element from JSON file: googleNext1
[INFO ] 2021-07-21 16:32:47.561 [main] Log - Clicking element: googleNext1
[INFO ] 2021-07-21 16:32:47.613 [main] Log - Reading element from JSON file: googlePass
[INFO ] 2021-07-21 16:32:47.614 [main] Log - Clicking element: googlePass
[INFO ] 2021-07-21 16:32:48.446 [main] Log - Reading element from JSON file: googlePass
[INFO ] 2021-07-21 16:32:48.551 [main] Log - Reading element from JSON file: googleNext2
[INFO ] 2021-07-21 16:32:48.552 [main] Log - Clicking element: googleNext2
[INFO ] 2021-07-21 16:32:48.605 [main] Log - Reading element from JSON file: completeSignUp
[INFO ] 2021-07-21 16:32:48.607 [main] Log - Clicking element: completeSignUp
[INFO ] 2021-07-21 16:32:50.364 [main] Log - Reading element from JSON file: reEnroll
[INFO ] 2021-07-21 16:32:50.366 [main] Log - Clicking element: reEnroll
[INFO ] 2021-07-21 16:33:07.666 [main] Log - Reading element from JSON file: detailBtn
[INFO ] 2021-07-21 16:33:07.674 [main] Log - Clicking element: detailBtn
[INFO ] 2021-07-21 16:33:07.721 [main] Log - Reading element from JSON file: proceedBtn
[INFO ] 2021-07-21 16:33:07.722 [main] Log - Clicking element: proceedBtn
[INFO ] 2021-07-21 16:33:08.439 [main] Log - Reading element from JSON file: exactURL
[INFO ] 2021-07-21 16:33:08.440 [main] Log - Clicking element: exactURL
[INFO ] 2021-07-21 16:33:10.388 [main] Log - Reading element from JSON file: userName
[INFO ] 2021-07-21 16:33:10.447 [main] Log - Reading element from JSON file: password
[INFO ] 2021-07-21 16:33:10.505 [main] Log - Reading element from JSON file: detailBtn
[INFO ] 2021-07-21 16:33:10.507 [main] Log - Clicking element: detailBtn
[ERROR] 2021-07-21 16:33:20.543 [main] Log - Failed to find or click element: detailBtn
[INFO ] 2021-07-21 16:33:20.543 [main] Log - Reading element from JSON file: login
[INFO ] 2021-07-21 16:33:20.544 [main] Log - Clicking element: login
[INFO ] 2021-07-21 16:33:25.829 [main] Log - Reading element from JSON file: hamburgerProfile
[INFO ] 2021-07-21 16:33:25.829 [main] Log - Clicking element: hamburgerProfile
[INFO ] 2021-07-21 16:33:25.877 [main] Log - Reading element from JSON file: rules
[INFO ] 2021-07-21 16:33:25.878 [main] Log - Clicking element: rules
[INFO ] 2021-07-21 16:33:32.773 [main] Log - Reading element from JSON file: createAddDevice
[INFO ] 2021-07-21 16:35:35.120 [main] Log - Reading element from JSON file: detailBtn
[INFO ] 2021-07-21 16:35:35.129 [main] Log - Clicking element: detailBtn
[INFO ] 2021-07-21 16:35:35.180 [main] Log - Reading element from JSON file: proceedBtn
[INFO ] 2021-07-21 16:35:35.181 [main] Log - Clicking element: proceedBtn
[INFO ] 2021-07-21 16:35:35.970 [main] Log - Reading element from JSON file: exactURL
[INFO ] 2021-07-21 16:35:35.970 [main] Log - Clicking element: exactURL
[INFO ] 2021-07-21 16:35:38.272 [main] Log - Reading element from JSON file: userName
[INFO ] 2021-07-21 16:35:38.332 [main] Log - Reading element from JSON file: password
[INFO ] 2021-07-21 16:35:38.386 [main] Log - Reading element from JSON file: detailBtn
[INFO ] 2021-07-21 16:35:38.387 [main] Log - Clicking element: detailBtn
[ERROR] 2021-07-21 16:35:48.407 [main] Log - Failed to find or click element: detailBtn
[INFO ] 2021-07-21 16:35:48.407 [main] Log - Reading element from JSON file: login
[INFO ] 2021-07-21 16:35:48.408 [main] Log - Clicking element: login
[INFO ] 2021-07-21 16:35:53.383 [main] Log - Reading element from JSON file: hamburgerProfile
[INFO ] 2021-07-21 16:35:53.384 [main] Log - Clicking element: hamburgerProfile
[INFO ] 2021-07-21 16:35:53.432 [main] Log - Reading element from JSON file: rules
[INFO ] 2021-07-21 16:35:53.432 [main] Log - Clicking element: rules
[INFO ] 2021-07-21 16:36:00.862 [main] Log - Reading element from JSON file: createAddDevice
[INFO ] 2021-07-21 16:46:15.265 [main] Log - Reading element from JSON file: detailBtn
[INFO ] 2021-07-21 16:46:15.281 [main] Log - Clicking element: detailBtn
[INFO ] 2021-07-21 16:46:15.335 [main] Log - Reading element from JSON file: proceedBtn
[INFO ] 2021-07-21 16:46:15.336 [main] Log - Clicking element: proceedBtn
[INFO ] 2021-07-21 16:46:16.150 [main] Log - Reading element from JSON file: exactURL
[INFO ] 2021-07-21 16:46:16.151 [main] Log - Clicking element: exactURL
[INFO ] 2021-07-21 16:46:18.919 [main] Log - Reading element from JSON file: userName
[INFO ] 2021-07-21 16:46:18.987 [main] Log - Reading element from JSON file: password
[INFO ] 2021-07-21 16:46:19.041 [main] Log - Reading element from JSON file: detailBtn
[INFO ] 2021-07-21 16:46:19.042 [main] Log - Clicking element: detailBtn
[ERROR] 2021-07-21 16:46:29.103 [main] Log - Failed to find or click element: detailBtn
[INFO ] 2021-07-21 16:46:29.103 [main] Log - Reading element from JSON file: login
[INFO ] 2021-07-21 16:46:29.105 [main] Log - Clicking element: login
[INFO ] 2021-07-21 16:46:35.662 [main] Log - Reading element from JSON file: hamburgerProfile
[INFO ] 2021-07-21 16:46:35.663 [main] Log - Clicking element: hamburgerProfile
[INFO ] 2021-07-21 16:46:35.709 [main] Log - Reading element from JSON file: rules
[INFO ] 2021-07-21 16:46:35.709 [main] Log - Clicking element: rules
[INFO ] 2021-07-21 16:46:42.989 [main] Log - Reading element from JSON file: createAddDevice
[INFO ] 2021-07-21 16:52:50.877 [main] Log - Reading element from JSON file: detailBtn
[INFO ] 2021-07-21 16:52:50.889 [main] Log - Clicking element: detailBtn
[INFO ] 2021-07-21 16:52:50.968 [main] Log - Reading element from JSON file: proceedBtn
[INFO ] 2021-07-21 16:52:50.969 [main] Log - Clicking element: proceedBtn
[INFO ] 2021-07-21 16:52:51.836 [main] Log - Reading element from JSON file: exactURL
[INFO ] 2021-07-21 16:52:51.836 [main] Log - Clicking element: exactURL
[INFO ] 2021-07-21 16:52:57.047 [main] Log - Reading element from JSON file: userName
[INFO ] 2021-07-21 16:52:57.115 [main] Log - Reading element from JSON file: password
[INFO ] 2021-07-21 16:52:57.173 [main] Log - Reading element from JSON file: detailBtn
[INFO ] 2021-07-21 16:52:57.174 [main] Log - Clicking element: detailBtn
[ERROR] 2021-07-21 16:53:07.242 [main] Log - Failed to find or click element: detailBtn
[INFO ] 2021-07-21 16:53:07.242 [main] Log - Reading element from JSON file: login
[INFO ] 2021-07-21 16:53:07.243 [main] Log - Clicking element: login
[INFO ] 2021-07-21 16:53:12.787 [main] Log - Reading element from JSON file: hamburgerProfile
[INFO ] 2021-07-21 16:53:12.787 [main] Log - Clicking element: hamburgerProfile
[INFO ] 2021-07-21 16:53:12.841 [main] Log - Reading element from JSON file: rules
[INFO ] 2021-07-21 16:53:12.842 [main] Log - Clicking element: rules
[INFO ] 2021-07-21 16:53:20.166 [main] Log - Reading element from JSON file: createAddDevice
[INFO ] 2021-07-21 16:55:21.928 [main] Log - Reading element from JSON file: detailBtn
[INFO ] 2021-07-21 16:55:21.939 [main] Log - Clicking element: detailBtn
[INFO ] 2021-07-21 16:55:21.995 [main] Log - Reading element from JSON file: proceedBtn
[INFO ] 2021-07-21 16:55:21.996 [main] Log - Clicking element: proceedBtn
[INFO ] 2021-07-21 16:55:22.876 [main] Log - Reading element from JSON file: exactURL
[INFO ] 2021-07-21 16:55:22.877 [main] Log - Clicking element: exactURL
[INFO ] 2021-07-21 16:55:24.545 [main] Log - Reading element from JSON file: userName
[INFO ] 2021-07-21 16:55:24.618 [main] Log - Reading element from JSON file: password
[INFO ] 2021-07-21 16:55:24.671 [main] Log - Reading element from JSON file: detailBtn
[INFO ] 2021-07-21 16:55:24.672 [main] Log - Clicking element: detailBtn
[ERROR] 2021-07-21 16:55:34.701 [main] Log - Failed to find or click element: detailBtn
[INFO ] 2021-07-21 16:55:34.701 [main] Log - Reading element from JSON file: login
[INFO ] 2021-07-21 16:55:34.701 [main] Log - Clicking element: login
[INFO ] 2021-07-21 16:55:42.005 [main] Log - Reading element from JSON file: hamburgerProfile
[INFO ] 2021-07-21 16:55:42.006 [main] Log - Clicking element: hamburgerProfile
[INFO ] 2021-07-21 16:55:42.064 [main] Log - Reading element from JSON file: rules
[INFO ] 2021-07-21 16:55:42.064 [main] Log - Clicking element: rules
[INFO ] 2021-07-21 16:55:49.112 [main] Log - Reading element from JSON file: createAddDevice
[INFO ] 2021-07-21 17:07:00.118 [main] Log - Reading element from JSON file: detailBtn
[INFO ] 2021-07-21 17:07:00.130 [main] Log - Clicking element: detailBtn
[INFO ] 2021-07-21 17:07:00.193 [main] Log - Reading element from JSON file: proceedBtn
[INFO ] 2021-07-21 17:07:00.193 [main] Log - Clicking element: proceedBtn
[INFO ] 2021-07-21 17:07:00.959 [main] Log - Reading element from JSON file: exactURL
[INFO ] 2021-07-21 17:07:00.960 [main] Log - Clicking element: exactURL
[INFO ] 2021-07-21 17:07:02.539 [main] Log - Reading element from JSON file: userName
[INFO ] 2021-07-21 17:07:02.731 [main] Log - Reading element from JSON file: password
[INFO ] 2021-07-21 17:07:02.801 [main] Log - Reading element from JSON file: detailBtn
[INFO ] 2021-07-21 17:07:02.802 [main] Log - Clicking element: detailBtn
[ERROR] 2021-07-21 17:07:12.822 [main] Log - Failed to find or click element: detailBtn
[INFO ] 2021-07-21 17:07:12.822 [main] Log - Reading element from JSON file: login
[INFO ] 2021-07-21 17:07:12.822 [main] Log - Clicking element: login
[INFO ] 2021-07-21 17:07:18.950 [main] Log - Reading element from JSON file: hamburgerProfile
[INFO ] 2021-07-21 17:07:18.951 [main] Log - Clicking element: hamburgerProfile
[INFO ] 2021-07-21 17:07:18.999 [main] Log - Reading element from JSON file: rules
[INFO ] 2021-07-21 17:07:19.000 [main] Log - Clicking element: rules
[INFO ] 2021-07-21 17:07:26.378 [main] Log - Reading element from JSON file: createAddDevice
[INFO ] 2021-07-21 17:07:26.380 [main] Log - Clicking element: createAddDevice
[INFO ] 2021-07-21 17:07:31.446 [main] Log - Reading element from JSON file: entercleanName
[INFO ] 2021-07-21 17:07:31.448 [main] Log - Clicking element: entercleanName
[INFO ] 2021-07-21 17:07:31.525 [main] Log - Reading element from JSON file: entercleanName
[INFO ] 2021-07-21 17:07:31.569 [main] Log - Reading element from JSON file: Next1
[INFO ] 2021-07-21 17:07:31.570 [main] Log - Clicking element: Next1
[INFO ] 2021-07-21 17:07:31.646 [main] Log - Reading element from JSON file: Next2
[INFO ] 2021-07-21 17:07:31.646 [main] Log - Clicking element: Next2
[INFO ] 2021-07-21 17:07:31.801 [main] Log - Reading element from JSON file: Folder
[INFO ] 2021-07-21 17:07:31.801 [main] Log - Clicking element: Folder
[INFO ] 2021-07-21 17:07:32.130 [main] Log - Reading element from JSON file: Next3
[INFO ] 2021-07-21 17:07:32.131 [main] Log - Clicking element: Next3
[INFO ] 2021-07-21 17:07:32.226 [main] Log - Reading element from JSON file: Next4
[INFO ] 2021-07-21 17:07:32.227 [main] Log - Clicking element: Next4
[INFO ] 2021-07-21 17:07:32.419 [main] Log - Reading element from JSON file: skipradioButton
[INFO ] 2021-07-21 17:07:32.420 [main] Log - Clicking element: skipradioButton
[ERROR] 2021-07-21 17:07:42.485 [main] Log - Failed to find or click element: skipradioButton
[INFO ] 2021-07-21 17:07:42.485 [main] Log - Reading element from JSON file: Next5
[INFO ] 2021-07-21 17:07:42.486 [main] Log - Clicking element: Next5
[INFO ] 2021-07-21 17:07:42.643 [main] Log - Reading element from JSON file: Skip
[INFO ] 2021-07-21 17:07:42.644 [main] Log - Clicking element: Skip
[ERROR] 2021-07-21 17:07:52.710 [main] Log - Failed to find or click element: Skip
[INFO ] 2021-07-21 17:07:52.711 [main] Log - Reading element from JSON file: Next6
[INFO ] 2021-07-21 17:07:52.711 [main] Log - Clicking element: Next6
[INFO ] 2021-07-21 17:07:52.857 [main] Log - Reading element from JSON file: Next7
[INFO ] 2021-07-21 17:07:52.858 [main] Log - Clicking element: Next7
[INFO ] 2021-07-21 17:07:52.932 [main] Log - Reading element from JSON file: Next8
[INFO ] 2021-07-21 17:07:52.932 [main] Log - Clicking element: Next8
[INFO ] 2021-07-21 17:07:53.163 [main] Log - Reading element from JSON file: Finish
[INFO ] 2021-07-21 17:07:53.164 [main] Log - Clicking element: Finish
[INFO ] 2021-07-21 17:08:06.407 [main] Log - Reading element from JSON file: detailBtn
[INFO ] 2021-07-21 17:08:06.415 [main] Log - Clicking element: detailBtn
[INFO ] 2021-07-21 17:08:06.467 [main] Log - Reading element from JSON file: proceedBtn
[INFO ] 2021-07-21 17:08:06.468 [main] Log - Clicking element: proceedBtn
[INFO ] 2021-07-21 17:08:07.322 [main] Log - Reading element from JSON file: exactURL
[INFO ] 2021-07-21 17:08:07.323 [main] Log - Clicking element: exactURL
[INFO ] 2021-07-21 17:08:09.632 [main] Log - Reading element from JSON file: userName
[INFO ] 2021-07-21 17:08:09.709 [main] Log - Reading element from JSON file: password
[INFO ] 2021-07-21 17:08:09.764 [main] Log - Reading element from JSON file: detailBtn
[INFO ] 2021-07-21 17:08:09.765 [main] Log - Clicking element: detailBtn
[ERROR] 2021-07-21 17:08:19.831 [main] Log - Failed to find or click element: detailBtn
[INFO ] 2021-07-21 17:08:19.832 [main] Log - Reading element from JSON file: login
[INFO ] 2021-07-21 17:08:19.832 [main] Log - Clicking element: login
[INFO ] 2021-07-21 17:08:25.488 [main] Log - Reading element from JSON file: hamburgerProfile
[INFO ] 2021-07-21 17:08:25.489 [main] Log - Clicking element: hamburgerProfile
[INFO ] 2021-07-21 17:08:25.544 [main] Log - Reading element from JSON file: rules
[INFO ] 2021-07-21 17:08:25.544 [main] Log - Clicking element: rules
[INFO ] 2021-07-21 17:08:32.930 [main] Log - Reading element from JSON file: createAddDevice
[INFO ] 2021-07-21 17:08:32.933 [main] Log - Clicking element: createAddDevice
[INFO ] 2021-07-21 17:08:38.011 [main] Log - Reading element from JSON file: entercleanName
[INFO ] 2021-07-21 17:08:38.011 [main] Log - Clicking element: entercleanName
[INFO ] 2021-07-21 17:08:38.088 [main] Log - Reading element from JSON file: entercleanName
[INFO ] 2021-07-21 17:08:38.132 [main] Log - Reading element from JSON file: Next1
[INFO ] 2021-07-21 17:08:38.133 [main] Log - Clicking element: Next1
[INFO ] 2021-07-21 17:08:38.209 [main] Log - Reading element from JSON file: userGroup
[INFO ] 2021-07-21 17:08:38.210 [main] Log - Clicking element: userGroup
[INFO ] 2021-07-21 17:08:38.360 [main] Log - Reading element from JSON file: Next2
[INFO ] 2021-07-21 17:08:38.361 [main] Log - Clicking element: Next2
[INFO ] 2021-07-21 17:08:38.466 [main] Log - Reading element from JSON file: usergroupText
[INFO ] 2021-07-21 17:08:38.467 [main] Log - Clicking element: usergroupText
[INFO ] 2021-07-21 17:08:38.600 [main] Log - Reading element from JSON file: usergroupText
[ERROR] 2021-07-21 17:08:48.618 [main] Log - Failed to find or click element: usergroupText
[INFO ] 2021-07-21 17:11:26.636 [main] Log - Reading element from JSON file: detailBtn
[INFO ] 2021-07-21 17:11:26.649 [main] Log - Clicking element: detailBtn
[INFO ] 2021-07-21 17:11:26.700 [main] Log - Reading element from JSON file: proceedBtn
[INFO ] 2021-07-21 17:11:26.701 [main] Log - Clicking element: proceedBtn
[INFO ] 2021-07-21 17:11:27.515 [main] Log - Reading element from JSON file: exactURL
[INFO ] 2021-07-21 17:11:27.516 [main] Log - Clicking element: exactURL
[INFO ] 2021-07-21 17:11:29.152 [main] Log - Reading element from JSON file: userName
[INFO ] 2021-07-21 17:11:29.221 [main] Log - Reading element from JSON file: password
[INFO ] 2021-07-21 17:11:29.275 [main] Log - Reading element from JSON file: detailBtn
[INFO ] 2021-07-21 17:11:29.275 [main] Log - Clicking element: detailBtn
[ERROR] 2021-07-21 17:11:39.308 [main] Log - Failed to find or click element: detailBtn
[INFO ] 2021-07-21 17:11:39.309 [main] Log - Reading element from JSON file: login
[INFO ] 2021-07-21 17:11:39.309 [main] Log - Clicking element: login
[INFO ] 2021-07-21 17:11:46.248 [main] Log - Reading element from JSON file: hamburgerProfile
[INFO ] 2021-07-21 17:11:46.249 [main] Log - Clicking element: hamburgerProfile
[INFO ] 2021-07-21 17:11:46.304 [main] Log - Reading element from JSON file: rules
[INFO ] 2021-07-21 17:11:46.305 [main] Log - Clicking element: rules
[INFO ] 2021-07-21 17:11:53.406 [main] Log - Reading element from JSON file: createAddDevice
[INFO ] 2021-07-21 17:11:53.407 [main] Log - Clicking element: createAddDevice
[INFO ] 2021-07-21 17:11:58.478 [main] Log - Reading element from JSON file: entercleanName
[INFO ] 2021-07-21 17:11:58.480 [main] Log - Clicking element: entercleanName
[INFO ] 2021-07-21 17:11:58.559 [main] Log - Reading element from JSON file: entercleanName
[INFO ] 2021-07-21 17:11:58.612 [main] Log - Reading element from JSON file: Next1
[INFO ] 2021-07-21 17:11:58.612 [main] Log - Clicking element: Next1
[INFO ] 2021-07-21 17:11:58.716 [main] Log - Reading element from JSON file: userGroup
[INFO ] 2021-07-21 17:11:58.717 [main] Log - Clicking element: userGroup
[INFO ] 2021-07-21 17:11:58.852 [main] Log - Reading element from JSON file: Next2
[INFO ] 2021-07-21 17:11:58.852 [main] Log - Clicking element: Next2
[INFO ] 2021-07-21 17:11:59.002 [main] Log - Reading element from JSON file: usergroupText
[INFO ] 2021-07-21 17:11:59.003 [main] Log - Clicking element: usergroupText
[INFO ] 2021-07-21 17:11:59.095 [main] Log - Reading element from JSON file: usergroupText
[ERROR] 2021-07-21 17:12:09.138 [main] Log - Failed to find or click element: usergroupText
[INFO ] 2021-07-21 17:16:51.777 [main] Log - Reading element from JSON file: detailBtn
[INFO ] 2021-07-21 17:16:51.788 [main] Log - Clicking element: detailBtn
[INFO ] 2021-07-21 17:16:51.833 [main] Log - Reading element from JSON file: proceedBtn
[INFO ] 2021-07-21 17:16:51.833 [main] Log - Clicking element: proceedBtn
[INFO ] 2021-07-21 17:16:52.620 [main] Log - Reading element from JSON file: exactURL
[INFO ] 2021-07-21 17:16:52.620 [main] Log - Clicking element: exactURL
[INFO ] 2021-07-21 17:16:56.340 [main] Log - Reading element from JSON file: userName
[INFO ] 2021-07-21 17:16:56.425 [main] Log - Reading element from JSON file: password
[INFO ] 2021-07-21 17:16:56.492 [main] Log - Reading element from JSON file: detailBtn
[INFO ] 2021-07-21 17:16:56.493 [main] Log - Clicking element: detailBtn
[ERROR] 2021-07-21 17:17:06.566 [main] Log - Failed to find or click element: detailBtn
[INFO ] 2021-07-21 17:17:06.566 [main] Log - Reading element from JSON file: login
[INFO ] 2021-07-21 17:17:06.567 [main] Log - Clicking element: login
[INFO ] 2021-07-21 17:17:12.061 [main] Log - Reading element from JSON file: hamburgerProfile
[INFO ] 2021-07-21 17:17:12.062 [main] Log - Clicking element: hamburgerProfile
[INFO ] 2021-07-21 17:17:12.110 [main] Log - Reading element from JSON file: rules
[INFO ] 2021-07-21 17:17:12.111 [main] Log - Clicking element: rules
[INFO ] 2021-07-21 17:17:19.269 [main] Log - Reading element from JSON file: createAddDevice
[INFO ] 2021-07-21 17:17:19.270 [main] Log - Clicking element: createAddDevice
[INFO ] 2021-07-21 17:17:24.353 [main] Log - Reading element from JSON file: entercleanName
[INFO ] 2021-07-21 17:17:24.355 [main] Log - Clicking element: entercleanName
[INFO ] 2021-07-21 17:17:24.487 [main] Log - Reading element from JSON file: entercleanName
[INFO ] 2021-07-21 17:17:24.529 [main] Log - Reading element from JSON file: Next1
[INFO ] 2021-07-21 17:17:24.530 [main] Log - Clicking element: Next1
[INFO ] 2021-07-21 17:17:24.607 [main] Log - Reading element from JSON file: userGroup
[INFO ] 2021-07-21 17:17:24.608 [main] Log - Clicking element: userGroup
[INFO ] 2021-07-21 17:17:24.749 [main] Log - Reading element from JSON file: Next2
[INFO ] 2021-07-21 17:17:24.749 [main] Log - Clicking element: Next2
[INFO ] 2021-07-21 17:17:24.852 [main] Log - Reading element from JSON file: usergroupText
[INFO ] 2021-07-21 17:17:24.853 [main] Log - Clicking element: usergroupText
[INFO ] 2021-07-21 17:17:24.940 [main] Log - Reading element from JSON file: usergroupText
[ERROR] 2021-07-21 17:17:34.980 [main] Log - Failed to find or click element: usergroupText
[INFO ] 2021-07-21 17:18:21.524 [main] Log - Reading element from JSON file: detailBtn
[INFO ] 2021-07-21 17:18:21.532 [main] Log - Clicking element: detailBtn
[INFO ] 2021-07-21 17:18:21.577 [main] Log - Reading element from JSON file: proceedBtn
[INFO ] 2021-07-21 17:18:21.577 [main] Log - Clicking element: proceedBtn
[INFO ] 2021-07-21 17:18:22.437 [main] Log - Reading element from JSON file: exactURL
[INFO ] 2021-07-21 17:18:22.438 [main] Log - Clicking element: exactURL
[INFO ] 2021-07-21 17:18:26.576 [main] Log - Reading element from JSON file: userName
[INFO ] 2021-07-21 17:18:26.642 [main] Log - Reading element from JSON file: password
[INFO ] 2021-07-21 17:18:26.697 [main] Log - Reading element from JSON file: detailBtn
[INFO ] 2021-07-21 17:18:26.698 [main] Log - Clicking element: detailBtn
[ERROR] 2021-07-21 17:18:36.733 [main] Log - Failed to find or click element: detailBtn
[INFO ] 2021-07-21 17:18:36.734 [main] Log - Reading element from JSON file: login
[INFO ] 2021-07-21 17:18:36.734 [main] Log - Clicking element: login
[INFO ] 2021-07-21 17:18:42.450 [main] Log - Reading element from JSON file: hamburgerProfile
[INFO ] 2021-07-21 17:18:42.451 [main] Log - Clicking element: hamburgerProfile
[INFO ] 2021-07-21 17:18:42.501 [main] Log - Reading element from JSON file: rules
[INFO ] 2021-07-21 17:18:42.502 [main] Log - Clicking element: rules
[INFO ] 2021-07-21 17:18:49.739 [main] Log - Reading element from JSON file: createAddDevice
[INFO ] 2021-07-21 17:18:49.742 [main] Log - Clicking element: createAddDevice
[INFO ] 2021-07-21 17:18:54.830 [main] Log - Reading element from JSON file: entercleanName
[INFO ] 2021-07-21 17:18:54.833 [main] Log - Clicking element: entercleanName
[INFO ] 2021-07-21 17:18:54.918 [main] Log - Reading element from JSON file: entercleanName
[INFO ] 2021-07-21 17:18:54.962 [main] Log - Reading element from JSON file: Next1
[INFO ] 2021-07-21 17:18:54.962 [main] Log - Clicking element: Next1
[INFO ] 2021-07-21 17:18:55.039 [main] Log - Reading element from JSON file: userGroup
[INFO ] 2021-07-21 17:18:55.040 [main] Log - Clicking element: userGroup
[INFO ] 2021-07-21 17:18:55.224 [main] Log - Reading element from JSON file: Next2
[INFO ] 2021-07-21 17:18:55.225 [main] Log - Clicking element: Next2
[INFO ] 2021-07-21 17:18:55.453 [main] Log - Reading element from JSON file: usergroupAdd
[INFO ] 2021-07-21 17:18:55.454 [main] Log - Clicking element: usergroupAdd
[INFO ] 2021-07-21 17:18:55.535 [main] Log - Reading element from JSON file: usergroupDropdown
[INFO ] 2021-07-21 17:18:55.536 [main] Log - Clicking element: usergroupDropdown
[INFO ] 2021-07-21 17:19:01.143 [main] Log - Reading element from JSON file: automationFolder
[INFO ] 2021-07-21 17:19:01.144 [main] Log - Clicking element: automationFolder
[INFO ] 2021-07-21 17:19:01.236 [main] Log - Reading element from JSON file: usergroupText
[INFO ] 2021-07-21 17:19:01.237 [main] Log - Clicking element: usergroupText
[INFO ] 2021-07-21 17:19:03.323 [main] Log - Reading element from JSON file: mgpaNext3
[INFO ] 2021-07-21 17:19:03.323 [main] Log - Clicking element: mgpaNext3
[INFO ] 2021-07-21 17:19:03.420 [main] Log - Reading element from JSON file: Next4
[INFO ] 2021-07-21 17:19:03.421 [main] Log - Clicking element: Next4
[INFO ] 2021-07-21 17:19:03.573 [main] Log - Reading element from JSON file: mgparadioButton
[INFO ] 2021-07-21 17:19:03.573 [main] Log - Clicking element: mgparadioButton
[INFO ] 2021-07-21 17:19:03.721 [main] Log - Reading element from JSON file: googleAccountDropdown
[INFO ] 2021-07-21 17:19:03.722 [main] Log - Clicking element: googleAccountDropdown
[INFO ] 2021-07-21 17:19:03.833 [main] Log - Reading element from JSON file: bindedAccount
[INFO ] 2021-07-21 17:19:03.834 [main] Log - Clicking element: bindedAccount
[ERROR] 2021-07-21 17:19:13.857 [main] Log - Failed to find or click element: bindedAccount
[INFO ] 2021-07-21 17:19:13.857 [main] Log - Reading element from JSON file: Next6
[INFO ] 2021-07-21 17:19:13.857 [main] Log - Clicking element: Next6
[INFO ] 2021-07-21 17:19:13.930 [main] Log - Reading element from JSON file: Next7
[INFO ] 2021-07-21 17:19:13.937 [main] Log - Clicking element: Next7
[ERROR] 2021-07-21 17:19:23.964 [main] Log - Failed to find or click element: Next7
[INFO ] 2021-07-21 17:19:23.964 [main] Log - Reading element from JSON file: Next8
[INFO ] 2021-07-21 17:19:23.964 [main] Log - Clicking element: Next8
[ERROR] 2021-07-21 17:19:34.020 [main] Log - Failed to find or click element: Next8
[INFO ] 2021-07-21 17:19:34.020 [main] Log - Reading element from JSON file: Finish
[INFO ] 2021-07-21 17:19:34.021 [main] Log - Clicking element: Finish
[ERROR] 2021-07-21 17:19:44.092 [main] Log - Failed to find or click element: Finish
[INFO ] 2021-07-21 17:19:50.908 [main] Log - Reading element from JSON file: detailBtn
[INFO ] 2021-07-21 17:19:50.917 [main] Log - Clicking element: detailBtn
[INFO ] 2021-07-21 17:19:50.968 [main] Log - Reading element from JSON file: proceedBtn
[INFO ] 2021-07-21 17:19:50.969 [main] Log - Clicking element: proceedBtn
[INFO ] 2021-07-21 17:19:51.840 [main] Log - Reading element from JSON file: exactURL
[INFO ] 2021-07-21 17:19:51.840 [main] Log - Clicking element: exactURL
[INFO ] 2021-07-21 17:19:53.285 [main] Log - Reading element from JSON file: userName
[INFO ] 2021-07-21 17:19:53.350 [main] Log - Reading element from JSON file: password
[INFO ] 2021-07-21 17:19:53.405 [main] Log - Reading element from JSON file: detailBtn
[INFO ] 2021-07-21 17:19:53.406 [main] Log - Clicking element: detailBtn
[ERROR] 2021-07-21 17:20:03.440 [main] Log - Failed to find or click element: detailBtn
[INFO ] 2021-07-21 17:20:03.440 [main] Log - Reading element from JSON file: login
[INFO ] 2021-07-21 17:20:03.441 [main] Log - Clicking element: login
[INFO ] 2021-07-21 17:20:03.497 [main] Log - Reading element from JSON file: hamburgerProfile
[INFO ] 2021-07-21 17:20:03.498 [main] Log - Clicking element: hamburgerProfile
[INFO ] 2021-07-21 17:20:05.772 [main] Log - Reading element from JSON file: globalSettings
[INFO ] 2021-07-21 17:20:05.773 [main] Log - Clicking element: globalSettings
[INFO ] 2021-07-21 17:20:08.086 [main] Log - Reading element from JSON file: androidEnterpriseBinding
[INFO ] 2021-07-21 17:20:08.087 [main] Log - Clicking element: androidEnterpriseBinding
[ERROR] 2021-07-21 17:20:08.138 [main] Log - Failed to find or click element: androidEnterpriseBinding
[INFO ] 2021-07-21 17:20:08.140 [main] Log - Reading element from JSON file: addGoogleDomain
[INFO ] 2021-07-21 17:20:08.141 [main] Log - Clicking element: addGoogleDomain
[ERROR] 2021-07-21 17:20:18.213 [main] Log - Failed to find or click element: addGoogleDomain
[INFO ] 2021-07-21 17:20:18.214 [main] Log - Reading element from JSON file: managedEnterprise
[INFO ] 2021-07-21 17:20:18.214 [main] Log - Clicking element: managedEnterprise
[ERROR] 2021-07-21 17:20:28.228 [main] Log - Failed to find or click element: managedEnterprise
[INFO ] 2021-07-21 17:20:28.228 [main] Log - Reading element from JSON file: meOKBtn
[INFO ] 2021-07-21 17:20:28.228 [main] Log - Clicking element: meOKBtn
[ERROR] 2021-07-21 17:20:38.269 [main] Log - Failed to find or click element: meOKBtn
[INFO ] 2021-07-21 17:21:12.173 [main] Log - Reading element from JSON file: detailBtn
[INFO ] 2021-07-21 17:21:12.181 [main] Log - Clicking element: detailBtn
[INFO ] 2021-07-21 17:21:12.228 [main] Log - Reading element from JSON file: proceedBtn
[INFO ] 2021-07-21 17:21:12.229 [main] Log - Clicking element: proceedBtn
[INFO ] 2021-07-21 17:21:13.006 [main] Log - Reading element from JSON file: exactURL
[INFO ] 2021-07-21 17:21:13.007 [main] Log - Clicking element: exactURL
[INFO ] 2021-07-21 17:21:14.487 [main] Log - Reading element from JSON file: userName
[INFO ] 2021-07-21 17:21:14.555 [main] Log - Reading element from JSON file: password
[INFO ] 2021-07-21 17:21:14.611 [main] Log - Reading element from JSON file: detailBtn
[INFO ] 2021-07-21 17:21:14.612 [main] Log - Clicking element: detailBtn
[ERROR] 2021-07-21 17:21:24.681 [main] Log - Failed to find or click element: detailBtn
[INFO ] 2021-07-21 17:21:24.681 [main] Log - Reading element from JSON file: login
[INFO ] 2021-07-21 17:21:24.681 [main] Log - Clicking element: login
[INFO ] 2021-07-21 17:21:24.742 [main] Log - Reading element from JSON file: hamburgerProfile
[INFO ] 2021-07-21 17:21:24.742 [main] Log - Clicking element: hamburgerProfile
[INFO ] 2021-07-21 17:21:29.893 [main] Log - Reading element from JSON file: globalSettings
[INFO ] 2021-07-21 17:21:29.894 [main] Log - Clicking element: globalSettings
[INFO ] 2021-07-21 17:21:31.776 [main] Log - Reading element from JSON file: androidEnterpriseBinding
[INFO ] 2021-07-21 17:21:31.777 [main] Log - Clicking element: androidEnterpriseBinding
[ERROR] 2021-07-21 17:21:31.849 [main] Log - Failed to find or click element: androidEnterpriseBinding
[INFO ] 2021-07-21 17:21:31.852 [main] Log - Reading element from JSON file: addGoogleDomain
[INFO ] 2021-07-21 17:21:31.853 [main] Log - Clicking element: addGoogleDomain
[ERROR] 2021-07-21 17:21:41.902 [main] Log - Failed to find or click element: addGoogleDomain
[INFO ] 2021-07-21 17:21:41.902 [main] Log - Reading element from JSON file: managedEnterprise
[INFO ] 2021-07-21 17:21:41.902 [main] Log - Clicking element: managedEnterprise
[ERROR] 2021-07-21 17:21:51.953 [main] Log - Failed to find or click element: managedEnterprise
[INFO ] 2021-07-21 17:21:51.953 [main] Log - Reading element from JSON file: meOKBtn
[INFO ] 2021-07-21 17:21:51.953 [main] Log - Clicking element: meOKBtn
[ERROR] 2021-07-21 17:22:02.026 [main] Log - Failed to find or click element: meOKBtn
[INFO ] 2021-07-21 17:24:52.641 [main] Log - Reading element from JSON file: detailBtn
[INFO ] 2021-07-21 17:24:52.652 [main] Log - Clicking element: detailBtn
[INFO ] 2021-07-21 17:24:52.712 [main] Log - Reading element from JSON file: proceedBtn
[INFO ] 2021-07-21 17:24:52.713 [main] Log - Clicking element: proceedBtn
[INFO ] 2021-07-21 17:24:54.085 [main] Log - Reading element from JSON file: exactURL
[INFO ] 2021-07-21 17:24:54.086 [main] Log - Clicking element: exactURL
[INFO ] 2021-07-21 17:24:58.728 [main] Log - Reading element from JSON file: userName
[INFO ] 2021-07-21 17:24:58.798 [main] Log - Reading element from JSON file: password
[INFO ] 2021-07-21 17:24:58.854 [main] Log - Reading element from JSON file: detailBtn
[INFO ] 2021-07-21 17:24:58.855 [main] Log - Clicking element: detailBtn
[ERROR] 2021-07-21 17:25:08.893 [main] Log - Failed to find or click element: detailBtn
[INFO ] 2021-07-21 17:25:08.893 [main] Log - Reading element from JSON file: login
[INFO ] 2021-07-21 17:25:08.893 [main] Log - Clicking element: login
[INFO ] 2021-07-21 17:25:08.946 [main] Log - Reading element from JSON file: hamburgerProfile
[INFO ] 2021-07-21 17:25:08.947 [main] Log - Clicking element: hamburgerProfile
[INFO ] 2021-07-21 17:25:11.105 [main] Log - Reading element from JSON file: globalSettings
[INFO ] 2021-07-21 17:25:11.106 [main] Log - Clicking element: globalSettings
[INFO ] 2021-07-21 17:25:13.280 [main] Log - Reading element from JSON file: androidEnterpriseBinding
[INFO ] 2021-07-21 17:25:13.281 [main] Log - Clicking element: androidEnterpriseBinding
[ERROR] 2021-07-21 17:25:13.351 [main] Log - Failed to find or click element: androidEnterpriseBinding
[INFO ] 2021-07-21 17:25:13.354 [main] Log - Reading element from JSON file: addGoogleDomain
[INFO ] 2021-07-21 17:25:13.355 [main] Log - Clicking element: addGoogleDomain
[ERROR] 2021-07-21 17:25:23.371 [main] Log - Failed to find or click element: addGoogleDomain
[INFO ] 2021-07-21 17:25:23.371 [main] Log - Reading element from JSON file: managedEnterprise
[INFO ] 2021-07-21 17:25:23.371 [main] Log - Clicking element: managedEnterprise
[ERROR] 2021-07-21 17:25:33.431 [main] Log - Failed to find or click element: managedEnterprise
[INFO ] 2021-07-21 17:25:33.432 [main] Log - Reading element from JSON file: meOKBtn
[INFO ] 2021-07-21 17:25:33.433 [main] Log - Clicking element: meOKBtn
[ERROR] 2021-07-21 17:25:43.486 [main] Log - Failed to find or click element: meOKBtn
[INFO ] 2021-07-21 17:28:13.626 [main] Log - Reading element from JSON file: detailBtn
[INFO ] 2021-07-21 17:28:13.638 [main] Log - Clicking element: detailBtn
[INFO ] 2021-07-21 17:28:13.705 [main] Log - Reading element from JSON file: proceedBtn
[INFO ] 2021-07-21 17:28:13.706 [main] Log - Clicking element: proceedBtn
[INFO ] 2021-07-21 17:28:14.596 [main] Log - Reading element from JSON file: exactURL
[INFO ] 2021-07-21 17:28:14.597 [main] Log - Clicking element: exactURL
[INFO ] 2021-07-21 17:28:17.881 [main] Log - Reading element from JSON file: userName
[INFO ] 2021-07-21 17:28:17.958 [main] Log - Reading element from JSON file: password
[INFO ] 2021-07-21 17:28:18.017 [main] Log - Reading element from JSON file: detailBtn
[INFO ] 2021-07-21 17:28:18.018 [main] Log - Clicking element: detailBtn
[ERROR] 2021-07-21 17:28:28.044 [main] Log - Failed to find or click element: detailBtn
[INFO ] 2021-07-21 17:28:28.045 [main] Log - Reading element from JSON file: login
[INFO ] 2021-07-21 17:28:28.045 [main] Log - Clicking element: login
[INFO ] 2021-07-21 17:28:28.106 [main] Log - Reading element from JSON file: hamburgerProfile
[INFO ] 2021-07-21 17:28:28.107 [main] Log - Clicking element: hamburgerProfile
[INFO ] 2021-07-21 17:28:30.445 [main] Log - Reading element from JSON file: globalSettings
[INFO ] 2021-07-21 17:28:30.445 [main] Log - Clicking element: globalSettings
[INFO ] 2021-07-21 17:28:32.325 [main] Log - Reading element from JSON file: androidEnterpriseBinding
[INFO ] 2021-07-21 17:28:32.327 [main] Log - Clicking element: androidEnterpriseBinding
[INFO ] 2021-07-21 17:28:32.467 [main] Log - Reading element from JSON file: addGoogleDomain
[INFO ] 2021-07-21 17:28:32.468 [main] Log - Clicking element: addGoogleDomain
[INFO ] 2021-07-21 17:28:32.604 [main] Log - Reading element from JSON file: managedEnterprise
[INFO ] 2021-07-21 17:28:32.605 [main] Log - Clicking element: managedEnterprise
[INFO ] 2021-07-21 17:28:32.692 [main] Log - Reading element from JSON file: meOKBtn
[INFO ] 2021-07-21 17:28:32.693 [main] Log - Clicking element: meOKBtn
[INFO ] 2021-07-21 17:28:36.812 [main] Log - Reading element from JSON file: signIN
[INFO ] 2021-07-21 17:28:36.814 [main] Log - Clicking element: signIN
[INFO ] 2021-07-21 17:28:39.928 [main] Log - Reading element from JSON file: googleUName
[INFO ] 2021-07-21 17:28:39.929 [main] Log - Clicking element: googleUName
[INFO ] 2021-07-21 17:28:39.986 [main] Log - Reading element from JSON file: googleUName
[INFO ] 2021-07-21 17:28:40.090 [main] Log - Reading element from JSON file: googleNext1
[INFO ] 2021-07-21 17:28:40.091 [main] Log - Clicking element: googleNext1
[INFO ] 2021-07-21 17:28:40.152 [main] Log - Reading element from JSON file: googlePass
[INFO ] 2021-07-21 17:28:40.153 [main] Log - Clicking element: googlePass
[INFO ] 2021-07-21 17:28:41.090 [main] Log - Reading element from JSON file: googlePass
[INFO ] 2021-07-21 17:28:41.180 [main] Log - Reading element from JSON file: googleNext2
[INFO ] 2021-07-21 17:28:41.181 [main] Log - Clicking element: googleNext2
[INFO ] 2021-07-21 17:28:41.235 [main] Log - Reading element from JSON file: completeSignUp
[INFO ] 2021-07-21 17:28:41.236 [main] Log - Clicking element: completeSignUp
[INFO ] 2021-07-21 17:28:42.899 [main] Log - Reading element from JSON file: reEnroll
[INFO ] 2021-07-21 17:28:42.900 [main] Log - Clicking element: reEnroll
[ERROR] 2021-07-21 17:28:52.984 [main] Log - Failed to find or click element: reEnroll
